2025-04-21 15:56:08: Init - Done Proccessing...
2025-04-21 15:56:13: Total time elapsed - 4.7939s
2025-04-21 15:56:13: Run 0 Summary - model=acmsmn, dataset=texas, variant=1, structure_info=2, fixed_splits=0, Hidden=256, layers=1, hops=3, resnet=0, layer_norm=0, att_hopwise_distinct=0, fuse_hop=mlp, normalization=softmax, online_cs=signed_cs, lambda_pen=1, lambda_2hop=0.5, threshold=0.9, comm_size=20, approach=distinct_hop, lr=0.0100, weight_decay=0.001000, dropout=0.2000, Test_Mean=0.0770, Test_Std=0.2311, runtime_average=0.20s, epoch_average=20.49ms, CommunitySearchTime=0.053705s, NMI=0.0000 (std=nan), Jaccard=0.8916 (std=nan), F1=0.9427 (std=0.0000)
2025-04-21 15:56:18: Total time elapsed - 9.3100s
2025-04-21 15:56:18: Run 1 Summary - model=acmsmn, dataset=texas, variant=1, structure_info=2, fixed_splits=0, Hidden=256, layers=1, hops=3, resnet=0, layer_norm=0, att_hopwise_distinct=0, fuse_hop=mlp, normalization=softmax, online_cs=signed_cs, lambda_pen=1, lambda_2hop=0.5, threshold=0.9, comm_size=20, approach=distinct_hop, lr=0.0100, weight_decay=0.001000, dropout=0.2000, Test_Mean=0.1557, Test_Std=0.3115, runtime_average=0.66s, epoch_average=33.34ms, CommunitySearchTime=0.053807s, NMI=0.0000 (std=0.0000), Jaccard=0.8847 (std=0.0097), F1=0.9388 (std=0.0038)
2025-04-21 15:56:22: Total time elapsed - 13.7787s
2025-04-21 15:56:22: Run 2 Summary - model=acmsmn, dataset=texas, variant=1, structure_info=2, fixed_splits=0, Hidden=256, layers=1, hops=3, resnet=0, layer_norm=0, att_hopwise_distinct=0, fuse_hop=mlp, normalization=softmax, online_cs=signed_cs, lambda_pen=1, lambda_2hop=0.5, threshold=0.9, comm_size=20, approach=distinct_hop, lr=0.0100, weight_decay=0.001000, dropout=0.2000, Test_Mean=0.2377, Test_Std=0.3633, runtime_average=1.11s, epoch_average=37.44ms, CommunitySearchTime=0.053503s, NMI=0.0000 (std=0.0000), Jaccard=0.8828 (std=0.0076), F1=0.9378 (std=0.0035)
2025-04-21 15:56:27: Total time elapsed - 18.2123s
2025-04-21 15:56:27: Run 3 Summary - model=acmsmn, dataset=texas, variant=1, structure_info=2, fixed_splits=0, Hidden=256, layers=1, hops=3, resnet=0, layer_norm=0, att_hopwise_distinct=0, fuse_hop=mlp, normalization=softmax, online_cs=signed_cs, lambda_pen=1, lambda_2hop=0.5, threshold=0.9, comm_size=20, approach=distinct_hop, lr=0.0100, weight_decay=0.001000, dropout=0.2000, Test_Mean=0.3246, Test_Std=0.3982, runtime_average=1.56s, epoch_average=39.36ms, CommunitySearchTime=0.053181s, NMI=0.0000 (std=0.0000), Jaccard=0.8879 (std=0.0120), F1=0.9406 (std=0.0058)
2025-04-21 15:56:31: Total time elapsed - 22.6958s
2025-04-21 15:56:31: Run 4 Summary - model=acmsmn, dataset=texas, variant=1, structure_info=2, fixed_splits=0, Hidden=256, layers=1, hops=3, resnet=0, layer_norm=0, att_hopwise_distinct=0, fuse_hop=mlp, normalization=softmax, online_cs=signed_cs, lambda_pen=1, lambda_2hop=0.5, threshold=0.9, comm_size=20, approach=distinct_hop, lr=0.0100, weight_decay=0.001000, dropout=0.2000, Test_Mean=0.4000, Test_Std=0.4010, runtime_average=2.00s, epoch_average=40.42ms, CommunitySearchTime=0.053233s, NMI=0.0000 (std=0.0000), Jaccard=0.8842 (std=0.0132), F1=0.9385 (std=0.0066)
2025-04-21 15:56:36: Total time elapsed - 27.1999s
2025-04-21 15:56:36: Run 5 Summary - model=acmsmn, dataset=texas, variant=1, structure_info=2, fixed_splits=0, Hidden=256, layers=1, hops=3, resnet=0, layer_norm=0, att_hopwise_distinct=0, fuse_hop=mlp, normalization=softmax, online_cs=signed_cs, lambda_pen=1, lambda_2hop=0.5, threshold=0.9, comm_size=20, approach=distinct_hop, lr=0.0100, weight_decay=0.001000, dropout=0.2000, Test_Mean=0.4738, Test_Std=0.3883, runtime_average=2.45s, epoch_average=41.23ms, CommunitySearchTime=0.053349s, NMI=0.0000 (std=0.0000), Jaccard=0.8807 (std=0.0146), F1=0.9365 (std=0.0075)
2025-04-21 15:56:40: Total time elapsed - 31.7860s
2025-04-21 15:56:40: Run 6 Summary - model=acmsmn, dataset=texas, variant=1, structure_info=2, fixed_splits=0, Hidden=256, layers=1, hops=3, resnet=0, layer_norm=0, att_hopwise_distinct=0, fuse_hop=mlp, normalization=softmax, online_cs=signed_cs, lambda_pen=1, lambda_2hop=0.5, threshold=0.9, comm_size=20, approach=distinct_hop, lr=0.0100, weight_decay=0.001000, dropout=0.2000, Test_Mean=0.5607, Test_Std=0.3693, runtime_average=2.90s, epoch_average=41.88ms, CommunitySearchTime=0.053586s, NMI=0.0000 (std=0.0000), Jaccard=0.8757 (std=0.0189), F1=0.9336 (std=0.0100)
2025-04-21 15:56:45: Total time elapsed - 36.2990s
2025-04-21 15:56:45: Run 7 Summary - model=acmsmn, dataset=texas, variant=1, structure_info=2, fixed_splits=0, Hidden=256, layers=1, hops=3, resnet=0, layer_norm=0, att_hopwise_distinct=0, fuse_hop=mlp, normalization=softmax, online_cs=signed_cs, lambda_pen=1, lambda_2hop=0.5, threshold=0.9, comm_size=20, approach=distinct_hop, lr=0.0100, weight_decay=0.001000, dropout=0.2000, Test_Mean=0.6525, Test_Std=0.3306, runtime_average=3.36s, epoch_average=42.43ms, CommunitySearchTime=0.053586s, NMI=0.0000 (std=0.0000), Jaccard=0.8761 (std=0.0175), F1=0.9339 (std=0.0093)
2025-04-21 15:56:49: Total time elapsed - 40.8067s
2025-04-21 15:56:49: Run 8 Summary - model=acmsmn, dataset=texas, variant=1, structure_info=2, fixed_splits=0, Hidden=256, layers=1, hops=3, resnet=0, layer_norm=0, att_hopwise_distinct=0, fuse_hop=mlp, normalization=softmax, online_cs=signed_cs, lambda_pen=1, lambda_2hop=0.5, threshold=0.9, comm_size=20, approach=distinct_hop, lr=0.0100, weight_decay=0.001000, dropout=0.2000, Test_Mean=0.7328, Test_Std=0.2501, runtime_average=3.81s, epoch_average=42.78ms, CommunitySearchTime=0.053572s, NMI=0.0000 (std=0.0000), Jaccard=0.8738 (std=0.0177), F1=0.9326 (std=0.0095)
2025-04-21 15:56:54: Total time elapsed - 45.2614s
2025-04-21 15:56:54: Run 9 Summary - model=acmsmn, dataset=texas, variant=1, structure_info=2, fixed_splits=0, Hidden=256, layers=1, hops=3, resnet=0, layer_norm=0, att_hopwise_distinct=0, fuse_hop=mlp, normalization=softmax, online_cs=signed_cs, lambda_pen=1, lambda_2hop=0.5, threshold=0.9, comm_size=20, approach=distinct_hop, lr=0.0100, weight_decay=0.001000, dropout=0.2000, Test_Mean=0.8180, Test_Std=0.0551, runtime_average=4.26s, epoch_average=43.06ms, CommunitySearchTime=0.053457s, NMI=0.0000 (std=0.0000), Jaccard=0.8765 (std=0.0188), F1=0.9341 (std=0.0102)
2025-04-21 15:56:58: Init - Done Proccessing...
2025-04-21 15:57:01: Total time elapsed - 2.3046s
2025-04-21 15:57:01: Run 0 Summary - model=acmsmn, dataset=texas, variant=1, structure_info=2, fixed_splits=0, Hidden=256, layers=1, hops=3, resnet=0, layer_norm=0, att_hopwise_distinct=0, fuse_hop=mlp, normalization=softmax, online_cs=bfs_teleport, lambda_pen=1, lambda_2hop=0.5, threshold=0.9, comm_size=20, approach=distinct_hop, lr=0.0100, weight_decay=0.001000, dropout=0.2000, Test_Mean=0.0770, Test_Std=0.2311, runtime_average=0.21s, epoch_average=21.35ms, CommunitySearchTime=0.002522s, NMI=0.0000 (std=nan), Jaccard=0.8588 (std=nan), F1=0.9240 (std=0.0000)
2025-04-21 15:57:03: Total time elapsed - 4.3080s
2025-04-21 15:57:03: Run 1 Summary - model=acmsmn, dataset=texas, variant=1, structure_info=2, fixed_splits=0, Hidden=256, layers=1, hops=3, resnet=0, layer_norm=0, att_hopwise_distinct=0, fuse_hop=mlp, normalization=softmax, online_cs=bfs_teleport, lambda_pen=1, lambda_2hop=0.5, threshold=0.9, comm_size=20, approach=distinct_hop, lr=0.0100, weight_decay=0.001000, dropout=0.2000, Test_Mean=0.1557, Test_Std=0.3115, runtime_average=0.42s, epoch_average=21.15ms, CommunitySearchTime=0.002332s, NMI=0.0000 (std=0.0000), Jaccard=0.8789 (std=0.0284), F1=0.9354 (std=0.0114)
2025-04-21 15:57:05: Total time elapsed - 6.3448s
2025-04-21 15:57:05: Run 2 Summary - model=acmsmn, dataset=texas, variant=1, structure_info=2, fixed_splits=0, Hidden=256, layers=1, hops=3, resnet=0, layer_norm=0, att_hopwise_distinct=0, fuse_hop=mlp, normalization=softmax, online_cs=bfs_teleport, lambda_pen=1, lambda_2hop=0.5, threshold=0.9, comm_size=20, approach=distinct_hop, lr=0.0100, weight_decay=0.001000, dropout=0.2000, Test_Mean=0.2377, Test_Std=0.3633, runtime_average=0.62s, epoch_average=20.83ms, CommunitySearchTime=0.002527s, NMI=0.0000 (std=0.0000), Jaccard=0.8738 (std=0.0220), F1=0.9325 (std=0.0102)
2025-04-21 15:57:07: Total time elapsed - 8.3751s
2025-04-21 15:57:07: Run 3 Summary - model=acmsmn, dataset=texas, variant=1, structure_info=2, fixed_splits=0, Hidden=256, layers=1, hops=3, resnet=0, layer_norm=0, att_hopwise_distinct=0, fuse_hop=mlp, normalization=softmax, online_cs=bfs_teleport, lambda_pen=1, lambda_2hop=0.5, threshold=0.9, comm_size=20, approach=distinct_hop, lr=0.0100, weight_decay=0.001000, dropout=0.2000, Test_Mean=0.3246, Test_Std=0.3982, runtime_average=0.82s, epoch_average=20.77ms, CommunitySearchTime=0.002581s, NMI=0.0000 (std=0.0000), Jaccard=0.8889 (std=0.0351), F1=0.9408 (std=0.0169)
2025-04-21 15:57:09: Total time elapsed - 10.3835s
2025-04-21 15:57:09: Run 4 Summary - model=acmsmn, dataset=texas, variant=1, structure_info=2, fixed_splits=0, Hidden=256, layers=1, hops=3, resnet=0, layer_norm=0, att_hopwise_distinct=0, fuse_hop=mlp, normalization=softmax, online_cs=bfs_teleport, lambda_pen=1, lambda_2hop=0.5, threshold=0.9, comm_size=20, approach=distinct_hop, lr=0.0100, weight_decay=0.001000, dropout=0.2000, Test_Mean=0.4000, Test_Std=0.4010, runtime_average=1.03s, epoch_average=20.71ms, CommunitySearchTime=0.002546s, NMI=0.0000 (std=0.0000), Jaccard=0.8866 (std=0.0308), F1=0.9397 (std=0.0153)
2025-04-21 15:57:11: Total time elapsed - 12.4286s
2025-04-21 15:57:11: Run 5 Summary - model=acmsmn, dataset=texas, variant=1, structure_info=2, fixed_splits=0, Hidden=256, layers=1, hops=3, resnet=0, layer_norm=0, att_hopwise_distinct=0, fuse_hop=mlp, normalization=softmax, online_cs=bfs_teleport, lambda_pen=1, lambda_2hop=0.5, threshold=0.9, comm_size=20, approach=distinct_hop, lr=0.0100, weight_decay=0.001000, dropout=0.2000, Test_Mean=0.4738, Test_Std=0.3883, runtime_average=1.23s, epoch_average=20.65ms, CommunitySearchTime=0.002618s, NMI=0.0000 (std=0.0000), Jaccard=0.8807 (std=0.0311), F1=0.9363 (std=0.0159)
2025-04-21 15:57:13: Total time elapsed - 14.4514s
2025-04-21 15:57:13: Run 6 Summary - model=acmsmn, dataset=texas, variant=1, structure_info=2, fixed_splits=0, Hidden=256, layers=1, hops=3, resnet=0, layer_norm=0, att_hopwise_distinct=0, fuse_hop=mlp, normalization=softmax, online_cs=bfs_teleport, lambda_pen=1, lambda_2hop=0.5, threshold=0.9, comm_size=20, approach=distinct_hop, lr=0.0100, weight_decay=0.001000, dropout=0.2000, Test_Mean=0.5607, Test_Std=0.3693, runtime_average=1.43s, epoch_average=20.63ms, CommunitySearchTime=0.002648s, NMI=0.0000 (std=0.0000), Jaccard=0.8808 (std=0.0284), F1=0.9364 (std=0.0147)
2025-04-21 15:57:15: Total time elapsed - 16.4536s
2025-04-21 15:57:15: Run 7 Summary - model=acmsmn, dataset=texas, variant=1, structure_info=2, fixed_splits=0, Hidden=256, layers=1, hops=3, resnet=0, layer_norm=0, att_hopwise_distinct=0, fuse_hop=mlp, normalization=softmax, online_cs=bfs_teleport, lambda_pen=1, lambda_2hop=0.5, threshold=0.9, comm_size=20, approach=distinct_hop, lr=0.0100, weight_decay=0.001000, dropout=0.2000, Test_Mean=0.6525, Test_Std=0.3306, runtime_average=1.63s, epoch_average=20.61ms, CommunitySearchTime=0.002619s, NMI=0.0000 (std=0.0000), Jaccard=0.8807 (std=0.0263), F1=0.9364 (std=0.0137)
2025-04-21 15:57:17: Total time elapsed - 18.4753s
2025-04-21 15:57:17: Run 8 Summary - model=acmsmn, dataset=texas, variant=1, structure_info=2, fixed_splits=0, Hidden=256, layers=1, hops=3, resnet=0, layer_norm=0, att_hopwise_distinct=0, fuse_hop=mlp, normalization=softmax, online_cs=bfs_teleport, lambda_pen=1, lambda_2hop=0.5, threshold=0.9, comm_size=20, approach=distinct_hop, lr=0.0100, weight_decay=0.001000, dropout=0.2000, Test_Mean=0.7328, Test_Std=0.2501, runtime_average=1.83s, epoch_average=20.55ms, CommunitySearchTime=0.002657s, NMI=0.0000 (std=0.0000), Jaccard=0.8841 (std=0.0266), F1=0.9383 (std=0.0140)
2025-04-21 15:57:18: Total time elapsed - 20.1900s
2025-04-21 15:57:18: Run 9 Summary - model=acmsmn, dataset=texas, variant=1, structure_info=2, fixed_splits=0, Hidden=256, layers=1, hops=3, resnet=0, layer_norm=0, att_hopwise_distinct=0, fuse_hop=mlp, normalization=softmax, online_cs=bfs_teleport, lambda_pen=1, lambda_2hop=0.5, threshold=0.9, comm_size=20, approach=distinct_hop, lr=0.0100, weight_decay=0.001000, dropout=0.2000, Test_Mean=0.8180, Test_Std=0.0551, runtime_average=2.00s, epoch_average=20.22ms, CommunitySearchTime=0.002705s, NMI=0.0000 (std=0.0000), Jaccard=0.8849 (std=0.0252), F1=0.9388 (std=0.0134)
