2025-03-24 10:54:17: Init - Done Proccessing...
2025-03-24 10:54:21: Total time elapsed - 3.1660s
2025-03-24 10:54:21: Run 0 Summary - model=acmsmn, dataset=cornell, variant=1.0, init_layers_X=2, structure_info=2, Hidden=256, lr=0.0500, weight_decay=0.001000, dropout=0.8000, hops=3, resnet=0.0, layer_norm=0.0, att_hopwise_distinct=0.0, fuse_hop=mlp, layers=1, Test_Mean=0.0934, Test_Std=0.2803, runtime_average=0.29s, epoch_average=29.04ms, normalization=local_w, online_cs=sub_cs, lambda_pen=0.5, lambda_2hop=0.5, threshold=0.9, comm_size=20, CommunitySearchTime=0.004680s, NMI=0.0000 (std=nan), Jaccard=0.8442 (std=nan), F1=0.9155 (std=0.0000)
2025-03-24 10:54:24: Total time elapsed - 6.0551s
2025-03-24 10:54:24: Run 1 Summary - model=acmsmn, dataset=cornell, variant=1.0, init_layers_X=2, structure_info=2, Hidden=256, lr=0.0500, weight_decay=0.001000, dropout=0.8000, hops=3, resnet=0.0, layer_norm=0.0, att_hopwise_distinct=0.0, fuse_hop=mlp, layers=1, Test_Mean=0.1836, Test_Std=0.3673, runtime_average=0.58s, epoch_average=29.39ms, normalization=local_w, online_cs=sub_cs, lambda_pen=0.5, lambda_2hop=0.5, threshold=0.9, comm_size=20, CommunitySearchTime=0.004586s, NMI=0.0000 (std=0.0000), Jaccard=0.8663 (std=0.0313), F1=0.9282 (std=0.0127)
2025-03-24 10:54:27: Total time elapsed - 8.9104s
2025-03-24 10:54:27: Run 2 Summary - model=acmsmn, dataset=cornell, variant=1.0, init_layers_X=2, structure_info=2, Hidden=256, lr=0.0500, weight_decay=0.001000, dropout=0.8000, hops=3, resnet=0.0, layer_norm=0.0, att_hopwise_distinct=0.0, fuse_hop=mlp, layers=1, Test_Mean=0.2738, Test_Std=0.4183, runtime_average=0.87s, epoch_average=29.22ms, normalization=local_w, online_cs=sub_cs, lambda_pen=0.5, lambda_2hop=0.5, threshold=0.9, comm_size=20, CommunitySearchTime=0.004524s, NMI=0.0000 (std=0.0000), Jaccard=0.8579 (std=0.0265), F1=0.9234 (std=0.0124)
2025-03-24 10:54:29: Total time elapsed - 11.7651s
2025-03-24 10:54:29: Run 3 Summary - model=acmsmn, dataset=cornell, variant=1.0, init_layers_X=2, structure_info=2, Hidden=256, lr=0.0500, weight_decay=0.001000, dropout=0.8000, hops=3, resnet=0.0, layer_norm=0.0, att_hopwise_distinct=0.0, fuse_hop=mlp, layers=1, Test_Mean=0.3672, Test_Std=0.4499, runtime_average=1.15s, epoch_average=29.12ms, normalization=local_w, online_cs=sub_cs, lambda_pen=0.5, lambda_2hop=0.5, threshold=0.9, comm_size=20, CommunitySearchTime=0.004501s, NMI=0.0000 (std=0.0000), Jaccard=0.8618 (std=0.0230), F1=0.9257 (std=0.0115)
2025-03-24 10:54:32: Total time elapsed - 14.6732s
2025-03-24 10:54:32: Run 4 Summary - model=acmsmn, dataset=cornell, variant=1.0, init_layers_X=2, structure_info=2, Hidden=256, lr=0.0500, weight_decay=0.001000, dropout=0.8000, hops=3, resnet=0.0, layer_norm=0.0, att_hopwise_distinct=0.0, fuse_hop=mlp, layers=1, Test_Mean=0.4525, Test_Std=0.4530, runtime_average=1.44s, epoch_average=29.09ms, normalization=local_w, online_cs=sub_cs, lambda_pen=0.5, lambda_2hop=0.5, threshold=0.9, comm_size=20, CommunitySearchTime=0.004643s, NMI=0.0000 (std=0.0000), Jaccard=0.8552 (std=0.0249), F1=0.9218 (std=0.0129)
2025-03-24 10:54:35: Total time elapsed - 17.5241s
2025-03-24 10:54:35: Run 5 Summary - model=acmsmn, dataset=cornell, variant=1.0, init_layers_X=2, structure_info=2, Hidden=256, lr=0.0500, weight_decay=0.001000, dropout=0.8000, hops=3, resnet=0.0, layer_norm=0.0, att_hopwise_distinct=0.0, fuse_hop=mlp, layers=1, Test_Mean=0.5361, Test_Std=0.4387, runtime_average=1.73s, epoch_average=29.09ms, normalization=local_w, online_cs=sub_cs, lambda_pen=0.5, lambda_2hop=0.5, threshold=0.9, comm_size=20, CommunitySearchTime=0.004641s, NMI=0.0000 (std=0.0000), Jaccard=0.8410 (std=0.0411), F1=0.9132 (std=0.0225)
2025-03-24 10:54:38: Total time elapsed - 20.3825s
2025-03-24 10:54:38: Run 6 Summary - model=acmsmn, dataset=cornell, variant=1.0, init_layers_X=2, structure_info=2, Hidden=256, lr=0.0500, weight_decay=0.001000, dropout=0.8000, hops=3, resnet=0.0, layer_norm=0.0, att_hopwise_distinct=0.0, fuse_hop=mlp, layers=1, Test_Mean=0.6262, Test_Std=0.4110, runtime_average=2.02s, epoch_average=29.11ms, normalization=local_w, online_cs=sub_cs, lambda_pen=0.5, lambda_2hop=0.5, threshold=0.9, comm_size=20, CommunitySearchTime=0.004552s, NMI=0.0000 (std=0.0000), Jaccard=0.8451 (std=0.0390), F1=0.9156 (std=0.0216)
2025-03-24 10:54:41: Total time elapsed - 23.2840s
2025-03-24 10:54:41: Run 7 Summary - model=acmsmn, dataset=cornell, variant=1.0, init_layers_X=2, structure_info=2, Hidden=256, lr=0.0500, weight_decay=0.001000, dropout=0.8000, hops=3, resnet=0.0, layer_norm=0.0, att_hopwise_distinct=0.0, fuse_hop=mlp, layers=1, Test_Mean=0.7148, Test_Std=0.3586, runtime_average=2.30s, epoch_average=29.10ms, normalization=local_w, online_cs=sub_cs, lambda_pen=0.5, lambda_2hop=0.5, threshold=0.9, comm_size=20, CommunitySearchTime=0.004544s, NMI=0.0000 (std=0.0000), Jaccard=0.8507 (std=0.0394), F1=0.9189 (std=0.0220)
2025-03-24 10:54:44: Total time elapsed - 26.1083s
2025-03-24 10:54:44: Run 8 Summary - model=acmsmn, dataset=cornell, variant=1.0, init_layers_X=2, structure_info=2, Hidden=256, lr=0.0500, weight_decay=0.001000, dropout=0.8000, hops=3, resnet=0.0, layer_norm=0.0, att_hopwise_distinct=0.0, fuse_hop=mlp, layers=1, Test_Mean=0.7934, Test_Std=0.2680, runtime_average=2.59s, epoch_average=29.05ms, normalization=local_w, online_cs=sub_cs, lambda_pen=0.5, lambda_2hop=0.5, threshold=0.9, comm_size=20, CommunitySearchTime=0.004505s, NMI=0.0000 (std=0.0000), Jaccard=0.8511 (std=0.0369), F1=0.9192 (std=0.0207)
2025-03-24 10:54:47: Total time elapsed - 29.0122s
2025-03-24 10:54:47: Run 9 Summary - model=acmsmn, dataset=cornell, variant=1.0, init_layers_X=2, structure_info=2, Hidden=256, lr=0.0500, weight_decay=0.001000, dropout=0.8000, hops=3, resnet=0.0, layer_norm=0.0, att_hopwise_distinct=0.0, fuse_hop=mlp, layers=1, Test_Mean=0.8852, Test_Std=0.0446, runtime_average=2.88s, epoch_average=29.07ms, normalization=local_w, online_cs=sub_cs, lambda_pen=0.5, lambda_2hop=0.5, threshold=0.9, comm_size=20, CommunitySearchTime=0.004498s, NMI=0.0000 (std=0.0000), Jaccard=0.8470 (std=0.0371), F1=0.9168 (std=0.0209)
2025-03-24 10:54:50: Init - Done Proccessing...
2025-03-24 10:54:54: Total time elapsed - 2.8827s
2025-03-24 10:54:54: Run 0 Summary - model=acmsmn, dataset=wisconsin, variant=0.0, init_layers_X=2, structure_info=0, Hidden=256, lr=0.0050, weight_decay=0.001000, dropout=0.0000, hops=3, resnet=0.0, layer_norm=0.0, att_hopwise_distinct=0.0, fuse_hop=mlp, layers=1, Test_Mean=0.0813, Test_Std=0.2437, runtime_average=0.26s, epoch_average=26.14ms, normalization=local_w, online_cs=sub_cs, lambda_pen=0.5, lambda_2hop=0.5, threshold=0.9, comm_size=20, CommunitySearchTime=0.005117s, NMI=0.0000 (std=nan), Jaccard=0.9189 (std=nan), F1=0.9578 (std=0.0000)
2025-03-24 10:54:57: Total time elapsed - 5.5359s
2025-03-24 10:54:57: Run 1 Summary - model=acmsmn, dataset=wisconsin, variant=0.0, init_layers_X=2, structure_info=0, Hidden=256, lr=0.0050, weight_decay=0.001000, dropout=0.0000, hops=3, resnet=0.0, layer_norm=0.0, att_hopwise_distinct=0.0, fuse_hop=mlp, layers=1, Test_Mean=0.1712, Test_Std=0.3431, runtime_average=0.53s, epoch_average=26.61ms, normalization=local_w, online_cs=sub_cs, lambda_pen=0.5, lambda_2hop=0.5, threshold=0.9, comm_size=20, CommunitySearchTime=0.005132s, NMI=0.0000 (std=0.0000), Jaccard=0.9568 (std=0.0536), F1=0.9776 (std=0.0198)
2025-03-24 10:54:59: Total time elapsed - 8.2177s
2025-03-24 10:54:59: Run 2 Summary - model=acmsmn, dataset=wisconsin, variant=0.0, init_layers_X=2, structure_info=0, Hidden=256, lr=0.0050, weight_decay=0.001000, dropout=0.0000, hops=3, resnet=0.0, layer_norm=0.0, att_hopwise_distinct=0.0, fuse_hop=mlp, layers=1, Test_Mean=0.2625, Test_Std=0.4017, runtime_average=0.79s, epoch_average=26.75ms, normalization=local_w, online_cs=sub_cs, lambda_pen=0.5, lambda_2hop=0.5, threshold=0.9, comm_size=20, CommunitySearchTime=0.005173s, NMI=0.0000 (std=0.0000), Jaccard=0.9701 (std=0.0444), F1=0.9845 (std=0.0189)
2025-03-24 10:55:02: Total time elapsed - 10.9181s
2025-03-24 10:55:02: Run 3 Summary - model=acmsmn, dataset=wisconsin, variant=0.0, init_layers_X=2, structure_info=0, Hidden=256, lr=0.0050, weight_decay=0.001000, dropout=0.0000, hops=3, resnet=0.0, layer_norm=0.0, att_hopwise_distinct=0.0, fuse_hop=mlp, layers=1, Test_Mean=0.3500, Test_Std=0.4294, runtime_average=1.06s, epoch_average=26.83ms, normalization=local_w, online_cs=sub_cs, lambda_pen=0.5, lambda_2hop=0.5, threshold=0.9, comm_size=20, CommunitySearchTime=0.005297s, NMI=0.0000 (std=0.0000), Jaccard=0.9752 (std=0.0376), F1=0.9872 (std=0.0170)
2025-03-24 10:55:05: Total time elapsed - 13.5946s
2025-03-24 10:55:05: Run 4 Summary - model=acmsmn, dataset=wisconsin, variant=0.0, init_layers_X=2, structure_info=0, Hidden=256, lr=0.0050, weight_decay=0.001000, dropout=0.0000, hops=3, resnet=0.0, layer_norm=0.0, att_hopwise_distinct=0.0, fuse_hop=mlp, layers=1, Test_Mean=0.4375, Test_Std=0.4382, runtime_average=1.33s, epoch_average=26.95ms, normalization=local_w, online_cs=sub_cs, lambda_pen=0.5, lambda_2hop=0.5, threshold=0.9, comm_size=20, CommunitySearchTime=0.005217s, NMI=0.0000 (std=0.0000), Jaccard=0.9724 (std=0.0332), F1=0.9858 (std=0.0155)
2025-03-24 10:55:07: Total time elapsed - 16.2444s
2025-03-24 10:55:07: Run 5 Summary - model=acmsmn, dataset=wisconsin, variant=0.0, init_layers_X=2, structure_info=0, Hidden=256, lr=0.0050, weight_decay=0.001000, dropout=0.0000, hops=3, resnet=0.0, layer_norm=0.0, att_hopwise_distinct=0.0, fuse_hop=mlp, layers=1, Test_Mean=0.5237, Test_Std=0.4283, runtime_average=1.60s, epoch_average=26.94ms, normalization=local_w, online_cs=sub_cs, lambda_pen=0.5, lambda_2hop=0.5, threshold=0.9, comm_size=20, CommunitySearchTime=0.005121s, NMI=0.0000 (std=0.0000), Jaccard=0.9658 (std=0.0339), F1=0.9823 (std=0.0161)
2025-03-24 10:55:10: Total time elapsed - 18.9232s
2025-03-24 10:55:10: Run 6 Summary - model=acmsmn, dataset=wisconsin, variant=0.0, init_layers_X=2, structure_info=0, Hidden=256, lr=0.0050, weight_decay=0.001000, dropout=0.0000, hops=3, resnet=0.0, layer_norm=0.0, att_hopwise_distinct=0.0, fuse_hop=mlp, layers=1, Test_Mean=0.6112, Test_Std=0.4009, runtime_average=1.86s, epoch_average=26.91ms, normalization=local_w, online_cs=sub_cs, lambda_pen=0.5, lambda_2hop=0.5, threshold=0.9, comm_size=20, CommunitySearchTime=0.005144s, NMI=0.0000 (std=0.0000), Jaccard=0.9672 (std=0.0311), F1=0.9831 (std=0.0150)
2025-03-24 10:55:13: Total time elapsed - 21.6329s
2025-03-24 10:55:13: Run 7 Summary - model=acmsmn, dataset=wisconsin, variant=0.0, init_layers_X=2, structure_info=0, Hidden=256, lr=0.0050, weight_decay=0.001000, dropout=0.0000, hops=3, resnet=0.0, layer_norm=0.0, att_hopwise_distinct=0.0, fuse_hop=mlp, layers=1, Test_Mean=0.6987, Test_Std=0.3502, runtime_average=2.13s, epoch_average=26.95ms, normalization=local_w, online_cs=sub_cs, lambda_pen=0.5, lambda_2hop=0.5, threshold=0.9, comm_size=20, CommunitySearchTime=0.005193s, NMI=0.0000 (std=0.0000), Jaccard=0.9592 (std=0.0366), F1=0.9788 (std=0.0180)
2025-03-24 10:55:15: Total time elapsed - 24.3188s
2025-03-24 10:55:15: Run 8 Summary - model=acmsmn, dataset=wisconsin, variant=0.0, init_layers_X=2, structure_info=0, Hidden=256, lr=0.0050, weight_decay=0.001000, dropout=0.0000, hops=3, resnet=0.0, layer_norm=0.0, att_hopwise_distinct=0.0, fuse_hop=mlp, layers=1, Test_Mean=0.7838, Test_Std=0.2625, runtime_average=2.40s, epoch_average=26.99ms, normalization=local_w, online_cs=sub_cs, lambda_pen=0.5, lambda_2hop=0.5, threshold=0.9, comm_size=20, CommunitySearchTime=0.005203s, NMI=0.0000 (std=0.0000), Jaccard=0.9557 (std=0.0359), F1=0.9770 (std=0.0177)
2025-03-24 10:55:18: Total time elapsed - 27.0225s
2025-03-24 10:55:18: Run 9 Summary - model=acmsmn, dataset=wisconsin, variant=0.0, init_layers_X=2, structure_info=0, Hidden=256, lr=0.0050, weight_decay=0.001000, dropout=0.0000, hops=3, resnet=0.0, layer_norm=0.0, att_hopwise_distinct=0.0, fuse_hop=mlp, layers=1, Test_Mean=0.8713, Test_Std=0.0256, runtime_average=2.67s, epoch_average=27.00ms, normalization=local_w, online_cs=sub_cs, lambda_pen=0.5, lambda_2hop=0.5, threshold=0.9, comm_size=20, CommunitySearchTime=0.005247s, NMI=0.0000 (std=0.0000), Jaccard=0.9537 (std=0.0344), F1=0.9760 (std=0.0171)
