2025-04-21 14:48:06: Init - Done Proccessing...
2025-04-21 14:48:12: Total time elapsed - 4.8077s
2025-04-21 14:48:12: Run 0 Summary - model=acmsmn, dataset=cornell, variant=1, structure_info=2, fixed_splits=0, Hidden=256, layers=1, hops=3, resnet=0, layer_norm=0, att_hopwise_distinct=1.0, fuse_hop=mlp, normalization=softmax, online_cs=signed_cs, lambda_pen=1, lambda_2hop=0.5, threshold=0.9, comm_size=20, approach=distinct_hop, lr=0.0100, weight_decay=0.001000, dropout=0.2000, Test_Mean=0.0803, Test_Std=0.2410, runtime_average=0.20s, epoch_average=20.53ms, CommunitySearchTime=0.053905s, NMI=0.0000 (std=nan), Jaccard=0.8811 (std=nan), F1=0.9368 (std=0.0000)
2025-04-21 14:48:16: Total time elapsed - 9.3257s
2025-04-21 14:48:16: Run 1 Summary - model=acmsmn, dataset=cornell, variant=1, structure_info=2, fixed_splits=0, Hidden=256, layers=1, hops=3, resnet=0, layer_norm=0, att_hopwise_distinct=1.0, fuse_hop=mlp, normalization=softmax, online_cs=signed_cs, lambda_pen=1, lambda_2hop=0.5, threshold=0.9, comm_size=20, approach=distinct_hop, lr=0.0100, weight_decay=0.001000, dropout=0.2000, Test_Mean=0.1557, Test_Std=0.3117, runtime_average=0.66s, epoch_average=33.30ms, CommunitySearchTime=0.054128s, NMI=0.0000 (std=0.0000), Jaccard=0.8784 (std=0.0037), F1=0.9353 (std=0.0015)
2025-04-21 14:48:21: Total time elapsed - 13.7512s
2025-04-21 14:48:21: Run 2 Summary - model=acmsmn, dataset=cornell, variant=1, structure_info=2, fixed_splits=0, Hidden=256, layers=1, hops=3, resnet=0, layer_norm=0, att_hopwise_distinct=1.0, fuse_hop=mlp, normalization=softmax, online_cs=signed_cs, lambda_pen=1, lambda_2hop=0.5, threshold=0.9, comm_size=20, approach=distinct_hop, lr=0.0100, weight_decay=0.001000, dropout=0.2000, Test_Mean=0.2426, Test_Std=0.3715, runtime_average=1.11s, epoch_average=37.40ms, CommunitySearchTime=0.053626s, NMI=0.0000 (std=0.0000), Jaccard=0.8741 (std=0.0080), F1=0.9328 (std=0.0037)
2025-04-21 14:48:25: Total time elapsed - 18.1732s
2025-04-21 14:48:25: Run 3 Summary - model=acmsmn, dataset=cornell, variant=1, structure_info=2, fixed_splits=0, Hidden=256, layers=1, hops=3, resnet=0, layer_norm=0, att_hopwise_distinct=1.0, fuse_hop=mlp, normalization=softmax, online_cs=signed_cs, lambda_pen=1, lambda_2hop=0.5, threshold=0.9, comm_size=20, approach=distinct_hop, lr=0.0100, weight_decay=0.001000, dropout=0.2000, Test_Mean=0.3213, Test_Std=0.3944, runtime_average=1.55s, epoch_average=39.20ms, CommunitySearchTime=0.053402s, NMI=0.0000 (std=0.0000), Jaccard=0.8811 (std=0.0155), F1=0.9367 (std=0.0075)
2025-04-21 14:48:30: Total time elapsed - 22.6921s
2025-04-21 14:48:30: Run 4 Summary - model=acmsmn, dataset=cornell, variant=1, structure_info=2, fixed_splits=0, Hidden=256, layers=1, hops=3, resnet=0, layer_norm=0, att_hopwise_distinct=1.0, fuse_hop=mlp, normalization=softmax, online_cs=signed_cs, lambda_pen=1, lambda_2hop=0.5, threshold=0.9, comm_size=20, approach=distinct_hop, lr=0.0100, weight_decay=0.001000, dropout=0.2000, Test_Mean=0.4016, Test_Std=0.4025, runtime_average=2.00s, epoch_average=40.32ms, CommunitySearchTime=0.053605s, NMI=0.0000 (std=0.0000), Jaccard=0.8796 (std=0.0138), F1=0.9359 (std=0.0069)
2025-04-21 14:48:34: Total time elapsed - 27.1750s
2025-04-21 14:48:34: Run 5 Summary - model=acmsmn, dataset=cornell, variant=1, structure_info=2, fixed_splits=0, Hidden=256, layers=1, hops=3, resnet=0, layer_norm=0, att_hopwise_distinct=1.0, fuse_hop=mlp, normalization=softmax, online_cs=signed_cs, lambda_pen=1, lambda_2hop=0.5, threshold=0.9, comm_size=20, approach=distinct_hop, lr=0.0100, weight_decay=0.001000, dropout=0.2000, Test_Mean=0.4787, Test_Std=0.3919, runtime_average=2.45s, epoch_average=41.19ms, CommunitySearchTime=0.053655s, NMI=0.0000 (std=0.0000), Jaccard=0.8786 (std=0.0126), F1=0.9354 (std=0.0064)
2025-04-21 14:48:39: Total time elapsed - 31.7256s
2025-04-21 14:48:39: Run 6 Summary - model=acmsmn, dataset=cornell, variant=1, structure_info=2, fixed_splits=0, Hidden=256, layers=1, hops=3, resnet=0, layer_norm=0, att_hopwise_distinct=1.0, fuse_hop=mlp, normalization=softmax, online_cs=signed_cs, lambda_pen=1, lambda_2hop=0.5, threshold=0.9, comm_size=20, approach=distinct_hop, lr=0.0100, weight_decay=0.001000, dropout=0.2000, Test_Mean=0.5656, Test_Std=0.3719, runtime_average=2.90s, epoch_average=41.78ms, CommunitySearchTime=0.053883s, NMI=0.0000 (std=0.0000), Jaccard=0.8758 (std=0.0137), F1=0.9337 (std=0.0072)
2025-04-21 14:48:43: Total time elapsed - 36.2173s
2025-04-21 14:48:43: Run 7 Summary - model=acmsmn, dataset=cornell, variant=1, structure_info=2, fixed_splits=0, Hidden=256, layers=1, hops=3, resnet=0, layer_norm=0, att_hopwise_distinct=1.0, fuse_hop=mlp, normalization=softmax, online_cs=signed_cs, lambda_pen=1, lambda_2hop=0.5, threshold=0.9, comm_size=20, approach=distinct_hop, lr=0.0100, weight_decay=0.001000, dropout=0.2000, Test_Mean=0.6557, Test_Std=0.3309, runtime_average=3.35s, epoch_average=42.30ms, CommunitySearchTime=0.053902s, NMI=0.0000 (std=0.0000), Jaccard=0.8759 (std=0.0127), F1=0.9338 (std=0.0067)
2025-04-21 14:48:48: Total time elapsed - 40.7021s
2025-04-21 14:48:48: Run 8 Summary - model=acmsmn, dataset=cornell, variant=1, structure_info=2, fixed_splits=0, Hidden=256, layers=1, hops=3, resnet=0, layer_norm=0, att_hopwise_distinct=1.0, fuse_hop=mlp, normalization=softmax, online_cs=signed_cs, lambda_pen=1, lambda_2hop=0.5, threshold=0.9, comm_size=20, approach=distinct_hop, lr=0.0100, weight_decay=0.001000, dropout=0.2000, Test_Mean=0.7377, Test_Std=0.2499, runtime_average=3.80s, epoch_average=42.63ms, CommunitySearchTime=0.053923s, NMI=0.0000 (std=0.0000), Jaccard=0.8747 (std=0.0124), F1=0.9332 (std=0.0066)
2025-04-21 14:48:52: Total time elapsed - 45.1365s
2025-04-21 14:48:52: Run 9 Summary - model=acmsmn, dataset=cornell, variant=1, structure_info=2, fixed_splits=0, Hidden=256, layers=1, hops=3, resnet=0, layer_norm=0, att_hopwise_distinct=1.0, fuse_hop=mlp, normalization=softmax, online_cs=signed_cs, lambda_pen=1, lambda_2hop=0.5, threshold=0.9, comm_size=20, approach=distinct_hop, lr=0.0100, weight_decay=0.001000, dropout=0.2000, Test_Mean=0.8148, Test_Std=0.0470, runtime_average=4.25s, epoch_average=42.91ms, CommunitySearchTime=0.053814s, NMI=0.0000 (std=0.0000), Jaccard=0.8791 (std=0.0180), F1=0.9356 (std=0.0095)
2025-04-21 14:48:56: Init - Done Proccessing...
2025-04-21 14:49:01: Total time elapsed - 4.7402s
2025-04-21 14:49:01: Run 0 Summary - model=acmsmn, dataset=wisconsin, variant=1, structure_info=2, fixed_splits=0.0, Hidden=256, layers=1, hops=3, resnet=0, layer_norm=0, att_hopwise_distinct=0, fuse_hop=mlp, normalization=softmax, online_cs=signed_cs, lambda_pen=1, lambda_2hop=0.5, threshold=0.9, comm_size=20, approach=distinct_hop, lr=0.0100, weight_decay=0.001000, dropout=0.2000, Test_Mean=0.0913, Test_Std=0.2737, runtime_average=0.20s, epoch_average=20.35ms, CommunitySearchTime=0.052919s, NMI=0.0000 (std=nan), Jaccard=0.9295 (std=nan), F1=0.9634 (std=0.0000)
2025-04-21 14:49:06: Total time elapsed - 9.2277s
2025-04-21 14:49:06: Run 1 Summary - model=acmsmn, dataset=wisconsin, variant=1, structure_info=2, fixed_splits=0.0, Hidden=256, layers=1, hops=3, resnet=0, layer_norm=0, att_hopwise_distinct=0, fuse_hop=mlp, normalization=softmax, online_cs=signed_cs, lambda_pen=1, lambda_2hop=0.5, threshold=0.9, comm_size=20, approach=distinct_hop, lr=0.0100, weight_decay=0.001000, dropout=0.2000, Test_Mean=0.1725, Test_Std=0.3457, runtime_average=0.65s, epoch_average=32.93ms, CommunitySearchTime=0.053404s, NMI=0.0000 (std=0.0000), Jaccard=0.9163 (std=0.0186), F1=0.9563 (std=0.0071)
2025-04-21 14:49:10: Total time elapsed - 13.6976s
2025-04-21 14:49:10: Run 2 Summary - model=acmsmn, dataset=wisconsin, variant=1, structure_info=2, fixed_splits=0.0, Hidden=256, layers=1, hops=3, resnet=0, layer_norm=0, att_hopwise_distinct=0, fuse_hop=mlp, normalization=softmax, online_cs=signed_cs, lambda_pen=1, lambda_2hop=0.5, threshold=0.9, comm_size=20, approach=distinct_hop, lr=0.0100, weight_decay=0.001000, dropout=0.2000, Test_Mean=0.2588, Test_Std=0.3959, runtime_average=1.10s, epoch_average=37.00ms, CommunitySearchTime=0.053573s, NMI=0.0000 (std=0.0000), Jaccard=0.9260 (std=0.0213), F1=0.9615 (std=0.0094)
2025-04-21 14:49:15: Total time elapsed - 18.1225s
2025-04-21 14:49:15: Run 3 Summary - model=acmsmn, dataset=wisconsin, variant=1, structure_info=2, fixed_splits=0.0, Hidden=256, layers=1, hops=3, resnet=0, layer_norm=0, att_hopwise_distinct=0, fuse_hop=mlp, normalization=softmax, online_cs=signed_cs, lambda_pen=1, lambda_2hop=0.5, threshold=0.9, comm_size=20, approach=distinct_hop, lr=0.0100, weight_decay=0.001000, dropout=0.2000, Test_Mean=0.3500, Test_Std=0.4295, runtime_average=1.55s, epoch_average=39.04ms, CommunitySearchTime=0.053433s, NMI=0.0000 (std=0.0000), Jaccard=0.9332 (std=0.0225), F1=0.9653 (std=0.0105)
2025-04-21 14:49:19: Total time elapsed - 22.5432s
2025-04-21 14:49:19: Run 4 Summary - model=acmsmn, dataset=wisconsin, variant=1, structure_info=2, fixed_splits=0.0, Hidden=256, layers=1, hops=3, resnet=0, layer_norm=0, att_hopwise_distinct=0, fuse_hop=mlp, normalization=softmax, online_cs=signed_cs, lambda_pen=1, lambda_2hop=0.5, threshold=0.9, comm_size=20, approach=distinct_hop, lr=0.0100, weight_decay=0.001000, dropout=0.2000, Test_Mean=0.4425, Test_Std=0.4435, runtime_average=1.99s, epoch_average=40.17ms, CommunitySearchTime=0.053327s, NMI=0.0000 (std=0.0000), Jaccard=0.9278 (std=0.0229), F1=0.9624 (std=0.0110)
2025-04-21 14:49:24: Total time elapsed - 27.0160s
2025-04-21 14:49:24: Run 5 Summary - model=acmsmn, dataset=wisconsin, variant=1, structure_info=2, fixed_splits=0.0, Hidden=256, layers=1, hops=3, resnet=0, layer_norm=0, att_hopwise_distinct=0, fuse_hop=mlp, normalization=softmax, online_cs=signed_cs, lambda_pen=1, lambda_2hop=0.5, threshold=0.9, comm_size=20, approach=distinct_hop, lr=0.0100, weight_decay=0.001000, dropout=0.2000, Test_Mean=0.5237, Test_Std=0.4292, runtime_average=2.43s, epoch_average=40.92ms, CommunitySearchTime=0.053427s, NMI=0.0000 (std=0.0000), Jaccard=0.9097 (std=0.0490), F1=0.9521 (std=0.0252)
2025-04-21 14:49:28: Total time elapsed - 31.4605s
2025-04-21 14:49:28: Run 6 Summary - model=acmsmn, dataset=wisconsin, variant=1, structure_info=2, fixed_splits=0.0, Hidden=256, layers=1, hops=3, resnet=0, layer_norm=0, att_hopwise_distinct=0, fuse_hop=mlp, normalization=softmax, online_cs=signed_cs, lambda_pen=1, lambda_2hop=0.5, threshold=0.9, comm_size=20, approach=distinct_hop, lr=0.0100, weight_decay=0.001000, dropout=0.2000, Test_Mean=0.6125, Test_Std=0.4026, runtime_average=2.88s, epoch_average=41.53ms, CommunitySearchTime=0.053409s, NMI=0.0000 (std=0.0000), Jaccard=0.9137 (std=0.0459), F1=0.9544 (std=0.0240)
2025-04-21 14:49:32: Total time elapsed - 35.8687s
2025-04-21 14:49:32: Run 7 Summary - model=acmsmn, dataset=wisconsin, variant=1, structure_info=2, fixed_splits=0.0, Hidden=256, layers=1, hops=3, resnet=0, layer_norm=0, att_hopwise_distinct=0, fuse_hop=mlp, normalization=softmax, online_cs=signed_cs, lambda_pen=1, lambda_2hop=0.5, threshold=0.9, comm_size=20, approach=distinct_hop, lr=0.0100, weight_decay=0.001000, dropout=0.2000, Test_Mean=0.7013, Test_Std=0.3526, runtime_average=3.32s, epoch_average=41.94ms, CommunitySearchTime=0.053335s, NMI=0.0000 (std=0.0000), Jaccard=0.9130 (std=0.0426), F1=0.9541 (std=0.0224)
2025-04-21 14:49:37: Total time elapsed - 40.2925s
2025-04-21 14:49:37: Run 8 Summary - model=acmsmn, dataset=wisconsin, variant=1, structure_info=2, fixed_splits=0.0, Hidden=256, layers=1, hops=3, resnet=0, layer_norm=0, att_hopwise_distinct=0, fuse_hop=mlp, normalization=softmax, online_cs=signed_cs, lambda_pen=1, lambda_2hop=0.5, threshold=0.9, comm_size=20, approach=distinct_hop, lr=0.0100, weight_decay=0.001000, dropout=0.2000, Test_Mean=0.7850, Test_Std=0.2645, runtime_average=3.76s, epoch_average=42.23ms, CommunitySearchTime=0.053314s, NMI=0.0000 (std=0.0000), Jaccard=0.9064 (std=0.0445), F1=0.9504 (std=0.0235)
2025-04-21 14:49:41: Total time elapsed - 44.7253s
2025-04-21 14:49:41: Run 9 Summary - model=acmsmn, dataset=wisconsin, variant=1, structure_info=2, fixed_splits=0.0, Hidden=256, layers=1, hops=3, resnet=0, layer_norm=0, att_hopwise_distinct=0, fuse_hop=mlp, normalization=softmax, online_cs=signed_cs, lambda_pen=1, lambda_2hop=0.5, threshold=0.9, comm_size=20, approach=distinct_hop, lr=0.0100, weight_decay=0.001000, dropout=0.2000, Test_Mean=0.8650, Test_Std=0.0443, runtime_average=4.21s, epoch_average=42.48ms, CommunitySearchTime=0.053307s, NMI=0.0000 (std=0.0000), Jaccard=0.9014 (std=0.0449), F1=0.9476 (std=0.0239)
