2025-03-24 12:13:12: Init - Done Proccessing...
2025-03-24 12:13:16: Total time elapsed - 3.1451s
2025-03-24 12:13:16: Run 0 Summary - model=acmsmn, dataset=wisconsin, variant=1.0, init_layers_X=2, structure_info=2, Hidden=256, lr=0.0500, weight_decay=0.001000, dropout=0.8000, hops=3, resnet=0.0, layer_norm=0.0, att_hopwise_distinct=0.0, fuse_hop=mlp, layers=1, Test_Mean=0.0850, Test_Std=0.2550, runtime_average=0.28s, epoch_average=28.40ms, normalization=local_w, online_cs=sub_cs, lambda_pen=0.5, lambda_2hop=0.5, threshold=0.9, comm_size=20, CommunitySearchTime=0.005520s, NMI=0.0000 (std=nan), Jaccard=0.8600 (std=nan), F1=0.9247 (std=0.0000)
2025-03-24 12:13:19: Total time elapsed - 6.0156s
2025-03-24 12:13:19: Run 1 Summary - model=acmsmn, dataset=wisconsin, variant=1.0, init_layers_X=2, structure_info=2, Hidden=256, lr=0.0500, weight_decay=0.001000, dropout=0.8000, hops=3, resnet=0.0, layer_norm=0.0, att_hopwise_distinct=0.0, fuse_hop=mlp, layers=1, Test_Mean=0.1838, Test_Std=0.3688, runtime_average=0.58s, epoch_average=29.14ms, normalization=local_w, online_cs=sub_cs, lambda_pen=0.5, lambda_2hop=0.5, threshold=0.9, comm_size=20, CommunitySearchTime=0.005099s, NMI=0.0000 (std=0.0000), Jaccard=0.9037 (std=0.0618), F1=0.9488 (std=0.0242)
2025-03-24 12:13:22: Total time elapsed - 8.8844s
2025-03-24 12:13:22: Run 2 Summary - model=acmsmn, dataset=wisconsin, variant=1.0, init_layers_X=2, structure_info=2, Hidden=256, lr=0.0500, weight_decay=0.001000, dropout=0.8000, hops=3, resnet=0.0, layer_norm=0.0, att_hopwise_distinct=0.0, fuse_hop=mlp, layers=1, Test_Mean=0.2825, Test_Std=0.4330, runtime_average=0.86s, epoch_average=29.08ms, normalization=local_w, online_cs=sub_cs, lambda_pen=0.5, lambda_2hop=0.5, threshold=0.9, comm_size=20, CommunitySearchTime=0.004984s, NMI=0.0000 (std=0.0000), Jaccard=0.8912 (std=0.0487), F1=0.9420 (std=0.0219)
2025-03-24 12:13:25: Total time elapsed - 11.7084s
2025-03-24 12:13:25: Run 3 Summary - model=acmsmn, dataset=wisconsin, variant=1.0, init_layers_X=2, structure_info=2, Hidden=256, lr=0.0500, weight_decay=0.001000, dropout=0.8000, hops=3, resnet=0.0, layer_norm=0.0, att_hopwise_distinct=0.0, fuse_hop=mlp, layers=1, Test_Mean=0.3750, Test_Std=0.4607, runtime_average=1.15s, epoch_average=29.07ms, normalization=local_w, online_cs=sub_cs, lambda_pen=0.5, lambda_2hop=0.5, threshold=0.9, comm_size=20, CommunitySearchTime=0.004673s, NMI=0.0000 (std=0.0000), Jaccard=0.9079 (std=0.0519), F1=0.9511 (std=0.0247)
2025-03-24 12:13:27: Total time elapsed - 14.5693s
2025-03-24 12:13:27: Run 4 Summary - model=acmsmn, dataset=wisconsin, variant=1.0, init_layers_X=2, structure_info=2, Hidden=256, lr=0.0500, weight_decay=0.001000, dropout=0.8000, hops=3, resnet=0.0, layer_norm=0.0, att_hopwise_distinct=0.0, fuse_hop=mlp, layers=1, Test_Mean=0.4700, Test_Std=0.4714, runtime_average=1.43s, epoch_average=28.98ms, normalization=local_w, online_cs=sub_cs, lambda_pen=0.5, lambda_2hop=0.5, threshold=0.9, comm_size=20, CommunitySearchTime=0.004586s, NMI=0.0000 (std=0.0000), Jaccard=0.9072 (std=0.0450), F1=0.9509 (std=0.0221)
2025-03-24 12:13:30: Total time elapsed - 17.4146s
2025-03-24 12:13:30: Run 5 Summary - model=acmsmn, dataset=wisconsin, variant=1.0, init_layers_X=2, structure_info=2, Hidden=256, lr=0.0500, weight_decay=0.001000, dropout=0.8000, hops=3, resnet=0.0, layer_norm=0.0, att_hopwise_distinct=0.0, fuse_hop=mlp, layers=1, Test_Mean=0.5625, Test_Std=0.4607, runtime_average=1.72s, epoch_average=28.96ms, normalization=local_w, online_cs=sub_cs, lambda_pen=0.5, lambda_2hop=0.5, threshold=0.9, comm_size=20, CommunitySearchTime=0.004480s, NMI=0.0000 (std=0.0000), Jaccard=0.9011 (std=0.0429), F1=0.9475 (std=0.0215)
2025-03-24 12:13:33: Total time elapsed - 20.2250s
2025-03-24 12:13:33: Run 6 Summary - model=acmsmn, dataset=wisconsin, variant=1.0, init_layers_X=2, structure_info=2, Hidden=256, lr=0.0500, weight_decay=0.001000, dropout=0.8000, hops=3, resnet=0.0, layer_norm=0.0, att_hopwise_distinct=0.0, fuse_hop=mlp, layers=1, Test_Mean=0.6562, Test_Std=0.4311, runtime_average=2.00s, epoch_average=28.87ms, normalization=local_w, online_cs=sub_cs, lambda_pen=0.5, lambda_2hop=0.5, threshold=0.9, comm_size=20, CommunitySearchTime=0.004424s, NMI=0.0000 (std=0.0000), Jaccard=0.9036 (std=0.0398), F1=0.9490 (std=0.0202)
2025-03-24 12:13:36: Total time elapsed - 23.0901s
2025-03-24 12:13:36: Run 7 Summary - model=acmsmn, dataset=wisconsin, variant=1.0, init_layers_X=2, structure_info=2, Hidden=256, lr=0.0500, weight_decay=0.001000, dropout=0.8000, hops=3, resnet=0.0, layer_norm=0.0, att_hopwise_distinct=0.0, fuse_hop=mlp, layers=1, Test_Mean=0.7512, Test_Std=0.3774, runtime_average=2.28s, epoch_average=28.85ms, normalization=local_w, online_cs=sub_cs, lambda_pen=0.5, lambda_2hop=0.5, threshold=0.9, comm_size=20, CommunitySearchTime=0.004446s, NMI=0.0000 (std=0.0000), Jaccard=0.8918 (std=0.0496), F1=0.9422 (std=0.0261)
2025-03-24 12:13:39: Total time elapsed - 25.9669s
2025-03-24 12:13:39: Run 8 Summary - model=acmsmn, dataset=wisconsin, variant=1.0, init_layers_X=2, structure_info=2, Hidden=256, lr=0.0500, weight_decay=0.001000, dropout=0.8000, hops=3, resnet=0.0, layer_norm=0.0, att_hopwise_distinct=0.0, fuse_hop=mlp, layers=1, Test_Mean=0.8425, Test_Std=0.2833, runtime_average=2.57s, epoch_average=28.87ms, normalization=local_w, online_cs=sub_cs, lambda_pen=0.5, lambda_2hop=0.5, threshold=0.9, comm_size=20, CommunitySearchTime=0.004472s, NMI=0.0000 (std=0.0000), Jaccard=0.8860 (std=0.0497), F1=0.9389 (std=0.0263)
2025-03-24 12:13:42: Total time elapsed - 28.8548s
2025-03-24 12:13:42: Run 9 Summary - model=acmsmn, dataset=wisconsin, variant=1.0, init_layers_X=2, structure_info=2, Hidden=256, lr=0.0500, weight_decay=0.001000, dropout=0.8000, hops=3, resnet=0.0, layer_norm=0.0, att_hopwise_distinct=0.0, fuse_hop=mlp, layers=1, Test_Mean=0.9375, Test_Std=0.0375, runtime_average=2.86s, epoch_average=28.89ms, normalization=local_w, online_cs=sub_cs, lambda_pen=0.5, lambda_2hop=0.5, threshold=0.9, comm_size=20, CommunitySearchTime=0.004504s, NMI=0.0000 (std=0.0000), Jaccard=0.8885 (std=0.0475), F1=0.9404 (std=0.0254)
2025-03-24 12:13:46: Init - Done Proccessing...
2025-03-24 12:13:50: Total time elapsed - 2.9371s
2025-03-24 12:13:50: Run 0 Summary - model=acmsmn, dataset=texas, variant=0.0, init_layers_X=2, structure_info=0, Hidden=256, lr=0.0050, weight_decay=0.001000, dropout=0.0000, hops=3, resnet=0.0, layer_norm=0.0, att_hopwise_distinct=0.0, fuse_hop=mlp, layers=1, Test_Mean=0.0885, Test_Std=0.2656, runtime_average=0.26s, epoch_average=26.36ms, normalization=local_w, online_cs=sub_cs, lambda_pen=0.5, lambda_2hop=0.5, threshold=0.9, comm_size=20, CommunitySearchTime=0.005447s, NMI=0.0000 (std=nan), Jaccard=0.8737 (std=nan), F1=0.9326 (std=0.0000)
2025-03-24 12:13:53: Total time elapsed - 5.6038s
2025-03-24 12:13:53: Run 1 Summary - model=acmsmn, dataset=texas, variant=0.0, init_layers_X=2, structure_info=0, Hidden=256, lr=0.0050, weight_decay=0.001000, dropout=0.0000, hops=3, resnet=0.0, layer_norm=0.0, att_hopwise_distinct=0.0, fuse_hop=mlp, layers=1, Test_Mean=0.1672, Test_Std=0.3351, runtime_average=0.53s, epoch_average=26.90ms, normalization=local_w, online_cs=sub_cs, lambda_pen=0.5, lambda_2hop=0.5, threshold=0.9, comm_size=20, CommunitySearchTime=0.005395s, NMI=0.0000 (std=0.0000), Jaccard=0.9132 (std=0.0558), F1=0.9542 (std=0.0216)
2025-03-24 12:13:55: Total time elapsed - 8.2562s
2025-03-24 12:13:55: Run 2 Summary - model=acmsmn, dataset=texas, variant=0.0, init_layers_X=2, structure_info=0, Hidden=256, lr=0.0050, weight_decay=0.001000, dropout=0.0000, hops=3, resnet=0.0, layer_norm=0.0, att_hopwise_distinct=0.0, fuse_hop=mlp, layers=1, Test_Mean=0.2508, Test_Std=0.3838, runtime_average=0.80s, epoch_average=26.94ms, normalization=local_w, online_cs=sub_cs, lambda_pen=0.5, lambda_2hop=0.5, threshold=0.9, comm_size=20, CommunitySearchTime=0.005219s, NMI=0.0000 (std=0.0000), Jaccard=0.9158 (std=0.0397), F1=0.9557 (std=0.0177)
2025-03-24 12:13:58: Total time elapsed - 10.9352s
2025-03-24 12:13:58: Run 3 Summary - model=acmsmn, dataset=texas, variant=0.0, init_layers_X=2, structure_info=0, Hidden=256, lr=0.0050, weight_decay=0.001000, dropout=0.0000, hops=3, resnet=0.0, layer_norm=0.0, att_hopwise_distinct=0.0, fuse_hop=mlp, layers=1, Test_Mean=0.3443, Test_Std=0.4231, runtime_average=1.07s, epoch_average=26.93ms, normalization=local_w, online_cs=sub_cs, lambda_pen=0.5, lambda_2hop=0.5, threshold=0.9, comm_size=20, CommunitySearchTime=0.005213s, NMI=0.0000 (std=0.0000), Jaccard=0.9313 (std=0.0449), F1=0.9640 (std=0.0210)
2025-03-24 12:14:01: Total time elapsed - 13.6170s
2025-03-24 12:14:01: Run 4 Summary - model=acmsmn, dataset=texas, variant=0.0, init_layers_X=2, structure_info=0, Hidden=256, lr=0.0050, weight_decay=0.001000, dropout=0.0000, hops=3, resnet=0.0, layer_norm=0.0, att_hopwise_distinct=0.0, fuse_hop=mlp, layers=1, Test_Mean=0.4262, Test_Std=0.4278, runtime_average=1.33s, epoch_average=26.95ms, normalization=local_w, online_cs=sub_cs, lambda_pen=0.5, lambda_2hop=0.5, threshold=0.9, comm_size=20, CommunitySearchTime=0.005232s, NMI=0.0000 (std=0.0000), Jaccard=0.9291 (std=0.0392), F1=0.9629 (std=0.0189)
2025-03-24 12:14:03: Total time elapsed - 16.2947s
2025-03-24 12:14:03: Run 5 Summary - model=acmsmn, dataset=texas, variant=0.0, init_layers_X=2, structure_info=0, Hidden=256, lr=0.0050, weight_decay=0.001000, dropout=0.0000, hops=3, resnet=0.0, layer_norm=0.0, att_hopwise_distinct=0.0, fuse_hop=mlp, layers=1, Test_Mean=0.5082, Test_Std=0.4167, runtime_average=1.60s, epoch_average=26.97ms, normalization=local_w, online_cs=sub_cs, lambda_pen=0.5, lambda_2hop=0.5, threshold=0.9, comm_size=20, CommunitySearchTime=0.005247s, NMI=0.0000 (std=0.0000), Jaccard=0.9291 (std=0.0351), F1=0.9630 (std=0.0173)
2025-03-24 12:14:06: Total time elapsed - 18.9716s
2025-03-24 12:14:06: Run 6 Summary - model=acmsmn, dataset=texas, variant=0.0, init_layers_X=2, structure_info=0, Hidden=256, lr=0.0050, weight_decay=0.001000, dropout=0.0000, hops=3, resnet=0.0, layer_norm=0.0, att_hopwise_distinct=0.0, fuse_hop=mlp, layers=1, Test_Mean=0.5967, Test_Std=0.3926, runtime_average=1.87s, epoch_average=27.00ms, normalization=local_w, online_cs=sub_cs, lambda_pen=0.5, lambda_2hop=0.5, threshold=0.9, comm_size=20, CommunitySearchTime=0.005218s, NMI=0.0000 (std=0.0000), Jaccard=0.9307 (std=0.0323), F1=0.9638 (std=0.0161)
2025-03-24 12:14:09: Total time elapsed - 21.6547s
2025-03-24 12:14:09: Run 7 Summary - model=acmsmn, dataset=texas, variant=0.0, init_layers_X=2, structure_info=0, Hidden=256, lr=0.0050, weight_decay=0.001000, dropout=0.0000, hops=3, resnet=0.0, layer_norm=0.0, att_hopwise_distinct=0.0, fuse_hop=mlp, layers=1, Test_Mean=0.6836, Test_Std=0.3441, runtime_average=2.14s, epoch_average=27.00ms, normalization=local_w, online_cs=sub_cs, lambda_pen=0.5, lambda_2hop=0.5, threshold=0.9, comm_size=20, CommunitySearchTime=0.005223s, NMI=0.0000 (std=0.0000), Jaccard=0.9305 (std=0.0299), F1=0.9638 (std=0.0151)
2025-03-24 12:14:11: Total time elapsed - 24.3494s
2025-03-24 12:14:11: Run 8 Summary - model=acmsmn, dataset=texas, variant=0.0, init_layers_X=2, structure_info=0, Hidden=256, lr=0.0050, weight_decay=0.001000, dropout=0.0000, hops=3, resnet=0.0, layer_norm=0.0, att_hopwise_distinct=0.0, fuse_hop=mlp, layers=1, Test_Mean=0.7607, Test_Std=0.2579, runtime_average=2.41s, epoch_average=27.02ms, normalization=local_w, online_cs=sub_cs, lambda_pen=0.5, lambda_2hop=0.5, threshold=0.9, comm_size=20, CommunitySearchTime=0.005230s, NMI=0.0000 (std=0.0000), Jaccard=0.9297 (std=0.0281), F1=0.9634 (std=0.0143)
2025-03-24 12:14:14: Total time elapsed - 27.0235s
2025-03-24 12:14:14: Run 9 Summary - model=acmsmn, dataset=texas, variant=0.0, init_layers_X=2, structure_info=0, Hidden=256, lr=0.0050, weight_decay=0.001000, dropout=0.0000, hops=3, resnet=0.0, layer_norm=0.0, att_hopwise_distinct=0.0, fuse_hop=mlp, layers=1, Test_Mean=0.8443, Test_Std=0.0471, runtime_average=2.68s, epoch_average=27.02ms, normalization=local_w, online_cs=sub_cs, lambda_pen=0.5, lambda_2hop=0.5, threshold=0.9, comm_size=20, CommunitySearchTime=0.005225s, NMI=0.0000 (std=0.0000), Jaccard=0.9301 (std=0.0265), F1=0.9636 (std=0.0136)
