2025-04-21 20:21:10: Init - Done Proccessing...
2025-04-21 20:21:15: Total time elapsed - 4.7338s
2025-04-21 20:21:15: Run 0 Summary - model=acmsmn, dataset=cora, variant=1, structure_info=2, fixed_splits=0, Hidden=256, layers=1, hops=3, resnet=0, layer_norm=0, att_hopwise_distinct=0, fuse_hop=mlp, normalization=softmax, online_cs=signed_cs, lambda_pen=1, lambda_2hop=0.5, threshold=0.2, comm_size=20, approach=distinct_hop, lr=0.0100, weight_decay=0.001000, dropout=0.2000, Test_Mean=0.0700, Test_Std=0.2099, runtime_average=0.21s, epoch_average=21.08ms, CommunitySearchTime=0.051388s, NMI=0.0000 (std=nan), Jaccard=0.7200 (std=nan), F1=0.8372 (std=0.0000)
2025-04-21 20:21:20: Total time elapsed - 9.1888s
2025-04-21 20:21:20: Run 1 Summary - model=acmsmn, dataset=cora, variant=1, structure_info=2, fixed_splits=0, Hidden=256, layers=1, hops=3, resnet=0, layer_norm=0, att_hopwise_distinct=0, fuse_hop=mlp, normalization=softmax, online_cs=signed_cs, lambda_pen=1, lambda_2hop=0.5, threshold=0.2, comm_size=20, approach=distinct_hop, lr=0.0100, weight_decay=0.001000, dropout=0.2000, Test_Mean=0.1417, Test_Std=0.2834, runtime_average=0.66s, epoch_average=33.13ms, CommunitySearchTime=0.051856s, NMI=0.0000 (std=0.0000), Jaccard=0.6905 (std=0.0416), F1=0.8166 (std=0.0207)
2025-04-21 20:21:24: Total time elapsed - 13.6320s
2025-04-21 20:21:24: Run 2 Summary - model=acmsmn, dataset=cora, variant=1, structure_info=2, fixed_splits=0, Hidden=256, layers=1, hops=3, resnet=0, layer_norm=0, att_hopwise_distinct=0, fuse_hop=mlp, normalization=softmax, online_cs=signed_cs, lambda_pen=1, lambda_2hop=0.5, threshold=0.2, comm_size=20, approach=distinct_hop, lr=0.0100, weight_decay=0.001000, dropout=0.2000, Test_Mean=0.2218, Test_Std=0.3397, runtime_average=1.10s, epoch_average=37.13ms, CommunitySearchTime=0.051836s, NMI=0.0000 (std=0.0000), Jaccard=0.7035 (std=0.0371), F1=0.8256 (std=0.0211)
2025-04-21 20:21:29: Total time elapsed - 18.0861s
2025-04-21 20:21:29: Run 3 Summary - model=acmsmn, dataset=cora, variant=1, structure_info=2, fixed_splits=0, Hidden=256, layers=1, hops=3, resnet=0, layer_norm=0, att_hopwise_distinct=0, fuse_hop=mlp, normalization=softmax, online_cs=signed_cs, lambda_pen=1, lambda_2hop=0.5, threshold=0.2, comm_size=20, approach=distinct_hop, lr=0.0100, weight_decay=0.001000, dropout=0.2000, Test_Mean=0.2984, Test_Std=0.3663, runtime_average=1.55s, epoch_average=39.07ms, CommunitySearchTime=0.051868s, NMI=0.0000 (std=0.0000), Jaccard=0.7171 (std=0.0407), F1=0.8347 (std=0.0243)
2025-04-21 20:21:33: Total time elapsed - 22.5414s
2025-04-21 20:21:33: Run 4 Summary - model=acmsmn, dataset=cora, variant=1, structure_info=2, fixed_splits=0, Hidden=256, layers=1, hops=3, resnet=0, layer_norm=0, att_hopwise_distinct=0, fuse_hop=mlp, normalization=softmax, online_cs=signed_cs, lambda_pen=1, lambda_2hop=0.5, threshold=0.2, comm_size=20, approach=distinct_hop, lr=0.0100, weight_decay=0.001000, dropout=0.2000, Test_Mean=0.3690, Test_Std=0.3700, runtime_average=1.99s, epoch_average=40.26ms, CommunitySearchTime=0.051885s, NMI=0.0000 (std=0.0000), Jaccard=0.7025 (std=0.0480), F1=0.8245 (std=0.0298)
2025-04-21 20:21:38: Total time elapsed - 26.9783s
2025-04-21 20:21:38: Run 5 Summary - model=acmsmn, dataset=cora, variant=1, structure_info=2, fixed_splits=0, Hidden=256, layers=1, hops=3, resnet=0, layer_norm=0, att_hopwise_distinct=0, fuse_hop=mlp, normalization=softmax, online_cs=signed_cs, lambda_pen=1, lambda_2hop=0.5, threshold=0.2, comm_size=20, approach=distinct_hop, lr=0.0100, weight_decay=0.001000, dropout=0.2000, Test_Mean=0.4438, Test_Std=0.3635, runtime_average=2.44s, epoch_average=41.04ms, CommunitySearchTime=0.051868s, NMI=0.0000 (std=0.0000), Jaccard=0.6997 (std=0.0435), F1=0.8226 (std=0.0275)
2025-04-21 20:21:42: Total time elapsed - 31.4177s
2025-04-21 20:21:42: Run 6 Summary - model=acmsmn, dataset=cora, variant=1, structure_info=2, fixed_splits=0, Hidden=256, layers=1, hops=3, resnet=0, layer_norm=0, att_hopwise_distinct=0, fuse_hop=mlp, normalization=softmax, online_cs=signed_cs, lambda_pen=1, lambda_2hop=0.5, threshold=0.2, comm_size=20, approach=distinct_hop, lr=0.0100, weight_decay=0.001000, dropout=0.2000, Test_Mean=0.5174, Test_Std=0.3399, runtime_average=2.88s, epoch_average=41.58ms, CommunitySearchTime=0.051854s, NMI=0.0000 (std=0.0000), Jaccard=0.6790 (std=0.0677), F1=0.8071 (std=0.0459)
2025-04-21 20:21:46: Total time elapsed - 35.8720s
2025-04-21 20:21:46: Run 7 Summary - model=acmsmn, dataset=cora, variant=1, structure_info=2, fixed_splits=0, Hidden=256, layers=1, hops=3, resnet=0, layer_norm=0, att_hopwise_distinct=0, fuse_hop=mlp, normalization=softmax, online_cs=signed_cs, lambda_pen=1, lambda_2hop=0.5, threshold=0.2, comm_size=20, approach=distinct_hop, lr=0.0100, weight_decay=0.001000, dropout=0.2000, Test_Mean=0.5920, Test_Std=0.2973, runtime_average=3.32s, epoch_average=41.97ms, CommunitySearchTime=0.051915s, NMI=0.0000 (std=0.0000), Jaccard=0.6803 (std=0.0628), F1=0.8082 (std=0.0430)
2025-04-21 20:21:51: Total time elapsed - 40.3269s
2025-04-21 20:21:51: Run 8 Summary - model=acmsmn, dataset=cora, variant=1, structure_info=2, fixed_splits=0, Hidden=256, layers=1, hops=3, resnet=0, layer_norm=0, att_hopwise_distinct=0, fuse_hop=mlp, normalization=softmax, online_cs=signed_cs, lambda_pen=1, lambda_2hop=0.5, threshold=0.2, comm_size=20, approach=distinct_hop, lr=0.0100, weight_decay=0.001000, dropout=0.2000, Test_Mean=0.6668, Test_Std=0.2240, runtime_average=3.77s, epoch_average=42.33ms, CommunitySearchTime=0.051929s, NMI=0.0000 (std=0.0000), Jaccard=0.6807 (std=0.0587), F1=0.8087 (std=0.0406)
2025-04-21 20:21:55: Total time elapsed - 44.7752s
2025-04-21 20:21:55: Run 9 Summary - model=acmsmn, dataset=cora, variant=1, structure_info=2, fixed_splits=0, Hidden=256, layers=1, hops=3, resnet=0, layer_norm=0, att_hopwise_distinct=0, fuse_hop=mlp, normalization=softmax, online_cs=signed_cs, lambda_pen=1, lambda_2hop=0.5, threshold=0.2, comm_size=20, approach=distinct_hop, lr=0.0100, weight_decay=0.001000, dropout=0.2000, Test_Mean=0.7420, Test_Std=0.0283, runtime_average=4.22s, epoch_average=42.59ms, CommunitySearchTime=0.051939s, NMI=0.0000 (std=0.0000), Jaccard=0.6806 (std=0.0554), F1=0.8088 (std=0.0385)
2025-04-21 20:21:59: Init - Done Proccessing...
2025-04-21 20:22:05: Total time elapsed - 4.7731s
2025-04-21 20:22:05: Run 0 Summary - model=acmsmn, dataset=cora, variant=1, structure_info=2, fixed_splits=0, Hidden=256, layers=1, hops=3, resnet=0, layer_norm=0, att_hopwise_distinct=0.0, fuse_hop=mlp, normalization=softmax, online_cs=signed_cs, lambda_pen=1, lambda_2hop=0.5, threshold=0.9, comm_size=20, approach=distinct_hop, lr=0.0100, weight_decay=0.001000, dropout=0.2000, Test_Mean=0.0700, Test_Std=0.2099, runtime_average=0.21s, epoch_average=21.18ms, CommunitySearchTime=0.052010s, NMI=0.0000 (std=nan), Jaccard=0.7200 (std=nan), F1=0.8372 (std=0.0000)
2025-04-21 20:22:09: Total time elapsed - 9.2788s
2025-04-21 20:22:09: Run 1 Summary - model=acmsmn, dataset=cora, variant=1, structure_info=2, fixed_splits=0, Hidden=256, layers=1, hops=3, resnet=0, layer_norm=0, att_hopwise_distinct=0.0, fuse_hop=mlp, normalization=softmax, online_cs=signed_cs, lambda_pen=1, lambda_2hop=0.5, threshold=0.9, comm_size=20, approach=distinct_hop, lr=0.0100, weight_decay=0.001000, dropout=0.2000, Test_Mean=0.1417, Test_Std=0.2834, runtime_average=0.66s, epoch_average=33.40ms, CommunitySearchTime=0.052538s, NMI=0.0000 (std=0.0000), Jaccard=0.6905 (std=0.0416), F1=0.8166 (std=0.0207)
2025-04-21 20:22:14: Total time elapsed - 13.7512s
2025-04-21 20:22:14: Run 2 Summary - model=acmsmn, dataset=cora, variant=1, structure_info=2, fixed_splits=0, Hidden=256, layers=1, hops=3, resnet=0, layer_norm=0, att_hopwise_distinct=0.0, fuse_hop=mlp, normalization=softmax, online_cs=signed_cs, lambda_pen=1, lambda_2hop=0.5, threshold=0.9, comm_size=20, approach=distinct_hop, lr=0.0100, weight_decay=0.001000, dropout=0.2000, Test_Mean=0.2218, Test_Std=0.3397, runtime_average=1.11s, epoch_average=37.48ms, CommunitySearchTime=0.052399s, NMI=0.0000 (std=0.0000), Jaccard=0.7035 (std=0.0371), F1=0.8256 (std=0.0211)
2025-04-21 20:22:18: Total time elapsed - 18.2249s
2025-04-21 20:22:18: Run 3 Summary - model=acmsmn, dataset=cora, variant=1, structure_info=2, fixed_splits=0, Hidden=256, layers=1, hops=3, resnet=0, layer_norm=0, att_hopwise_distinct=0.0, fuse_hop=mlp, normalization=softmax, online_cs=signed_cs, lambda_pen=1, lambda_2hop=0.5, threshold=0.9, comm_size=20, approach=distinct_hop, lr=0.0100, weight_decay=0.001000, dropout=0.2000, Test_Mean=0.2984, Test_Std=0.3663, runtime_average=1.56s, epoch_average=39.40ms, CommunitySearchTime=0.052341s, NMI=0.0000 (std=0.0000), Jaccard=0.7171 (std=0.0407), F1=0.8347 (std=0.0243)
2025-04-21 20:22:22: Total time elapsed - 22.6901s
2025-04-21 20:22:22: Run 4 Summary - model=acmsmn, dataset=cora, variant=1, structure_info=2, fixed_splits=0, Hidden=256, layers=1, hops=3, resnet=0, layer_norm=0, att_hopwise_distinct=0.0, fuse_hop=mlp, normalization=softmax, online_cs=signed_cs, lambda_pen=1, lambda_2hop=0.5, threshold=0.9, comm_size=20, approach=distinct_hop, lr=0.0100, weight_decay=0.001000, dropout=0.2000, Test_Mean=0.3690, Test_Std=0.3700, runtime_average=2.01s, epoch_average=40.54ms, CommunitySearchTime=0.052310s, NMI=0.0000 (std=0.0000), Jaccard=0.7025 (std=0.0480), F1=0.8245 (std=0.0298)
2025-04-21 20:22:27: Total time elapsed - 27.1581s
2025-04-21 20:22:27: Run 5 Summary - model=acmsmn, dataset=cora, variant=1, structure_info=2, fixed_splits=0, Hidden=256, layers=1, hops=3, resnet=0, layer_norm=0, att_hopwise_distinct=0.0, fuse_hop=mlp, normalization=softmax, online_cs=signed_cs, lambda_pen=1, lambda_2hop=0.5, threshold=0.9, comm_size=20, approach=distinct_hop, lr=0.0100, weight_decay=0.001000, dropout=0.2000, Test_Mean=0.4438, Test_Std=0.3635, runtime_average=2.45s, epoch_average=41.31ms, CommunitySearchTime=0.052275s, NMI=0.0000 (std=0.0000), Jaccard=0.6997 (std=0.0435), F1=0.8226 (std=0.0275)
2025-04-21 20:22:31: Total time elapsed - 31.6238s
2025-04-21 20:22:31: Run 6 Summary - model=acmsmn, dataset=cora, variant=1, structure_info=2, fixed_splits=0, Hidden=256, layers=1, hops=3, resnet=0, layer_norm=0, att_hopwise_distinct=0.0, fuse_hop=mlp, normalization=softmax, online_cs=signed_cs, lambda_pen=1, lambda_2hop=0.5, threshold=0.9, comm_size=20, approach=distinct_hop, lr=0.0100, weight_decay=0.001000, dropout=0.2000, Test_Mean=0.5174, Test_Std=0.3399, runtime_average=2.90s, epoch_average=41.86ms, CommunitySearchTime=0.052247s, NMI=0.0000 (std=0.0000), Jaccard=0.6790 (std=0.0677), F1=0.8071 (std=0.0459)
2025-04-21 20:22:36: Total time elapsed - 36.0836s
2025-04-21 20:22:36: Run 7 Summary - model=acmsmn, dataset=cora, variant=1, structure_info=2, fixed_splits=0, Hidden=256, layers=1, hops=3, resnet=0, layer_norm=0, att_hopwise_distinct=0.0, fuse_hop=mlp, normalization=softmax, online_cs=signed_cs, lambda_pen=1, lambda_2hop=0.5, threshold=0.9, comm_size=20, approach=distinct_hop, lr=0.0100, weight_decay=0.001000, dropout=0.2000, Test_Mean=0.5920, Test_Std=0.2973, runtime_average=3.35s, epoch_average=42.25ms, CommunitySearchTime=0.052227s, NMI=0.0000 (std=0.0000), Jaccard=0.6803 (std=0.0628), F1=0.8082 (std=0.0430)
2025-04-21 20:22:40: Total time elapsed - 40.5440s
2025-04-21 20:22:40: Run 8 Summary - model=acmsmn, dataset=cora, variant=1, structure_info=2, fixed_splits=0, Hidden=256, layers=1, hops=3, resnet=0, layer_norm=0, att_hopwise_distinct=0.0, fuse_hop=mlp, normalization=softmax, online_cs=signed_cs, lambda_pen=1, lambda_2hop=0.5, threshold=0.9, comm_size=20, approach=distinct_hop, lr=0.0100, weight_decay=0.001000, dropout=0.2000, Test_Mean=0.6668, Test_Std=0.2240, runtime_average=3.79s, epoch_average=42.57ms, CommunitySearchTime=0.052210s, NMI=0.0000 (std=0.0000), Jaccard=0.6807 (std=0.0587), F1=0.8087 (std=0.0406)
2025-04-21 20:22:45: Total time elapsed - 44.8584s
2025-04-21 20:22:45: Run 9 Summary - model=acmsmn, dataset=cora, variant=1, structure_info=2, fixed_splits=0, Hidden=256, layers=1, hops=3, resnet=0, layer_norm=0, att_hopwise_distinct=0.0, fuse_hop=mlp, normalization=softmax, online_cs=signed_cs, lambda_pen=1, lambda_2hop=0.5, threshold=0.9, comm_size=20, approach=distinct_hop, lr=0.0100, weight_decay=0.001000, dropout=0.2000, Test_Mean=0.7420, Test_Std=0.0283, runtime_average=4.24s, epoch_average=42.80ms, CommunitySearchTime=0.051936s, NMI=0.0000 (std=0.0000), Jaccard=0.6806 (std=0.0554), F1=0.8088 (std=0.0385)
