2025-04-22 05:01:06: Init - Done Proccessing...
2025-04-22 05:01:09: Total time elapsed - 2.2690s
2025-04-22 05:01:09: Run 0 Summary - model=acmsmn, dataset=texas, variant=1, structure_info=2, fixed_splits=0, Hidden=256, layers=1, hops=3, resnet=0, layer_norm=0, att_hopwise_distinct=0, fuse_hop=mlp, normalization=softmax, online_cs=bfs_teleport, lambda_pen=1, lambda_2hop=0.5, threshold=0.9, comm_size=20, approach=distinct_hop, lr=0.0100, weight_decay=0.001000, dropout=0.2000, Test_Mean=0.0770, Test_Std=0.2311, runtime_average=0.21s, epoch_average=21.05ms, CommunitySearchTime=0.002572s, NMI=0.0000 (std=nan), Jaccard=0.8588 (std=nan), F1=0.9240 (std=0.0000)
2025-04-22 05:01:11: Total time elapsed - 4.2461s
2025-04-22 05:01:11: Run 1 Summary - model=acmsmn, dataset=texas, variant=1, structure_info=2, fixed_splits=0, Hidden=256, layers=1, hops=3, resnet=0, layer_norm=0, att_hopwise_distinct=0, fuse_hop=mlp, normalization=softmax, online_cs=bfs_teleport, lambda_pen=1, lambda_2hop=0.5, threshold=0.9, comm_size=20, approach=distinct_hop, lr=0.0100, weight_decay=0.001000, dropout=0.2000, Test_Mean=0.1557, Test_Std=0.3115, runtime_average=0.41s, epoch_average=20.81ms, CommunitySearchTime=0.002405s, NMI=0.0000 (std=0.0000), Jaccard=0.8789 (std=0.0284), F1=0.9354 (std=0.0114)
2025-04-22 05:01:13: Total time elapsed - 6.2637s
2025-04-22 05:01:13: Run 2 Summary - model=acmsmn, dataset=texas, variant=1, structure_info=2, fixed_splits=0, Hidden=256, layers=1, hops=3, resnet=0, layer_norm=0, att_hopwise_distinct=0, fuse_hop=mlp, normalization=softmax, online_cs=bfs_teleport, lambda_pen=1, lambda_2hop=0.5, threshold=0.9, comm_size=20, approach=distinct_hop, lr=0.0100, weight_decay=0.001000, dropout=0.2000, Test_Mean=0.2377, Test_Std=0.3633, runtime_average=0.61s, epoch_average=20.53ms, CommunitySearchTime=0.002628s, NMI=0.0000 (std=0.0000), Jaccard=0.8738 (std=0.0220), F1=0.9325 (std=0.0102)
2025-04-22 05:01:15: Total time elapsed - 8.2535s
2025-04-22 05:01:15: Run 3 Summary - model=acmsmn, dataset=texas, variant=1, structure_info=2, fixed_splits=0, Hidden=256, layers=1, hops=3, resnet=0, layer_norm=0, att_hopwise_distinct=0, fuse_hop=mlp, normalization=softmax, online_cs=bfs_teleport, lambda_pen=1, lambda_2hop=0.5, threshold=0.9, comm_size=20, approach=distinct_hop, lr=0.0100, weight_decay=0.001000, dropout=0.2000, Test_Mean=0.3246, Test_Std=0.3982, runtime_average=0.81s, epoch_average=20.46ms, CommunitySearchTime=0.002673s, NMI=0.0000 (std=0.0000), Jaccard=0.8889 (std=0.0351), F1=0.9408 (std=0.0169)
2025-04-22 05:01:17: Total time elapsed - 10.2097s
2025-04-22 05:01:17: Run 4 Summary - model=acmsmn, dataset=texas, variant=1, structure_info=2, fixed_splits=0, Hidden=256, layers=1, hops=3, resnet=0, layer_norm=0, att_hopwise_distinct=0, fuse_hop=mlp, normalization=softmax, online_cs=bfs_teleport, lambda_pen=1, lambda_2hop=0.5, threshold=0.9, comm_size=20, approach=distinct_hop, lr=0.0100, weight_decay=0.001000, dropout=0.2000, Test_Mean=0.4000, Test_Std=0.4010, runtime_average=1.01s, epoch_average=20.36ms, CommunitySearchTime=0.002619s, NMI=0.0000 (std=0.0000), Jaccard=0.8866 (std=0.0308), F1=0.9397 (std=0.0153)
2025-04-22 05:01:19: Total time elapsed - 12.2021s
2025-04-22 05:01:19: Run 5 Summary - model=acmsmn, dataset=texas, variant=1, structure_info=2, fixed_splits=0, Hidden=256, layers=1, hops=3, resnet=0, layer_norm=0, att_hopwise_distinct=0, fuse_hop=mlp, normalization=softmax, online_cs=bfs_teleport, lambda_pen=1, lambda_2hop=0.5, threshold=0.9, comm_size=20, approach=distinct_hop, lr=0.0100, weight_decay=0.001000, dropout=0.2000, Test_Mean=0.4738, Test_Std=0.3883, runtime_average=1.20s, epoch_average=20.26ms, CommunitySearchTime=0.002689s, NMI=0.0000 (std=0.0000), Jaccard=0.8807 (std=0.0311), F1=0.9363 (std=0.0159)
2025-04-22 05:01:21: Total time elapsed - 14.2039s
2025-04-22 05:01:21: Run 6 Summary - model=acmsmn, dataset=texas, variant=1, structure_info=2, fixed_splits=0, Hidden=256, layers=1, hops=3, resnet=0, layer_norm=0, att_hopwise_distinct=0, fuse_hop=mlp, normalization=softmax, online_cs=bfs_teleport, lambda_pen=1, lambda_2hop=0.5, threshold=0.9, comm_size=20, approach=distinct_hop, lr=0.0100, weight_decay=0.001000, dropout=0.2000, Test_Mean=0.5607, Test_Std=0.3693, runtime_average=1.40s, epoch_average=20.27ms, CommunitySearchTime=0.002720s, NMI=0.0000 (std=0.0000), Jaccard=0.8808 (std=0.0284), F1=0.9364 (std=0.0147)
2025-04-22 05:01:23: Total time elapsed - 16.1648s
2025-04-22 05:01:23: Run 7 Summary - model=acmsmn, dataset=texas, variant=1, structure_info=2, fixed_splits=0, Hidden=256, layers=1, hops=3, resnet=0, layer_norm=0, att_hopwise_distinct=0, fuse_hop=mlp, normalization=softmax, online_cs=bfs_teleport, lambda_pen=1, lambda_2hop=0.5, threshold=0.9, comm_size=20, approach=distinct_hop, lr=0.0100, weight_decay=0.001000, dropout=0.2000, Test_Mean=0.6525, Test_Std=0.3306, runtime_average=1.60s, epoch_average=20.23ms, CommunitySearchTime=0.002695s, NMI=0.0000 (std=0.0000), Jaccard=0.8807 (std=0.0263), F1=0.9364 (std=0.0137)
2025-04-22 05:01:25: Total time elapsed - 18.1695s
2025-04-22 05:01:25: Run 8 Summary - model=acmsmn, dataset=texas, variant=1, structure_info=2, fixed_splits=0, Hidden=256, layers=1, hops=3, resnet=0, layer_norm=0, att_hopwise_distinct=0, fuse_hop=mlp, normalization=softmax, online_cs=bfs_teleport, lambda_pen=1, lambda_2hop=0.5, threshold=0.9, comm_size=20, approach=distinct_hop, lr=0.0100, weight_decay=0.001000, dropout=0.2000, Test_Mean=0.7328, Test_Std=0.2501, runtime_average=1.80s, epoch_average=20.21ms, CommunitySearchTime=0.002733s, NMI=0.0000 (std=0.0000), Jaccard=0.8841 (std=0.0266), F1=0.9383 (std=0.0140)
2025-04-22 05:01:27: Total time elapsed - 20.1603s
2025-04-22 05:01:27: Run 9 Summary - model=acmsmn, dataset=texas, variant=1, structure_info=2, fixed_splits=0, Hidden=256, layers=1, hops=3, resnet=0, layer_norm=0, att_hopwise_distinct=0, fuse_hop=mlp, normalization=softmax, online_cs=bfs_teleport, lambda_pen=1, lambda_2hop=0.5, threshold=0.9, comm_size=20, approach=distinct_hop, lr=0.0100, weight_decay=0.001000, dropout=0.2000, Test_Mean=0.8180, Test_Std=0.0551, runtime_average=2.00s, epoch_average=20.21ms, CommunitySearchTime=0.002742s, NMI=0.0000 (std=0.0000), Jaccard=0.8849 (std=0.0252), F1=0.9388 (std=0.0134)
2025-04-22 05:01:45: Init - Done Proccessing...
2025-04-22 05:03:58: Total time elapsed - 132.0796s
2025-04-22 05:03:58: Run 0 Summary - model=acmsmn, dataset=film, variant=1, structure_info=2, fixed_splits=0, Hidden=256, layers=1, hops=3, resnet=0, layer_norm=0, att_hopwise_distinct=0, fuse_hop=mlp, normalization=softmax, online_cs=bfs_teleport, lambda_pen=1, lambda_2hop=0.5, threshold=0.9, comm_size=20, approach=distinct_hop, lr=0.0100, weight_decay=0.001000, dropout=0.2000, Test_Mean=0.0370, Test_Std=0.1111, runtime_average=0.49s, epoch_average=49.16ms, CommunitySearchTime=2.540761s, NMI=0.0000 (std=nan), Jaccard=0.3302 (std=nan), F1=0.4965 (std=0.0000)
2025-04-22 05:06:20: Total time elapsed - 273.9575s
2025-04-22 05:06:20: Run 1 Summary - model=acmsmn, dataset=film, variant=1, structure_info=2, fixed_splits=0, Hidden=256, layers=1, hops=3, resnet=0, layer_norm=0, att_hopwise_distinct=0, fuse_hop=mlp, normalization=softmax, online_cs=bfs_teleport, lambda_pen=1, lambda_2hop=0.5, threshold=0.9, comm_size=20, approach=distinct_hop, lr=0.0100, weight_decay=0.001000, dropout=0.2000, Test_Mean=0.0740, Test_Std=0.1479, runtime_average=13.66s, epoch_average=690.14ms, CommunitySearchTime=2.641995s, NMI=0.0000 (std=0.0000), Jaccard=0.3213 (std=0.0127), F1=0.4862 (std=0.0103)
2025-04-22 05:09:27: Total time elapsed - 461.5242s
2025-04-22 05:09:27: Run 2 Summary - model=acmsmn, dataset=film, variant=1, structure_info=2, fixed_splits=0, Hidden=256, layers=1, hops=3, resnet=0, layer_norm=0, att_hopwise_distinct=0, fuse_hop=mlp, normalization=softmax, online_cs=bfs_teleport, lambda_pen=1, lambda_2hop=0.5, threshold=0.9, comm_size=20, approach=distinct_hop, lr=0.0100, weight_decay=0.001000, dropout=0.2000, Test_Mean=0.1068, Test_Std=0.1635, runtime_average=27.85s, epoch_average=937.74ms, CommunitySearchTime=2.979883s, NMI=0.0000 (std=0.0000), Jaccard=0.2914 (std=0.0524), F1=0.4496 (std=0.0525)
2025-04-22 05:12:24: Total time elapsed - 637.5944s
2025-04-22 05:12:24: Run 3 Summary - model=acmsmn, dataset=film, variant=1, structure_info=2, fixed_splits=0, Hidden=256, layers=1, hops=3, resnet=0, layer_norm=0, att_hopwise_distinct=0, fuse_hop=mlp, normalization=softmax, online_cs=bfs_teleport, lambda_pen=1, lambda_2hop=0.5, threshold=0.9, comm_size=20, approach=distinct_hop, lr=0.0100, weight_decay=0.001000, dropout=0.2000, Test_Mean=0.1417, Test_Std=0.1739, runtime_average=46.61s, epoch_average=1176.96ms, CommunitySearchTime=3.091485s, NMI=0.0000 (std=0.0000), Jaccard=0.2922 (std=0.0428), F1=0.4509 (std=0.0455)
2025-04-22 05:15:02: Total time elapsed - 795.7404s
2025-04-22 05:15:02: Run 4 Summary - model=acmsmn, dataset=film, variant=1, structure_info=2, fixed_splits=0, Hidden=256, layers=1, hops=3, resnet=0, layer_norm=0, att_hopwise_distinct=0, fuse_hop=mlp, normalization=softmax, online_cs=bfs_teleport, lambda_pen=1, lambda_2hop=0.5, threshold=0.9, comm_size=20, approach=distinct_hop, lr=0.0100, weight_decay=0.001000, dropout=0.2000, Test_Mean=0.1756, Test_Std=0.1759, runtime_average=64.22s, epoch_average=1297.28ms, CommunitySearchTime=3.086899s, NMI=0.0000 (std=0.0000), Jaccard=0.2857 (std=0.0398), F1=0.4433 (std=0.0434)
