2025-02-19 02:32:07: Init - Done Proccessing...
2025-02-19 02:32:10: Total time elapsed - 2.8450s
2025-02-19 02:32:10: Run 0 Summary - model=acmsmn, dataset=wisconsin, variant=1.0, init_layers_X=2, structure_info=2, Hidden=128, lr=0.0500, weight_decay=0.001000, dropout=0.8000, hops=3, resnet=0.0, layer_norm=0.0, att_hopwise_distinct=0.0, fuse_hop=mlp, layers=1, Test_Mean=0.0963, Test_Std=0.2888, runtime_average=0.24s, epoch_average=24.73ms, normalization=local_w, online_cs=sub_cs, lambda_pen=0.5, lambda_2hop=0.5, threshold=0.9, comm_size=20, CommunitySearchTime=0.006702s, NMI=0.0000 (std=nan), Jaccard=0.9063 (std=nan), F1=0.9509 (std=0.0000)
2025-02-19 02:32:12: Total time elapsed - 5.0551s
2025-02-19 02:32:12: Run 1 Summary - model=acmsmn, dataset=wisconsin, variant=1.0, init_layers_X=2, structure_info=2, Hidden=128, lr=0.0500, weight_decay=0.001000, dropout=0.8000, hops=3, resnet=0.0, layer_norm=0.0, att_hopwise_distinct=0.0, fuse_hop=mlp, layers=1, Test_Mean=0.1925, Test_Std=0.3850, runtime_average=0.48s, epoch_average=24.28ms, normalization=local_w, online_cs=sub_cs, lambda_pen=0.5, lambda_2hop=0.5, threshold=0.9, comm_size=20, CommunitySearchTime=0.005729s, NMI=0.0000 (std=0.0000), Jaccard=0.8826 (std=0.0335), F1=0.9375 (std=0.0134)
2025-02-19 02:32:15: Total time elapsed - 7.0923s
2025-02-19 02:32:15: Run 2 Summary - model=acmsmn, dataset=wisconsin, variant=1.0, init_layers_X=2, structure_info=2, Hidden=128, lr=0.0500, weight_decay=0.001000, dropout=0.8000, hops=3, resnet=0.0, layer_norm=0.0, att_hopwise_distinct=0.0, fuse_hop=mlp, layers=1, Test_Mean=0.2825, Test_Std=0.4318, runtime_average=0.67s, epoch_average=22.71ms, normalization=local_w, online_cs=sub_cs, lambda_pen=0.5, lambda_2hop=0.5, threshold=0.9, comm_size=20, CommunitySearchTime=0.006066s, NMI=0.0000 (std=0.0000), Jaccard=0.8670 (std=0.0359), F1=0.9285 (std=0.0167)
2025-02-19 02:32:17: Total time elapsed - 9.1809s
2025-02-19 02:32:17: Run 3 Summary - model=acmsmn, dataset=wisconsin, variant=1.0, init_layers_X=2, structure_info=2, Hidden=128, lr=0.0500, weight_decay=0.001000, dropout=0.8000, hops=3, resnet=0.0, layer_norm=0.0, att_hopwise_distinct=0.0, fuse_hop=mlp, layers=1, Test_Mean=0.3775, Test_Std=0.4626, runtime_average=0.89s, epoch_average=22.38ms, normalization=local_w, online_cs=sub_cs, lambda_pen=0.5, lambda_2hop=0.5, threshold=0.9, comm_size=20, CommunitySearchTime=0.006047s, NMI=0.0000 (std=0.0000), Jaccard=0.8658 (std=0.0294), F1=0.9279 (std=0.0145)
2025-02-19 02:32:19: Total time elapsed - 11.2958s
2025-02-19 02:32:19: Run 4 Summary - model=acmsmn, dataset=wisconsin, variant=1.0, init_layers_X=2, structure_info=2, Hidden=128, lr=0.0500, weight_decay=0.001000, dropout=0.8000, hops=3, resnet=0.0, layer_norm=0.0, att_hopwise_distinct=0.0, fuse_hop=mlp, layers=1, Test_Mean=0.4700, Test_Std=0.4703, runtime_average=1.10s, epoch_average=22.19ms, normalization=local_w, online_cs=sub_cs, lambda_pen=0.5, lambda_2hop=0.5, threshold=0.9, comm_size=20, CommunitySearchTime=0.006027s, NMI=0.0000 (std=0.0000), Jaccard=0.8754 (std=0.0333), F1=0.9333 (std=0.0169)
2025-02-19 02:32:21: Total time elapsed - 13.4143s
2025-02-19 02:32:21: Run 5 Summary - model=acmsmn, dataset=wisconsin, variant=1.0, init_layers_X=2, structure_info=2, Hidden=128, lr=0.0500, weight_decay=0.001000, dropout=0.8000, hops=3, resnet=0.0, layer_norm=0.0, att_hopwise_distinct=0.0, fuse_hop=mlp, layers=1, Test_Mean=0.5588, Test_Std=0.4568, runtime_average=1.32s, epoch_average=22.26ms, normalization=local_w, online_cs=sub_cs, lambda_pen=0.5, lambda_2hop=0.5, threshold=0.9, comm_size=20, CommunitySearchTime=0.005624s, NMI=0.0000 (std=0.0000), Jaccard=0.8830 (std=0.0352), F1=0.9375 (std=0.0182)
2025-02-19 02:32:23: Total time elapsed - 15.3381s
2025-02-19 02:32:23: Run 6 Summary - model=acmsmn, dataset=wisconsin, variant=1.0, init_layers_X=2, structure_info=2, Hidden=128, lr=0.0500, weight_decay=0.001000, dropout=0.8000, hops=3, resnet=0.0, layer_norm=0.0, att_hopwise_distinct=0.0, fuse_hop=mlp, layers=1, Test_Mean=0.6512, Test_Std=0.4270, runtime_average=1.51s, epoch_average=21.77ms, normalization=local_w, online_cs=sub_cs, lambda_pen=0.5, lambda_2hop=0.5, threshold=0.9, comm_size=20, CommunitySearchTime=0.005501s, NMI=0.0000 (std=0.0000), Jaccard=0.8937 (std=0.0428), F1=0.9434 (std=0.0221)
2025-02-19 02:32:25: Total time elapsed - 17.4940s
2025-02-19 02:32:25: Run 7 Summary - model=acmsmn, dataset=wisconsin, variant=1.0, init_layers_X=2, structure_info=2, Hidden=128, lr=0.0500, weight_decay=0.001000, dropout=0.8000, hops=3, resnet=0.0, layer_norm=0.0, att_hopwise_distinct=0.0, fuse_hop=mlp, layers=1, Test_Mean=0.7388, Test_Std=0.3704, runtime_average=1.73s, epoch_average=21.83ms, normalization=local_w, online_cs=sub_cs, lambda_pen=0.5, lambda_2hop=0.5, threshold=0.9, comm_size=20, CommunitySearchTime=0.005302s, NMI=0.0000 (std=0.0000), Jaccard=0.8963 (std=0.0403), F1=0.9449 (std=0.0210)
2025-02-19 02:32:28: Total time elapsed - 20.1297s
2025-02-19 02:32:28: Run 8 Summary - model=acmsmn, dataset=wisconsin, variant=1.0, init_layers_X=2, structure_info=2, Hidden=128, lr=0.0500, weight_decay=0.001000, dropout=0.8000, hops=3, resnet=0.0, layer_norm=0.0, att_hopwise_distinct=0.0, fuse_hop=mlp, layers=1, Test_Mean=0.8350, Test_Std=0.2800, runtime_average=1.95s, epoch_average=21.93ms, normalization=local_w, online_cs=sub_cs, lambda_pen=0.5, lambda_2hop=0.5, threshold=0.9, comm_size=20, CommunitySearchTime=0.005978s, NMI=0.0000 (std=0.0000), Jaccard=0.8988 (std=0.0385), F1=0.9463 (std=0.0203)
2025-02-19 02:32:30: Total time elapsed - 22.1610s
2025-02-19 02:32:30: Run 9 Summary - model=acmsmn, dataset=wisconsin, variant=1.0, init_layers_X=2, structure_info=2, Hidden=128, lr=0.0500, weight_decay=0.001000, dropout=0.8000, hops=3, resnet=0.0, layer_norm=0.0, att_hopwise_distinct=0.0, fuse_hop=mlp, layers=1, Test_Mean=0.9250, Test_Std=0.0316, runtime_average=2.18s, epoch_average=22.02ms, normalization=local_w, online_cs=sub_cs, lambda_pen=0.5, lambda_2hop=0.5, threshold=0.9, comm_size=20, CommunitySearchTime=0.006069s, NMI=0.0000 (std=0.0000), Jaccard=0.8957 (std=0.0376), F1=0.9446 (std=0.0199)
2025-02-19 02:32:34: Init - Done Proccessing...
2025-02-19 02:32:37: Total time elapsed - 2.2620s
2025-02-19 02:32:37: Run 0 Summary - model=acmsmn, dataset=texas, variant=0.0, init_layers_X=2, structure_info=0, Hidden=128, lr=0.0050, weight_decay=0.001000, dropout=0.0000, hops=3, resnet=0.0, layer_norm=0.0, att_hopwise_distinct=0.0, fuse_hop=mlp, layers=1, Test_Mean=0.0836, Test_Std=0.2508, runtime_average=0.19s, epoch_average=19.34ms, normalization=local_w, online_cs=sub_cs, lambda_pen=0.5, lambda_2hop=0.5, threshold=0.9, comm_size=20, CommunitySearchTime=0.005801s, NMI=0.0000 (std=nan), Jaccard=0.9126 (std=nan), F1=0.9543 (std=0.0000)
2025-02-19 02:32:39: Total time elapsed - 4.3137s
2025-02-19 02:32:39: Run 1 Summary - model=acmsmn, dataset=texas, variant=0.0, init_layers_X=2, structure_info=0, Hidden=128, lr=0.0050, weight_decay=0.001000, dropout=0.0000, hops=3, resnet=0.0, layer_norm=0.0, att_hopwise_distinct=0.0, fuse_hop=mlp, layers=1, Test_Mean=0.1639, Test_Std=0.3280, runtime_average=0.40s, epoch_average=20.05ms, normalization=local_w, online_cs=sub_cs, lambda_pen=0.5, lambda_2hop=0.5, threshold=0.9, comm_size=20, CommunitySearchTime=0.006085s, NMI=0.0000 (std=0.0000), Jaccard=0.8779 (std=0.0491), F1=0.9346 (std=0.0197)
2025-02-19 02:32:41: Total time elapsed - 6.3239s
2025-02-19 02:32:41: Run 2 Summary - model=acmsmn, dataset=texas, variant=0.0, init_layers_X=2, structure_info=0, Hidden=128, lr=0.0050, weight_decay=0.001000, dropout=0.0000, hops=3, resnet=0.0, layer_norm=0.0, att_hopwise_distinct=0.0, fuse_hop=mlp, layers=1, Test_Mean=0.2541, Test_Std=0.3888, runtime_average=0.61s, epoch_average=20.41ms, normalization=local_w, online_cs=sub_cs, lambda_pen=0.5, lambda_2hop=0.5, threshold=0.9, comm_size=20, CommunitySearchTime=0.005726s, NMI=0.0000 (std=0.0000), Jaccard=0.8821 (std=0.0355), F1=0.9371 (std=0.0165)
2025-02-19 02:32:43: Total time elapsed - 8.4126s
2025-02-19 02:32:43: Run 3 Summary - model=acmsmn, dataset=texas, variant=0.0, init_layers_X=2, structure_info=0, Hidden=128, lr=0.0050, weight_decay=0.001000, dropout=0.0000, hops=3, resnet=0.0, layer_norm=0.0, att_hopwise_distinct=0.0, fuse_hop=mlp, layers=1, Test_Mean=0.3410, Test_Std=0.4183, runtime_average=0.80s, epoch_average=20.30ms, normalization=local_w, online_cs=sub_cs, lambda_pen=0.5, lambda_2hop=0.5, threshold=0.9, comm_size=20, CommunitySearchTime=0.006082s, NMI=0.0000 (std=0.0000), Jaccard=0.8924 (std=0.0355), F1=0.9428 (std=0.0174)
2025-02-19 02:32:45: Total time elapsed - 10.5360s
2025-02-19 02:32:45: Run 4 Summary - model=acmsmn, dataset=texas, variant=0.0, init_layers_X=2, structure_info=0, Hidden=128, lr=0.0050, weight_decay=0.001000, dropout=0.0000, hops=3, resnet=0.0, layer_norm=0.0, att_hopwise_distinct=0.0, fuse_hop=mlp, layers=1, Test_Mean=0.4279, Test_Std=0.4285, runtime_average=1.02s, epoch_average=20.54ms, normalization=local_w, online_cs=sub_cs, lambda_pen=0.5, lambda_2hop=0.5, threshold=0.9, comm_size=20, CommunitySearchTime=0.006284s, NMI=0.0000 (std=0.0000), Jaccard=0.8992 (std=0.0343), F1=0.9466 (std=0.0173)
2025-02-19 02:32:47: Total time elapsed - 12.4663s
2025-02-19 02:32:47: Run 5 Summary - model=acmsmn, dataset=texas, variant=0.0, init_layers_X=2, structure_info=0, Hidden=128, lr=0.0050, weight_decay=0.001000, dropout=0.0000, hops=3, resnet=0.0, layer_norm=0.0, att_hopwise_distinct=0.0, fuse_hop=mlp, layers=1, Test_Mean=0.5066, Test_Std=0.4148, runtime_average=1.21s, epoch_average=20.44ms, normalization=local_w, online_cs=sub_cs, lambda_pen=0.5, lambda_2hop=0.5, threshold=0.9, comm_size=20, CommunitySearchTime=0.006270s, NMI=0.0000 (std=0.0000), Jaccard=0.8998 (std=0.0307), F1=0.9470 (std=0.0158)
2025-02-19 02:32:49: Total time elapsed - 14.5910s
2025-02-19 02:32:49: Run 6 Summary - model=acmsmn, dataset=texas, variant=0.0, init_layers_X=2, structure_info=0, Hidden=128, lr=0.0050, weight_decay=0.001000, dropout=0.0000, hops=3, resnet=0.0, layer_norm=0.0, att_hopwise_distinct=0.0, fuse_hop=mlp, layers=1, Test_Mean=0.5820, Test_Std=0.3831, runtime_average=1.43s, epoch_average=20.59ms, normalization=local_w, online_cs=sub_cs, lambda_pen=0.5, lambda_2hop=0.5, threshold=0.9, comm_size=20, CommunitySearchTime=0.006263s, NMI=0.0000 (std=0.0000), Jaccard=0.8978 (std=0.0286), F1=0.9459 (std=0.0149)
2025-02-19 02:32:52: Total time elapsed - 16.7235s
2025-02-19 02:32:52: Run 7 Summary - model=acmsmn, dataset=texas, variant=0.0, init_layers_X=2, structure_info=0, Hidden=128, lr=0.0050, weight_decay=0.001000, dropout=0.0000, hops=3, resnet=0.0, layer_norm=0.0, att_hopwise_distinct=0.0, fuse_hop=mlp, layers=1, Test_Mean=0.6508, Test_Std=0.3306, runtime_average=1.64s, epoch_average=20.70ms, normalization=local_w, online_cs=sub_cs, lambda_pen=0.5, lambda_2hop=0.5, threshold=0.9, comm_size=20, CommunitySearchTime=0.006274s, NMI=0.0000 (std=0.0000), Jaccard=0.8922 (std=0.0307), F1=0.9428 (std=0.0162)
2025-02-19 02:32:53: Total time elapsed - 18.5695s
2025-02-19 02:32:53: Run 8 Summary - model=acmsmn, dataset=texas, variant=0.0, init_layers_X=2, structure_info=0, Hidden=128, lr=0.0050, weight_decay=0.001000, dropout=0.0000, hops=3, resnet=0.0, layer_norm=0.0, att_hopwise_distinct=0.0, fuse_hop=mlp, layers=1, Test_Mean=0.7377, Test_Std=0.2533, runtime_average=1.83s, epoch_average=20.54ms, normalization=local_w, online_cs=sub_cs, lambda_pen=0.5, lambda_2hop=0.5, threshold=0.9, comm_size=20, CommunitySearchTime=0.006148s, NMI=0.0000 (std=0.0000), Jaccard=0.8979 (std=0.0334), F1=0.9459 (std=0.0176)
2025-02-19 02:32:56: Total time elapsed - 20.8634s
2025-02-19 02:32:56: Run 9 Summary - model=acmsmn, dataset=texas, variant=0.0, init_layers_X=2, structure_info=0, Hidden=128, lr=0.0050, weight_decay=0.001000, dropout=0.0000, hops=3, resnet=0.0, layer_norm=0.0, att_hopwise_distinct=0.0, fuse_hop=mlp, layers=1, Test_Mean=0.8246, Test_Std=0.0627, runtime_average=2.05s, epoch_average=20.71ms, normalization=local_w, online_cs=sub_cs, lambda_pen=0.5, lambda_2hop=0.5, threshold=0.9, comm_size=20, CommunitySearchTime=0.006227s, NMI=0.0000 (std=0.0000), Jaccard=0.9020 (std=0.0340), F1=0.9482 (std=0.0180)
