2025-04-21 15:24:03: Init - Done Proccessing...
2025-04-21 15:24:08: Total time elapsed - 4.6699s
2025-04-21 15:24:08: Run 0 Summary - model=acmsmn, dataset=wisconsin, variant=1, structure_info=2, fixed_splits=0, Hidden=256, layers=1, hops=3, resnet=0, layer_norm=0, att_hopwise_distinct=0, fuse_hop=mlp, normalization=softmax, online_cs=signed_cs, lambda_pen=1, lambda_2hop=0.5, threshold=0.2, comm_size=20, approach=distinct_hop, lr=0.0100, weight_decay=0.001000, dropout=0.2000, Test_Mean=0.0913, Test_Std=0.2737, runtime_average=0.19s, epoch_average=18.71ms, CommunitySearchTime=0.054442s, NMI=0.0000 (std=nan), Jaccard=0.9274 (std=nan), F1=0.9623 (std=0.0000)
2025-04-21 15:24:12: Total time elapsed - 8.4726s
2025-04-21 15:24:12: Run 1 Summary - model=acmsmn, dataset=wisconsin, variant=1, structure_info=2, fixed_splits=0, Hidden=256, layers=1, hops=3, resnet=0, layer_norm=0, att_hopwise_distinct=0, fuse_hop=mlp, normalization=softmax, online_cs=signed_cs, lambda_pen=1, lambda_2hop=0.5, threshold=0.2, comm_size=20, approach=distinct_hop, lr=0.0100, weight_decay=0.001000, dropout=0.2000, Test_Mean=0.1725, Test_Std=0.3457, runtime_average=0.58s, epoch_average=29.36ms, CommunitySearchTime=0.053678s, NMI=0.0000 (std=0.0000), Jaccard=0.9163 (std=0.0156), F1=0.9563 (std=0.0060)
2025-04-21 15:24:16: Total time elapsed - 12.7141s
2025-04-21 15:24:16: Run 2 Summary - model=acmsmn, dataset=wisconsin, variant=1, structure_info=2, fixed_splits=0, Hidden=256, layers=1, hops=3, resnet=0, layer_norm=0, att_hopwise_distinct=0, fuse_hop=mlp, normalization=softmax, online_cs=signed_cs, lambda_pen=1, lambda_2hop=0.5, threshold=0.2, comm_size=20, approach=distinct_hop, lr=0.0100, weight_decay=0.001000, dropout=0.2000, Test_Mean=0.2588, Test_Std=0.3959, runtime_average=1.01s, epoch_average=33.88ms, CommunitySearchTime=0.053361s, NMI=0.0000 (std=0.0000), Jaccard=0.9221 (std=0.0149), F1=0.9594 (std=0.0066)
2025-04-21 15:24:20: Total time elapsed - 16.3025s
2025-04-21 15:24:20: Run 3 Summary - model=acmsmn, dataset=wisconsin, variant=1, structure_info=2, fixed_splits=0, Hidden=256, layers=1, hops=3, resnet=0, layer_norm=0, att_hopwise_distinct=0, fuse_hop=mlp, normalization=softmax, online_cs=signed_cs, lambda_pen=1, lambda_2hop=0.5, threshold=0.2, comm_size=20, approach=distinct_hop, lr=0.0100, weight_decay=0.001000, dropout=0.2000, Test_Mean=0.3500, Test_Std=0.4295, runtime_average=1.37s, epoch_average=34.60ms, CommunitySearchTime=0.052957s, NMI=0.0000 (std=0.0000), Jaccard=0.9282 (std=0.0172), F1=0.9627 (std=0.0080)
2025-04-21 15:24:23: Total time elapsed - 20.1680s
2025-04-21 15:24:23: Run 4 Summary - model=acmsmn, dataset=wisconsin, variant=1, structure_info=2, fixed_splits=0, Hidden=256, layers=1, hops=3, resnet=0, layer_norm=0, att_hopwise_distinct=0, fuse_hop=mlp, normalization=softmax, online_cs=signed_cs, lambda_pen=1, lambda_2hop=0.5, threshold=0.2, comm_size=20, approach=distinct_hop, lr=0.0100, weight_decay=0.001000, dropout=0.2000, Test_Mean=0.4425, Test_Std=0.4435, runtime_average=1.79s, epoch_average=36.23ms, CommunitySearchTime=0.051262s, NMI=0.0000 (std=0.0000), Jaccard=0.9238 (std=0.0178), F1=0.9603 (std=0.0086)
2025-04-21 15:24:28: Total time elapsed - 24.5621s
2025-04-21 15:24:28: Run 5 Summary - model=acmsmn, dataset=wisconsin, variant=1, structure_info=2, fixed_splits=0, Hidden=256, layers=1, hops=3, resnet=0, layer_norm=0, att_hopwise_distinct=0, fuse_hop=mlp, normalization=softmax, online_cs=signed_cs, lambda_pen=1, lambda_2hop=0.5, threshold=0.2, comm_size=20, approach=distinct_hop, lr=0.0100, weight_decay=0.001000, dropout=0.2000, Test_Mean=0.5237, Test_Std=0.4292, runtime_average=2.18s, epoch_average=36.73ms, CommunitySearchTime=0.051802s, NMI=0.0000 (std=0.0000), Jaccard=0.9060 (std=0.0465), F1=0.9501 (std=0.0241)
2025-04-21 15:24:32: Total time elapsed - 29.0741s
2025-04-21 15:24:32: Run 6 Summary - model=acmsmn, dataset=wisconsin, variant=1, structure_info=2, fixed_splits=0, Hidden=256, layers=1, hops=3, resnet=0, layer_norm=0, att_hopwise_distinct=0, fuse_hop=mlp, normalization=softmax, online_cs=signed_cs, lambda_pen=1, lambda_2hop=0.5, threshold=0.2, comm_size=20, approach=distinct_hop, lr=0.0100, weight_decay=0.001000, dropout=0.2000, Test_Mean=0.6125, Test_Std=0.4026, runtime_average=2.64s, epoch_average=38.07ms, CommunitySearchTime=0.052047s, NMI=0.0000 (std=0.0000), Jaccard=0.9095 (std=0.0434), F1=0.9521 (std=0.0228)
2025-04-21 15:24:36: Total time elapsed - 32.8183s
2025-04-21 15:24:36: Run 7 Summary - model=acmsmn, dataset=wisconsin, variant=1, structure_info=2, fixed_splits=0, Hidden=256, layers=1, hops=3, resnet=0, layer_norm=0, att_hopwise_distinct=0, fuse_hop=mlp, normalization=softmax, online_cs=signed_cs, lambda_pen=1, lambda_2hop=0.5, threshold=0.2, comm_size=20, approach=distinct_hop, lr=0.0100, weight_decay=0.001000, dropout=0.2000, Test_Mean=0.7013, Test_Std=0.3526, runtime_average=3.07s, epoch_average=38.77ms, CommunitySearchTime=0.050802s, NMI=0.0000 (std=0.0000), Jaccard=0.9097 (std=0.0402), F1=0.9523 (std=0.0214)
2025-04-21 15:24:41: Total time elapsed - 37.4437s
2025-04-21 15:24:41: Run 8 Summary - model=acmsmn, dataset=wisconsin, variant=1, structure_info=2, fixed_splits=0, Hidden=256, layers=1, hops=3, resnet=0, layer_norm=0, att_hopwise_distinct=0, fuse_hop=mlp, normalization=softmax, online_cs=signed_cs, lambda_pen=1, lambda_2hop=0.5, threshold=0.2, comm_size=20, approach=distinct_hop, lr=0.0100, weight_decay=0.001000, dropout=0.2000, Test_Mean=0.7850, Test_Std=0.2645, runtime_average=3.46s, epoch_average=38.82ms, CommunitySearchTime=0.051473s, NMI=0.0000 (std=0.0000), Jaccard=0.9048 (std=0.0404), F1=0.9496 (std=0.0216)
2025-04-21 15:24:44: Total time elapsed - 40.8379s
2025-04-21 15:24:44: Run 9 Summary - model=acmsmn, dataset=wisconsin, variant=1, structure_info=2, fixed_splits=0, Hidden=256, layers=1, hops=3, resnet=0, layer_norm=0, att_hopwise_distinct=0, fuse_hop=mlp, normalization=softmax, online_cs=signed_cs, lambda_pen=1, lambda_2hop=0.5, threshold=0.2, comm_size=20, approach=distinct_hop, lr=0.0100, weight_decay=0.001000, dropout=0.2000, Test_Mean=0.8650, Test_Std=0.0443, runtime_average=3.86s, epoch_average=38.99ms, CommunitySearchTime=0.050765s, NMI=0.0000 (std=0.0000), Jaccard=0.9002 (std=0.0408), F1=0.9470 (std=0.0218)
2025-04-21 15:24:48: Init - Done Proccessing...
2025-04-21 15:24:53: Total time elapsed - 4.1967s
2025-04-21 15:24:53: Run 0 Summary - model=acmsmn, dataset=wisconsin, variant=1, structure_info=2, fixed_splits=0, Hidden=256, layers=1, hops=3, resnet=0, layer_norm=0, att_hopwise_distinct=0.0, fuse_hop=mlp, normalization=softmax, online_cs=signed_cs, lambda_pen=1, lambda_2hop=0.5, threshold=0.9, comm_size=20, approach=distinct_hop, lr=0.0100, weight_decay=0.001000, dropout=0.2000, Test_Mean=0.0913, Test_Std=0.2737, runtime_average=0.13s, epoch_average=13.44ms, CommunitySearchTime=0.056247s, NMI=0.0000 (std=nan), Jaccard=0.9295 (std=nan), F1=0.9634 (std=0.0000)
2025-04-21 15:24:57: Total time elapsed - 7.9866s
2025-04-21 15:24:57: Run 1 Summary - model=acmsmn, dataset=wisconsin, variant=1, structure_info=2, fixed_splits=0, Hidden=256, layers=1, hops=3, resnet=0, layer_norm=0, att_hopwise_distinct=0.0, fuse_hop=mlp, normalization=softmax, online_cs=signed_cs, lambda_pen=1, lambda_2hop=0.5, threshold=0.9, comm_size=20, approach=distinct_hop, lr=0.0100, weight_decay=0.001000, dropout=0.2000, Test_Mean=0.1725, Test_Std=0.3457, runtime_average=0.53s, epoch_average=26.59ms, CommunitySearchTime=0.055216s, NMI=0.0000 (std=0.0000), Jaccard=0.9163 (std=0.0186), F1=0.9563 (std=0.0071)
2025-04-21 15:25:01: Total time elapsed - 12.1926s
2025-04-21 15:25:01: Run 2 Summary - model=acmsmn, dataset=wisconsin, variant=1, structure_info=2, fixed_splits=0, Hidden=256, layers=1, hops=3, resnet=0, layer_norm=0, att_hopwise_distinct=0.0, fuse_hop=mlp, normalization=softmax, online_cs=signed_cs, lambda_pen=1, lambda_2hop=0.5, threshold=0.9, comm_size=20, approach=distinct_hop, lr=0.0100, weight_decay=0.001000, dropout=0.2000, Test_Mean=0.2588, Test_Std=0.3959, runtime_average=0.93s, epoch_average=31.35ms, CommunitySearchTime=0.055943s, NMI=0.0000 (std=0.0000), Jaccard=0.9260 (std=0.0213), F1=0.9615 (std=0.0094)
2025-04-21 15:25:05: Total time elapsed - 16.1641s
2025-04-21 15:25:05: Run 3 Summary - model=acmsmn, dataset=wisconsin, variant=1, structure_info=2, fixed_splits=0, Hidden=256, layers=1, hops=3, resnet=0, layer_norm=0, att_hopwise_distinct=0.0, fuse_hop=mlp, normalization=softmax, online_cs=signed_cs, lambda_pen=1, lambda_2hop=0.5, threshold=0.9, comm_size=20, approach=distinct_hop, lr=0.0100, weight_decay=0.001000, dropout=0.2000, Test_Mean=0.3500, Test_Std=0.4295, runtime_average=1.35s, epoch_average=33.99ms, CommunitySearchTime=0.055414s, NMI=0.0000 (std=0.0000), Jaccard=0.9332 (std=0.0225), F1=0.9653 (std=0.0105)
2025-04-21 15:25:09: Total time elapsed - 20.0998s
2025-04-21 15:25:09: Run 4 Summary - model=acmsmn, dataset=wisconsin, variant=1, structure_info=2, fixed_splits=0, Hidden=256, layers=1, hops=3, resnet=0, layer_norm=0, att_hopwise_distinct=0.0, fuse_hop=mlp, normalization=softmax, online_cs=signed_cs, lambda_pen=1, lambda_2hop=0.5, threshold=0.9, comm_size=20, approach=distinct_hop, lr=0.0100, weight_decay=0.001000, dropout=0.2000, Test_Mean=0.4425, Test_Std=0.4435, runtime_average=1.73s, epoch_average=35.03ms, CommunitySearchTime=0.055311s, NMI=0.0000 (std=0.0000), Jaccard=0.9278 (std=0.0229), F1=0.9624 (std=0.0110)
2025-04-21 15:25:13: Total time elapsed - 24.5132s
2025-04-21 15:25:13: Run 5 Summary - model=acmsmn, dataset=wisconsin, variant=1, structure_info=2, fixed_splits=0, Hidden=256, layers=1, hops=3, resnet=0, layer_norm=0, att_hopwise_distinct=0.0, fuse_hop=mlp, normalization=softmax, online_cs=signed_cs, lambda_pen=1, lambda_2hop=0.5, threshold=0.9, comm_size=20, approach=distinct_hop, lr=0.0100, weight_decay=0.001000, dropout=0.2000, Test_Mean=0.5237, Test_Std=0.4292, runtime_average=2.16s, epoch_average=36.44ms, CommunitySearchTime=0.055616s, NMI=0.0000 (std=0.0000), Jaccard=0.9097 (std=0.0490), F1=0.9521 (std=0.0252)
2025-04-21 15:25:17: Total time elapsed - 28.5205s
2025-04-21 15:25:17: Run 6 Summary - model=acmsmn, dataset=wisconsin, variant=1, structure_info=2, fixed_splits=0, Hidden=256, layers=1, hops=3, resnet=0, layer_norm=0, att_hopwise_distinct=0.0, fuse_hop=mlp, normalization=softmax, online_cs=signed_cs, lambda_pen=1, lambda_2hop=0.5, threshold=0.9, comm_size=20, approach=distinct_hop, lr=0.0100, weight_decay=0.001000, dropout=0.2000, Test_Mean=0.6125, Test_Std=0.4026, runtime_average=2.58s, epoch_average=37.21ms, CommunitySearchTime=0.055454s, NMI=0.0000 (std=0.0000), Jaccard=0.9137 (std=0.0459), F1=0.9544 (std=0.0240)
2025-04-21 15:25:21: Total time elapsed - 32.1055s
2025-04-21 15:25:21: Run 7 Summary - model=acmsmn, dataset=wisconsin, variant=1, structure_info=2, fixed_splits=0, Hidden=256, layers=1, hops=3, resnet=0, layer_norm=0, att_hopwise_distinct=0.0, fuse_hop=mlp, normalization=softmax, online_cs=signed_cs, lambda_pen=1, lambda_2hop=0.5, threshold=0.9, comm_size=20, approach=distinct_hop, lr=0.0100, weight_decay=0.001000, dropout=0.2000, Test_Mean=0.7013, Test_Std=0.3526, runtime_average=2.92s, epoch_average=36.90ms, CommunitySearchTime=0.055698s, NMI=0.0000 (std=0.0000), Jaccard=0.9130 (std=0.0426), F1=0.9541 (std=0.0224)
2025-04-21 15:25:25: Total time elapsed - 35.8468s
2025-04-21 15:25:25: Run 8 Summary - model=acmsmn, dataset=wisconsin, variant=1, structure_info=2, fixed_splits=0, Hidden=256, layers=1, hops=3, resnet=0, layer_norm=0, att_hopwise_distinct=0.0, fuse_hop=mlp, normalization=softmax, online_cs=signed_cs, lambda_pen=1, lambda_2hop=0.5, threshold=0.9, comm_size=20, approach=distinct_hop, lr=0.0100, weight_decay=0.001000, dropout=0.2000, Test_Mean=0.7850, Test_Std=0.2645, runtime_average=3.31s, epoch_average=37.14ms, CommunitySearchTime=0.055612s, NMI=0.0000 (std=0.0000), Jaccard=0.9064 (std=0.0445), F1=0.9504 (std=0.0235)
2025-04-21 15:25:29: Total time elapsed - 39.9530s
2025-04-21 15:25:29: Run 9 Summary - model=acmsmn, dataset=wisconsin, variant=1, structure_info=2, fixed_splits=0, Hidden=256, layers=1, hops=3, resnet=0, layer_norm=0, att_hopwise_distinct=0.0, fuse_hop=mlp, normalization=softmax, online_cs=signed_cs, lambda_pen=1, lambda_2hop=0.5, threshold=0.9, comm_size=20, approach=distinct_hop, lr=0.0100, weight_decay=0.001000, dropout=0.2000, Test_Mean=0.8650, Test_Std=0.0443, runtime_average=3.71s, epoch_average=37.52ms, CommunitySearchTime=0.055633s, NMI=0.0000 (std=0.0000), Jaccard=0.9014 (std=0.0449), F1=0.9476 (std=0.0239)
