2025-02-21 03:54:33: Init - Done Proccessing...
2025-02-21 03:54:36: Total time elapsed - 2.2599s
2025-02-21 03:54:36: Run 0 Summary - model=acmsmn, dataset=wisconsin, variant=1.0, init_layers_X=2, structure_info=2, Hidden=256, lr=0.0500, weight_decay=0.001000, dropout=0.8000, hops=3, resnet=0.0, layer_norm=0.0, att_hopwise_distinct=0.0, fuse_hop=mlp, layers=1, Test_Mean=0.0850, Test_Std=0.2550, runtime_average=0.19s, epoch_average=19.34ms, normalization=local_w, online_cs=sub_cs, lambda_pen=0.5, lambda_2hop=0.5, threshold=0.9, comm_size=20, CommunitySearchTime=0.005589s, NMI=0.0000 (std=nan), Jaccard=0.8558 (std=nan), F1=0.9223 (std=0.0000)
2025-02-21 03:54:37: Total time elapsed - 4.0696s
2025-02-21 03:54:37: Run 1 Summary - model=acmsmn, dataset=wisconsin, variant=1.0, init_layers_X=2, structure_info=2, Hidden=256, lr=0.0500, weight_decay=0.001000, dropout=0.8000, hops=3, resnet=0.0, layer_norm=0.0, att_hopwise_distinct=0.0, fuse_hop=mlp, layers=1, Test_Mean=0.1838, Test_Std=0.3688, runtime_average=0.39s, epoch_average=19.47ms, normalization=local_w, online_cs=sub_cs, lambda_pen=0.5, lambda_2hop=0.5, threshold=0.9, comm_size=20, CommunitySearchTime=0.004854s, NMI=0.0000 (std=0.0000), Jaccard=0.9026 (std=0.0663), F1=0.9482 (std=0.0259)
2025-02-21 03:54:39: Total time elapsed - 5.6803s
2025-02-21 03:54:39: Run 2 Summary - model=acmsmn, dataset=wisconsin, variant=1.0, init_layers_X=2, structure_info=2, Hidden=256, lr=0.0500, weight_decay=0.001000, dropout=0.8000, hops=3, resnet=0.0, layer_norm=0.0, att_hopwise_distinct=0.0, fuse_hop=mlp, layers=1, Test_Mean=0.2825, Test_Std=0.4330, runtime_average=0.55s, epoch_average=18.50ms, normalization=local_w, online_cs=sub_cs, lambda_pen=0.5, lambda_2hop=0.5, threshold=0.9, comm_size=20, CommunitySearchTime=0.004411s, NMI=0.0000 (std=0.0000), Jaccard=0.8888 (std=0.0526), F1=0.9406 (std=0.0237)
2025-02-21 03:54:42: Total time elapsed - 8.3046s
2025-02-21 03:54:42: Run 3 Summary - model=acmsmn, dataset=wisconsin, variant=1.0, init_layers_X=2, structure_info=2, Hidden=256, lr=0.0500, weight_decay=0.001000, dropout=0.8000, hops=3, resnet=0.0, layer_norm=0.0, att_hopwise_distinct=0.0, fuse_hop=mlp, layers=1, Test_Mean=0.3763, Test_Std=0.4622, runtime_average=0.81s, epoch_average=20.36ms, normalization=local_w, online_cs=sub_cs, lambda_pen=0.5, lambda_2hop=0.5, threshold=0.9, comm_size=20, CommunitySearchTime=0.004465s, NMI=0.0000 (std=0.0000), Jaccard=0.8997 (std=0.0482), F1=0.9467 (std=0.0231)
2025-02-21 03:54:44: Total time elapsed - 11.0699s
2025-02-21 03:54:44: Run 4 Summary - model=acmsmn, dataset=wisconsin, variant=1.0, init_layers_X=2, structure_info=2, Hidden=256, lr=0.0500, weight_decay=0.001000, dropout=0.8000, hops=3, resnet=0.0, layer_norm=0.0, att_hopwise_distinct=0.0, fuse_hop=mlp, layers=1, Test_Mean=0.4713, Test_Std=0.4726, runtime_average=1.08s, epoch_average=21.90ms, normalization=local_w, online_cs=sub_cs, lambda_pen=0.5, lambda_2hop=0.5, threshold=0.9, comm_size=20, CommunitySearchTime=0.004434s, NMI=0.0000 (std=0.0000), Jaccard=0.9002 (std=0.0418), F1=0.9471 (std=0.0207)
2025-02-21 03:54:48: Total time elapsed - 14.2441s
2025-02-21 03:54:48: Run 5 Summary - model=acmsmn, dataset=wisconsin, variant=1.0, init_layers_X=2, structure_info=2, Hidden=256, lr=0.0500, weight_decay=0.001000, dropout=0.8000, hops=3, resnet=0.0, layer_norm=0.0, att_hopwise_distinct=0.0, fuse_hop=mlp, layers=1, Test_Mean=0.5637, Test_Std=0.4617, runtime_average=1.39s, epoch_average=23.43ms, normalization=local_w, online_cs=sub_cs, lambda_pen=0.5, lambda_2hop=0.5, threshold=0.9, comm_size=20, CommunitySearchTime=0.004739s, NMI=0.0000 (std=0.0000), Jaccard=0.8911 (std=0.0436), F1=0.9419 (std=0.0222)
2025-02-21 03:54:49: Total time elapsed - 16.1207s
2025-02-21 03:54:49: Run 6 Summary - model=acmsmn, dataset=wisconsin, variant=1.0, init_layers_X=2, structure_info=2, Hidden=256, lr=0.0500, weight_decay=0.001000, dropout=0.8000, hops=3, resnet=0.0, layer_norm=0.0, att_hopwise_distinct=0.0, fuse_hop=mlp, layers=1, Test_Mean=0.6575, Test_Std=0.4319, runtime_average=1.59s, epoch_average=22.93ms, normalization=local_w, online_cs=sub_cs, lambda_pen=0.5, lambda_2hop=0.5, threshold=0.9, comm_size=20, CommunitySearchTime=0.004696s, NMI=0.0000 (std=0.0000), Jaccard=0.8955 (std=0.0415), F1=0.9444 (std=0.0214)
2025-02-21 03:54:51: Total time elapsed - 18.1956s
2025-02-21 03:54:51: Run 7 Summary - model=acmsmn, dataset=wisconsin, variant=1.0, init_layers_X=2, structure_info=2, Hidden=256, lr=0.0500, weight_decay=0.001000, dropout=0.8000, hops=3, resnet=0.0, layer_norm=0.0, att_hopwise_distinct=0.0, fuse_hop=mlp, layers=1, Test_Mean=0.7525, Test_Std=0.3780, runtime_average=1.79s, epoch_average=22.57ms, normalization=local_w, online_cs=sub_cs, lambda_pen=0.5, lambda_2hop=0.5, threshold=0.9, comm_size=20, CommunitySearchTime=0.004871s, NMI=0.0000 (std=0.0000), Jaccard=0.8846 (std=0.0492), F1=0.9381 (std=0.0260)
2025-02-21 03:54:54: Total time elapsed - 20.4128s
2025-02-21 03:54:54: Run 8 Summary - model=acmsmn, dataset=wisconsin, variant=1.0, init_layers_X=2, structure_info=2, Hidden=256, lr=0.0500, weight_decay=0.001000, dropout=0.8000, hops=3, resnet=0.0, layer_norm=0.0, att_hopwise_distinct=0.0, fuse_hop=mlp, layers=1, Test_Mean=0.8438, Test_Std=0.2837, runtime_average=2.00s, epoch_average=22.48ms, normalization=local_w, online_cs=sub_cs, lambda_pen=0.5, lambda_2hop=0.5, threshold=0.9, comm_size=20, CommunitySearchTime=0.005142s, NMI=0.0000 (std=0.0000), Jaccard=0.8813 (std=0.0471), F1=0.9363 (std=0.0251)
2025-02-21 03:54:56: Total time elapsed - 22.4910s
2025-02-21 03:54:56: Run 9 Summary - model=acmsmn, dataset=wisconsin, variant=1.0, init_layers_X=2, structure_info=2, Hidden=256, lr=0.0500, weight_decay=0.001000, dropout=0.8000, hops=3, resnet=0.0, layer_norm=0.0, att_hopwise_distinct=0.0, fuse_hop=mlp, layers=1, Test_Mean=0.9387, Test_Std=0.0373, runtime_average=2.22s, epoch_average=22.47ms, normalization=local_w, online_cs=sub_cs, lambda_pen=0.5, lambda_2hop=0.5, threshold=0.9, comm_size=20, CommunitySearchTime=0.005103s, NMI=0.0000 (std=0.0000), Jaccard=0.8807 (std=0.0445), F1=0.9361 (std=0.0238)
2025-02-21 03:54:59: Init - Done Proccessing...
2025-02-21 03:55:02: Total time elapsed - 2.3940s
2025-02-21 03:55:02: Run 0 Summary - model=acmsmn, dataset=texas, variant=0.0, init_layers_X=2, structure_info=0, Hidden=256, lr=0.0050, weight_decay=0.001000, dropout=0.0000, hops=3, resnet=0.0, layer_norm=0.0, att_hopwise_distinct=0.0, fuse_hop=mlp, layers=1, Test_Mean=0.0885, Test_Std=0.2656, runtime_average=0.21s, epoch_average=20.86ms, normalization=local_w, online_cs=sub_cs, lambda_pen=0.5, lambda_2hop=0.5, threshold=0.9, comm_size=20, CommunitySearchTime=0.005281s, NMI=0.0000 (std=nan), Jaccard=0.8737 (std=nan), F1=0.9326 (std=0.0000)
2025-02-21 03:55:04: Total time elapsed - 4.5122s
2025-02-21 03:55:04: Run 1 Summary - model=acmsmn, dataset=texas, variant=0.0, init_layers_X=2, structure_info=0, Hidden=256, lr=0.0050, weight_decay=0.001000, dropout=0.0000, hops=3, resnet=0.0, layer_norm=0.0, att_hopwise_distinct=0.0, fuse_hop=mlp, layers=1, Test_Mean=0.1672, Test_Std=0.3351, runtime_average=0.42s, epoch_average=21.08ms, normalization=local_w, online_cs=sub_cs, lambda_pen=0.5, lambda_2hop=0.5, threshold=0.9, comm_size=20, CommunitySearchTime=0.005870s, NMI=0.0000 (std=0.0000), Jaccard=0.9132 (std=0.0558), F1=0.9542 (std=0.0216)
2025-02-21 03:55:06: Total time elapsed - 6.5361s
2025-02-21 03:55:06: Run 2 Summary - model=acmsmn, dataset=texas, variant=0.0, init_layers_X=2, structure_info=0, Hidden=256, lr=0.0050, weight_decay=0.001000, dropout=0.0000, hops=3, resnet=0.0, layer_norm=0.0, att_hopwise_distinct=0.0, fuse_hop=mlp, layers=1, Test_Mean=0.2508, Test_Std=0.3838, runtime_average=0.62s, epoch_average=20.97ms, normalization=local_w, online_cs=sub_cs, lambda_pen=0.5, lambda_2hop=0.5, threshold=0.9, comm_size=20, CommunitySearchTime=0.005907s, NMI=0.0000 (std=0.0000), Jaccard=0.9158 (std=0.0397), F1=0.9557 (std=0.0177)
2025-02-21 03:55:09: Total time elapsed - 8.7084s
2025-02-21 03:55:09: Run 3 Summary - model=acmsmn, dataset=texas, variant=0.0, init_layers_X=2, structure_info=0, Hidden=256, lr=0.0050, weight_decay=0.001000, dropout=0.0000, hops=3, resnet=0.0, layer_norm=0.0, att_hopwise_distinct=0.0, fuse_hop=mlp, layers=1, Test_Mean=0.3443, Test_Std=0.4231, runtime_average=0.84s, epoch_average=21.26ms, normalization=local_w, online_cs=sub_cs, lambda_pen=0.5, lambda_2hop=0.5, threshold=0.9, comm_size=20, CommunitySearchTime=0.005800s, NMI=0.0000 (std=0.0000), Jaccard=0.9313 (std=0.0449), F1=0.9640 (std=0.0210)
2025-02-21 03:55:11: Total time elapsed - 11.1911s
2025-02-21 03:55:11: Run 4 Summary - model=acmsmn, dataset=texas, variant=0.0, init_layers_X=2, structure_info=0, Hidden=256, lr=0.0050, weight_decay=0.001000, dropout=0.0000, hops=3, resnet=0.0, layer_norm=0.0, att_hopwise_distinct=0.0, fuse_hop=mlp, layers=1, Test_Mean=0.4262, Test_Std=0.4278, runtime_average=1.10s, epoch_average=22.16ms, normalization=local_w, online_cs=sub_cs, lambda_pen=0.5, lambda_2hop=0.5, threshold=0.9, comm_size=20, CommunitySearchTime=0.005488s, NMI=0.0000 (std=0.0000), Jaccard=0.9291 (std=0.0392), F1=0.9629 (std=0.0189)
2025-02-21 03:55:14: Total time elapsed - 13.6771s
2025-02-21 03:55:14: Run 5 Summary - model=acmsmn, dataset=texas, variant=0.0, init_layers_X=2, structure_info=0, Hidden=256, lr=0.0050, weight_decay=0.001000, dropout=0.0000, hops=3, resnet=0.0, layer_norm=0.0, att_hopwise_distinct=0.0, fuse_hop=mlp, layers=1, Test_Mean=0.5082, Test_Std=0.4167, runtime_average=1.34s, epoch_average=22.48ms, normalization=local_w, online_cs=sub_cs, lambda_pen=0.5, lambda_2hop=0.5, threshold=0.9, comm_size=20, CommunitySearchTime=0.005615s, NMI=0.0000 (std=0.0000), Jaccard=0.9291 (std=0.0351), F1=0.9630 (std=0.0173)
2025-02-21 03:55:16: Total time elapsed - 15.7459s
2025-02-21 03:55:16: Run 6 Summary - model=acmsmn, dataset=texas, variant=0.0, init_layers_X=2, structure_info=0, Hidden=256, lr=0.0050, weight_decay=0.001000, dropout=0.0000, hops=3, resnet=0.0, layer_norm=0.0, att_hopwise_distinct=0.0, fuse_hop=mlp, layers=1, Test_Mean=0.5967, Test_Std=0.3926, runtime_average=1.54s, epoch_average=22.26ms, normalization=local_w, online_cs=sub_cs, lambda_pen=0.5, lambda_2hop=0.5, threshold=0.9, comm_size=20, CommunitySearchTime=0.005681s, NMI=0.0000 (std=0.0000), Jaccard=0.9307 (std=0.0323), F1=0.9638 (std=0.0161)
2025-02-21 03:55:18: Total time elapsed - 17.8977s
2025-02-21 03:55:18: Run 7 Summary - model=acmsmn, dataset=texas, variant=0.0, init_layers_X=2, structure_info=0, Hidden=256, lr=0.0050, weight_decay=0.001000, dropout=0.0000, hops=3, resnet=0.0, layer_norm=0.0, att_hopwise_distinct=0.0, fuse_hop=mlp, layers=1, Test_Mean=0.6836, Test_Std=0.3441, runtime_average=1.75s, epoch_average=22.12ms, normalization=local_w, online_cs=sub_cs, lambda_pen=0.5, lambda_2hop=0.5, threshold=0.9, comm_size=20, CommunitySearchTime=0.005871s, NMI=0.0000 (std=0.0000), Jaccard=0.9305 (std=0.0299), F1=0.9638 (std=0.0151)
2025-02-21 03:55:20: Total time elapsed - 20.4071s
2025-02-21 03:55:20: Run 8 Summary - model=acmsmn, dataset=texas, variant=0.0, init_layers_X=2, structure_info=0, Hidden=256, lr=0.0050, weight_decay=0.001000, dropout=0.0000, hops=3, resnet=0.0, layer_norm=0.0, att_hopwise_distinct=0.0, fuse_hop=mlp, layers=1, Test_Mean=0.7607, Test_Std=0.2579, runtime_average=2.01s, epoch_average=22.52ms, normalization=local_w, online_cs=sub_cs, lambda_pen=0.5, lambda_2hop=0.5, threshold=0.9, comm_size=20, CommunitySearchTime=0.005949s, NMI=0.0000 (std=0.0000), Jaccard=0.9297 (std=0.0281), F1=0.9634 (std=0.0143)
2025-02-21 03:55:22: Total time elapsed - 22.2709s
2025-02-21 03:55:22: Run 9 Summary - model=acmsmn, dataset=texas, variant=0.0, init_layers_X=2, structure_info=0, Hidden=256, lr=0.0050, weight_decay=0.001000, dropout=0.0000, hops=3, resnet=0.0, layer_norm=0.0, att_hopwise_distinct=0.0, fuse_hop=mlp, layers=1, Test_Mean=0.8443, Test_Std=0.0471, runtime_average=2.21s, epoch_average=22.29ms, normalization=local_w, online_cs=sub_cs, lambda_pen=0.5, lambda_2hop=0.5, threshold=0.9, comm_size=20, CommunitySearchTime=0.005750s, NMI=0.0000 (std=0.0000), Jaccard=0.9301 (std=0.0265), F1=0.9636 (std=0.0136)
