2025-04-21 09:09:10: Init - Done Proccessing...
2025-04-21 09:09:12: Total time elapsed - 2.3465s
2025-04-21 09:09:12: Run 0 Summary - model=acmsmn, dataset=cornell, variant=1, structure_info=2, fixed_splits=0, Hidden=256, layers=1, hops=3, resnet=0, layer_norm=0, att_hopwise_distinct=0, fuse_hop=mlp, normalization=softmax, online_cs=bfs_teleport, lambda_pen=1, lambda_2hop=0.5, threshold=0.9, comm_size=20, approach=distinct_hop, lr=0.0100, weight_decay=0.001000, dropout=0.2000, Test_Mean=0.0803, Test_Std=0.2410, runtime_average=0.21s, epoch_average=21.43ms, CommunitySearchTime=0.003069s, NMI=0.0000 (std=nan), Jaccard=0.8730 (std=nan), F1=0.9322 (std=0.0000)
2025-04-21 09:09:14: Total time elapsed - 4.3267s
2025-04-21 09:09:14: Run 1 Summary - model=acmsmn, dataset=cornell, variant=1, structure_info=2, fixed_splits=0, Hidden=256, layers=1, hops=3, resnet=0, layer_norm=0, att_hopwise_distinct=0, fuse_hop=mlp, normalization=softmax, online_cs=bfs_teleport, lambda_pen=1, lambda_2hop=0.5, threshold=0.9, comm_size=20, approach=distinct_hop, lr=0.0100, weight_decay=0.001000, dropout=0.2000, Test_Mean=0.1557, Test_Std=0.3117, runtime_average=0.42s, epoch_average=21.25ms, CommunitySearchTime=0.002597s, NMI=0.0000 (std=0.0000), Jaccard=0.8824 (std=0.0134), F1=0.9375 (std=0.0053)
2025-04-21 09:09:16: Total time elapsed - 6.2739s
2025-04-21 09:09:16: Run 2 Summary - model=acmsmn, dataset=cornell, variant=1, structure_info=2, fixed_splits=0, Hidden=256, layers=1, hops=3, resnet=0, layer_norm=0, att_hopwise_distinct=0, fuse_hop=mlp, normalization=softmax, online_cs=bfs_teleport, lambda_pen=1, lambda_2hop=0.5, threshold=0.9, comm_size=20, approach=distinct_hop, lr=0.0100, weight_decay=0.001000, dropout=0.2000, Test_Mean=0.2426, Test_Std=0.3715, runtime_average=0.61s, epoch_average=20.53ms, CommunitySearchTime=0.002792s, NMI=0.0000 (std=0.0000), Jaccard=0.8793 (std=0.0109), F1=0.9358 (std=0.0050)
2025-04-21 09:09:18: Total time elapsed - 8.3338s
2025-04-21 09:09:18: Run 3 Summary - model=acmsmn, dataset=cornell, variant=1, structure_info=2, fixed_splits=0, Hidden=256, layers=1, hops=3, resnet=0, layer_norm=0, att_hopwise_distinct=0, fuse_hop=mlp, normalization=softmax, online_cs=bfs_teleport, lambda_pen=1, lambda_2hop=0.5, threshold=0.9, comm_size=20, approach=distinct_hop, lr=0.0100, weight_decay=0.001000, dropout=0.2000, Test_Mean=0.3213, Test_Std=0.3944, runtime_average=0.82s, epoch_average=20.64ms, CommunitySearchTime=0.002826s, NMI=0.0000 (std=0.0000), Jaccard=0.8931 (std=0.0290), F1=0.9434 (std=0.0139)
2025-04-21 09:09:20: Total time elapsed - 10.3611s
2025-04-21 09:09:20: Run 4 Summary - model=acmsmn, dataset=cornell, variant=1, structure_info=2, fixed_splits=0, Hidden=256, layers=1, hops=3, resnet=0, layer_norm=0, att_hopwise_distinct=0, fuse_hop=mlp, normalization=softmax, online_cs=bfs_teleport, lambda_pen=1, lambda_2hop=0.5, threshold=0.9, comm_size=20, approach=distinct_hop, lr=0.0100, weight_decay=0.001000, dropout=0.2000, Test_Mean=0.4016, Test_Std=0.4025, runtime_average=1.02s, epoch_average=20.65ms, CommunitySearchTime=0.002758s, NMI=0.0000 (std=0.0000), Jaccard=0.8975 (std=0.0270), F1=0.9458 (std=0.0134)
2025-04-21 09:09:22: Total time elapsed - 12.3944s
2025-04-21 09:09:22: Run 5 Summary - model=acmsmn, dataset=cornell, variant=1, structure_info=2, fixed_splits=0, Hidden=256, layers=1, hops=3, resnet=0, layer_norm=0, att_hopwise_distinct=0, fuse_hop=mlp, normalization=softmax, online_cs=bfs_teleport, lambda_pen=1, lambda_2hop=0.5, threshold=0.9, comm_size=20, approach=distinct_hop, lr=0.0100, weight_decay=0.001000, dropout=0.2000, Test_Mean=0.4787, Test_Std=0.3919, runtime_average=1.22s, epoch_average=20.58ms, CommunitySearchTime=0.002810s, NMI=0.0000 (std=0.0000), Jaccard=0.8907 (std=0.0295), F1=0.9420 (std=0.0150)
2025-04-21 09:09:24: Total time elapsed - 14.4146s
2025-04-21 09:09:24: Run 6 Summary - model=acmsmn, dataset=cornell, variant=1, structure_info=2, fixed_splits=0, Hidden=256, layers=1, hops=3, resnet=0, layer_norm=0, att_hopwise_distinct=0, fuse_hop=mlp, normalization=softmax, online_cs=bfs_teleport, lambda_pen=1, lambda_2hop=0.5, threshold=0.9, comm_size=20, approach=distinct_hop, lr=0.0100, weight_decay=0.001000, dropout=0.2000, Test_Mean=0.5656, Test_Std=0.3719, runtime_average=1.43s, epoch_average=20.57ms, CommunitySearchTime=0.002812s, NMI=0.0000 (std=0.0000), Jaccard=0.8889 (std=0.0273), F1=0.9410 (std=0.0141)
2025-04-21 09:09:26: Total time elapsed - 16.3052s
2025-04-21 09:09:26: Run 7 Summary - model=acmsmn, dataset=cornell, variant=1, structure_info=2, fixed_splits=0, Hidden=256, layers=1, hops=3, resnet=0, layer_norm=0, att_hopwise_distinct=0, fuse_hop=mlp, normalization=softmax, online_cs=bfs_teleport, lambda_pen=1, lambda_2hop=0.5, threshold=0.9, comm_size=20, approach=distinct_hop, lr=0.0100, weight_decay=0.001000, dropout=0.2000, Test_Mean=0.6557, Test_Std=0.3309, runtime_average=1.62s, epoch_average=20.42ms, CommunitySearchTime=0.002763s, NMI=0.0000 (std=0.0000), Jaccard=0.8883 (std=0.0253), F1=0.9407 (std=0.0132)
2025-04-21 09:09:28: Total time elapsed - 18.2301s
2025-04-21 09:09:28: Run 8 Summary - model=acmsmn, dataset=cornell, variant=1, structure_info=2, fixed_splits=0, Hidden=256, layers=1, hops=3, resnet=0, layer_norm=0, att_hopwise_distinct=0, fuse_hop=mlp, normalization=softmax, online_cs=bfs_teleport, lambda_pen=1, lambda_2hop=0.5, threshold=0.9, comm_size=20, approach=distinct_hop, lr=0.0100, weight_decay=0.001000, dropout=0.2000, Test_Mean=0.7377, Test_Std=0.2499, runtime_average=1.81s, epoch_average=20.27ms, CommunitySearchTime=0.002804s, NMI=0.0000 (std=0.0000), Jaccard=0.8915 (std=0.0255), F1=0.9425 (std=0.0134)
2025-04-21 09:09:30: Total time elapsed - 20.1470s
2025-04-21 09:09:30: Run 9 Summary - model=acmsmn, dataset=cornell, variant=1, structure_info=2, fixed_splits=0, Hidden=256, layers=1, hops=3, resnet=0, layer_norm=0, att_hopwise_distinct=0, fuse_hop=mlp, normalization=softmax, online_cs=bfs_teleport, lambda_pen=1, lambda_2hop=0.5, threshold=0.9, comm_size=20, approach=distinct_hop, lr=0.0100, weight_decay=0.001000, dropout=0.2000, Test_Mean=0.8148, Test_Std=0.0470, runtime_average=2.00s, epoch_average=20.19ms, CommunitySearchTime=0.002815s, NMI=0.0000 (std=0.0000), Jaccard=0.8938 (std=0.0251), F1=0.9438 (std=0.0133)
2025-04-21 09:09:34: Init - Done Proccessing...
2025-04-21 09:09:40: Total time elapsed - 5.1819s
2025-04-21 09:09:40: Run 0 Summary - model=acmsmn, dataset=cornell, variant=1, structure_info=2, fixed_splits=0, Hidden=256, layers=1, hops=3, resnet=0, layer_norm=0, att_hopwise_distinct=0, fuse_hop=mlp, normalization=softmax, online_cs=signed_cs, lambda_pen=1, lambda_2hop=0.5, threshold=0.9, comm_size=20, approach=distinct_hop, lr=0.0100, weight_decay=0.001000, dropout=0.2000, Test_Mean=0.0803, Test_Std=0.2410, runtime_average=0.22s, epoch_average=21.96ms, CommunitySearchTime=0.058269s, NMI=0.0000 (std=nan), Jaccard=0.8811 (std=nan), F1=0.9368 (std=0.0000)
2025-04-21 09:09:44: Total time elapsed - 9.8154s
2025-04-21 09:09:44: Run 1 Summary - model=acmsmn, dataset=cornell, variant=1, structure_info=2, fixed_splits=0, Hidden=256, layers=1, hops=3, resnet=0, layer_norm=0, att_hopwise_distinct=0, fuse_hop=mlp, normalization=softmax, online_cs=signed_cs, lambda_pen=1, lambda_2hop=0.5, threshold=0.9, comm_size=20, approach=distinct_hop, lr=0.0100, weight_decay=0.001000, dropout=0.2000, Test_Mean=0.1557, Test_Std=0.3117, runtime_average=0.70s, epoch_average=35.11ms, CommunitySearchTime=0.057645s, NMI=0.0000 (std=0.0000), Jaccard=0.8784 (std=0.0037), F1=0.9353 (std=0.0015)
2025-04-21 09:09:49: Total time elapsed - 14.4197s
2025-04-21 09:09:49: Run 2 Summary - model=acmsmn, dataset=cornell, variant=1, structure_info=2, fixed_splits=0, Hidden=256, layers=1, hops=3, resnet=0, layer_norm=0, att_hopwise_distinct=0, fuse_hop=mlp, normalization=softmax, online_cs=signed_cs, lambda_pen=1, lambda_2hop=0.5, threshold=0.9, comm_size=20, approach=distinct_hop, lr=0.0100, weight_decay=0.001000, dropout=0.2000, Test_Mean=0.2426, Test_Std=0.3715, runtime_average=1.16s, epoch_average=39.02ms, CommunitySearchTime=0.057209s, NMI=0.0000 (std=0.0000), Jaccard=0.8741 (std=0.0080), F1=0.9328 (std=0.0037)
2025-04-21 09:09:53: Total time elapsed - 18.8207s
2025-04-21 09:09:53: Run 3 Summary - model=acmsmn, dataset=cornell, variant=1, structure_info=2, fixed_splits=0, Hidden=256, layers=1, hops=3, resnet=0, layer_norm=0, att_hopwise_distinct=0, fuse_hop=mlp, normalization=softmax, online_cs=signed_cs, lambda_pen=1, lambda_2hop=0.5, threshold=0.9, comm_size=20, approach=distinct_hop, lr=0.0100, weight_decay=0.001000, dropout=0.2000, Test_Mean=0.3213, Test_Std=0.3944, runtime_average=1.62s, epoch_average=40.80ms, CommunitySearchTime=0.056175s, NMI=0.0000 (std=0.0000), Jaccard=0.8811 (std=0.0155), F1=0.9367 (std=0.0075)
2025-04-21 09:09:58: Total time elapsed - 23.3813s
2025-04-21 09:09:58: Run 4 Summary - model=acmsmn, dataset=cornell, variant=1, structure_info=2, fixed_splits=0, Hidden=256, layers=1, hops=3, resnet=0, layer_norm=0, att_hopwise_distinct=0, fuse_hop=mlp, normalization=softmax, online_cs=signed_cs, lambda_pen=1, lambda_2hop=0.5, threshold=0.9, comm_size=20, approach=distinct_hop, lr=0.0100, weight_decay=0.001000, dropout=0.2000, Test_Mean=0.4016, Test_Std=0.4025, runtime_average=2.06s, epoch_average=41.54ms, CommunitySearchTime=0.056168s, NMI=0.0000 (std=0.0000), Jaccard=0.8796 (std=0.0138), F1=0.9359 (std=0.0069)
2025-04-21 09:10:02: Total time elapsed - 27.8564s
2025-04-21 09:10:02: Run 5 Summary - model=acmsmn, dataset=cornell, variant=1, structure_info=2, fixed_splits=0, Hidden=256, layers=1, hops=3, resnet=0, layer_norm=0, att_hopwise_distinct=0, fuse_hop=mlp, normalization=softmax, online_cs=signed_cs, lambda_pen=1, lambda_2hop=0.5, threshold=0.9, comm_size=20, approach=distinct_hop, lr=0.0100, weight_decay=0.001000, dropout=0.2000, Test_Mean=0.4787, Test_Std=0.3919, runtime_average=2.51s, epoch_average=42.30ms, CommunitySearchTime=0.055868s, NMI=0.0000 (std=0.0000), Jaccard=0.8786 (std=0.0126), F1=0.9354 (std=0.0064)
2025-04-21 09:10:07: Total time elapsed - 32.4572s
2025-04-21 09:10:07: Run 6 Summary - model=acmsmn, dataset=cornell, variant=1, structure_info=2, fixed_splits=0, Hidden=256, layers=1, hops=3, resnet=0, layer_norm=0, att_hopwise_distinct=0, fuse_hop=mlp, normalization=softmax, online_cs=signed_cs, lambda_pen=1, lambda_2hop=0.5, threshold=0.9, comm_size=20, approach=distinct_hop, lr=0.0100, weight_decay=0.001000, dropout=0.2000, Test_Mean=0.5656, Test_Std=0.3719, runtime_average=2.96s, epoch_average=42.69ms, CommunitySearchTime=0.056055s, NMI=0.0000 (std=0.0000), Jaccard=0.8758 (std=0.0137), F1=0.9337 (std=0.0072)
2025-04-21 09:10:12: Total time elapsed - 36.9345s
2025-04-21 09:10:12: Run 7 Summary - model=acmsmn, dataset=cornell, variant=1, structure_info=2, fixed_splits=0, Hidden=256, layers=1, hops=3, resnet=0, layer_norm=0, att_hopwise_distinct=0, fuse_hop=mlp, normalization=softmax, online_cs=signed_cs, lambda_pen=1, lambda_2hop=0.5, threshold=0.9, comm_size=20, approach=distinct_hop, lr=0.0100, weight_decay=0.001000, dropout=0.2000, Test_Mean=0.6557, Test_Std=0.3309, runtime_average=3.42s, epoch_average=43.16ms, CommunitySearchTime=0.055893s, NMI=0.0000 (std=0.0000), Jaccard=0.8759 (std=0.0127), F1=0.9338 (std=0.0067)
2025-04-21 09:10:16: Total time elapsed - 41.3726s
2025-04-21 09:10:16: Run 8 Summary - model=acmsmn, dataset=cornell, variant=1, structure_info=2, fixed_splits=0, Hidden=256, layers=1, hops=3, resnet=0, layer_norm=0, att_hopwise_distinct=0, fuse_hop=mlp, normalization=softmax, online_cs=signed_cs, lambda_pen=1, lambda_2hop=0.5, threshold=0.9, comm_size=20, approach=distinct_hop, lr=0.0100, weight_decay=0.001000, dropout=0.2000, Test_Mean=0.7377, Test_Std=0.2499, runtime_average=3.87s, epoch_average=43.38ms, CommunitySearchTime=0.055695s, NMI=0.0000 (std=0.0000), Jaccard=0.8747 (std=0.0124), F1=0.9332 (std=0.0066)
2025-04-21 09:10:20: Total time elapsed - 45.7916s
2025-04-21 09:10:20: Run 9 Summary - model=acmsmn, dataset=cornell, variant=1, structure_info=2, fixed_splits=0, Hidden=256, layers=1, hops=3, resnet=0, layer_norm=0, att_hopwise_distinct=0, fuse_hop=mlp, normalization=softmax, online_cs=signed_cs, lambda_pen=1, lambda_2hop=0.5, threshold=0.9, comm_size=20, approach=distinct_hop, lr=0.0100, weight_decay=0.001000, dropout=0.2000, Test_Mean=0.8148, Test_Std=0.0470, runtime_average=4.31s, epoch_average=43.53ms, CommunitySearchTime=0.055493s, NMI=0.0000 (std=0.0000), Jaccard=0.8791 (std=0.0180), F1=0.9356 (std=0.0095)
