2025-04-21 19:42:02: Init - Done Proccessing...
2025-04-21 19:42:08: Total time elapsed - 4.8141s
2025-04-21 19:42:08: Run 0 Summary - model=acmsmn, dataset=cora, variant=1, structure_info=2, fixed_splits=1.0, Hidden=256, layers=1, hops=3, resnet=0, layer_norm=0, att_hopwise_distinct=0, fuse_hop=mlp, normalization=softmax, online_cs=signed_cs, lambda_pen=1, lambda_2hop=0.5, threshold=0.9, comm_size=20, approach=distinct_hop, lr=0.0100, weight_decay=0.001000, dropout=0.2000, Test_Mean=0.0722, Test_Std=0.2167, runtime_average=0.21s, epoch_average=21.38ms, CommunitySearchTime=0.052394s, NMI=0.0000 (std=nan), Jaccard=0.6232 (std=nan), F1=0.7678 (std=0.0000)
2025-04-21 19:42:12: Total time elapsed - 9.3315s
2025-04-21 19:42:12: Run 1 Summary - model=acmsmn, dataset=cora, variant=1, structure_info=2, fixed_splits=1.0, Hidden=256, layers=1, hops=3, resnet=0, layer_norm=0, att_hopwise_distinct=0, fuse_hop=mlp, normalization=softmax, online_cs=signed_cs, lambda_pen=1, lambda_2hop=0.5, threshold=0.9, comm_size=20, approach=distinct_hop, lr=0.0100, weight_decay=0.001000, dropout=0.2000, Test_Mean=0.1471, Test_Std=0.2942, runtime_average=0.67s, epoch_average=33.83ms, CommunitySearchTime=0.052393s, NMI=0.0000 (std=0.0000), Jaccard=0.6689 (std=0.0647), F1=0.8007 (std=0.0329)
2025-04-21 19:42:17: Total time elapsed - 13.8574s
2025-04-21 19:42:17: Run 2 Summary - model=acmsmn, dataset=cora, variant=1, structure_info=2, fixed_splits=1.0, Hidden=256, layers=1, hops=3, resnet=0, layer_norm=0, att_hopwise_distinct=0, fuse_hop=mlp, normalization=softmax, online_cs=signed_cs, lambda_pen=1, lambda_2hop=0.5, threshold=0.9, comm_size=20, approach=distinct_hop, lr=0.0100, weight_decay=0.001000, dropout=0.2000, Test_Mean=0.2225, Test_Std=0.3400, runtime_average=1.12s, epoch_average=37.77ms, CommunitySearchTime=0.052430s, NMI=0.0000 (std=0.0000), Jaccard=0.6740 (std=0.0466), F1=0.8046 (std=0.0274)
2025-04-21 19:42:21: Total time elapsed - 18.3993s
2025-04-21 19:42:21: Run 3 Summary - model=acmsmn, dataset=cora, variant=1, structure_info=2, fixed_splits=1.0, Hidden=256, layers=1, hops=3, resnet=0, layer_norm=0, att_hopwise_distinct=0, fuse_hop=mlp, normalization=softmax, online_cs=signed_cs, lambda_pen=1, lambda_2hop=0.5, threshold=0.9, comm_size=20, approach=distinct_hop, lr=0.0100, weight_decay=0.001000, dropout=0.2000, Test_Mean=0.2978, Test_Std=0.3648, runtime_average=1.58s, epoch_average=39.79ms, CommunitySearchTime=0.052467s, NMI=0.0000 (std=0.0000), Jaccard=0.6582 (std=0.0496), F1=0.7930 (std=0.0311)
2025-04-21 19:42:26: Total time elapsed - 22.8887s
2025-04-21 19:42:26: Run 4 Summary - model=acmsmn, dataset=cora, variant=1, structure_info=2, fixed_splits=1.0, Hidden=256, layers=1, hops=3, resnet=0, layer_norm=0, att_hopwise_distinct=0, fuse_hop=mlp, normalization=softmax, online_cs=signed_cs, lambda_pen=1, lambda_2hop=0.5, threshold=0.9, comm_size=20, approach=distinct_hop, lr=0.0100, weight_decay=0.001000, dropout=0.2000, Test_Mean=0.3740, Test_Std=0.3742, runtime_average=2.02s, epoch_average=40.91ms, CommunitySearchTime=0.052478s, NMI=0.0000 (std=0.0000), Jaccard=0.6703 (std=0.0508), F1=0.8017 (std=0.0328)
2025-04-21 19:42:30: Total time elapsed - 27.4047s
2025-04-21 19:42:30: Run 5 Summary - model=acmsmn, dataset=cora, variant=1, structure_info=2, fixed_splits=1.0, Hidden=256, layers=1, hops=3, resnet=0, layer_norm=0, att_hopwise_distinct=0, fuse_hop=mlp, normalization=softmax, online_cs=signed_cs, lambda_pen=1, lambda_2hop=0.5, threshold=0.9, comm_size=20, approach=distinct_hop, lr=0.0100, weight_decay=0.001000, dropout=0.2000, Test_Mean=0.4449, Test_Std=0.3635, runtime_average=2.48s, epoch_average=41.70ms, CommunitySearchTime=0.052476s, NMI=0.0000 (std=0.0000), Jaccard=0.6809 (std=0.0523), F1=0.8092 (std=0.0343)
2025-04-21 19:42:35: Total time elapsed - 31.9338s
2025-04-21 19:42:35: Run 6 Summary - model=acmsmn, dataset=cora, variant=1, structure_info=2, fixed_splits=1.0, Hidden=256, layers=1, hops=3, resnet=0, layer_norm=0, att_hopwise_distinct=0, fuse_hop=mlp, normalization=softmax, online_cs=signed_cs, lambda_pen=1, lambda_2hop=0.5, threshold=0.9, comm_size=20, approach=distinct_hop, lr=0.0100, weight_decay=0.001000, dropout=0.2000, Test_Mean=0.5175, Test_Std=0.3391, runtime_average=2.93s, epoch_average=42.28ms, CommunitySearchTime=0.052469s, NMI=0.0000 (std=0.0000), Jaccard=0.6728 (std=0.0523), F1=0.8034 (std=0.0348)
2025-04-21 19:42:39: Total time elapsed - 36.4428s
2025-04-21 19:42:39: Run 7 Summary - model=acmsmn, dataset=cora, variant=1, structure_info=2, fixed_splits=1.0, Hidden=256, layers=1, hops=3, resnet=0, layer_norm=0, att_hopwise_distinct=0, fuse_hop=mlp, normalization=softmax, online_cs=signed_cs, lambda_pen=1, lambda_2hop=0.5, threshold=0.9, comm_size=20, approach=distinct_hop, lr=0.0100, weight_decay=0.001000, dropout=0.2000, Test_Mean=0.5909, Test_Std=0.2959, runtime_average=3.38s, epoch_average=42.68ms, CommunitySearchTime=0.052474s, NMI=0.0000 (std=0.0000), Jaccard=0.6708 (std=0.0488), F1=0.8021 (std=0.0327)
2025-04-21 19:42:44: Total time elapsed - 40.9096s
2025-04-21 19:42:44: Run 8 Summary - model=acmsmn, dataset=cora, variant=1, structure_info=2, fixed_splits=1.0, Hidden=256, layers=1, hops=3, resnet=0, layer_norm=0, att_hopwise_distinct=0, fuse_hop=mlp, normalization=softmax, online_cs=signed_cs, lambda_pen=1, lambda_2hop=0.5, threshold=0.9, comm_size=20, approach=distinct_hop, lr=0.0100, weight_decay=0.001000, dropout=0.2000, Test_Mean=0.6632, Test_Std=0.2217, runtime_average=3.83s, epoch_average=42.95ms, CommunitySearchTime=0.052476s, NMI=0.0000 (std=0.0000), Jaccard=0.6676 (std=0.0466), F1=0.7998 (std=0.0315)
2025-04-21 19:42:48: Total time elapsed - 45.4414s
2025-04-21 19:42:48: Run 9 Summary - model=acmsmn, dataset=cora, variant=1, structure_info=2, fixed_splits=1.0, Hidden=256, layers=1, hops=3, resnet=0, layer_norm=0, att_hopwise_distinct=0, fuse_hop=mlp, normalization=softmax, online_cs=signed_cs, lambda_pen=1, lambda_2hop=0.5, threshold=0.9, comm_size=20, approach=distinct_hop, lr=0.0100, weight_decay=0.001000, dropout=0.2000, Test_Mean=0.7384, Test_Std=0.0171, runtime_average=4.28s, epoch_average=43.24ms, CommunitySearchTime=0.052471s, NMI=0.0000 (std=0.0000), Jaccard=0.6592 (std=0.0514), F1=0.7935 (std=0.0354)
2025-04-21 19:42:52: Init - Done Proccessing...
2025-04-21 19:42:58: Total time elapsed - 4.8119s
2025-04-21 19:42:58: Run 0 Summary - model=acmsmn, dataset=cora, variant=1, structure_info=2, fixed_splits=0, Hidden=256, layers=1, hops=3, resnet=0, layer_norm=0, att_hopwise_distinct=0, fuse_hop=mlp, normalization=softmax, online_cs=signed_cs, lambda_pen=1, lambda_2hop=0.5, threshold=0.9, comm_size=20, approach=distinct_hop, lr=0.0100, weight_decay=0.001000, dropout=0.2000, Test_Mean=0.0700, Test_Std=0.2099, runtime_average=0.21s, epoch_average=21.29ms, CommunitySearchTime=0.052518s, NMI=0.0000 (std=nan), Jaccard=0.7200 (std=nan), F1=0.8372 (std=0.0000)
2025-04-21 19:43:02: Total time elapsed - 9.3552s
2025-04-21 19:43:02: Run 1 Summary - model=acmsmn, dataset=cora, variant=1, structure_info=2, fixed_splits=0, Hidden=256, layers=1, hops=3, resnet=0, layer_norm=0, att_hopwise_distinct=0, fuse_hop=mlp, normalization=softmax, online_cs=signed_cs, lambda_pen=1, lambda_2hop=0.5, threshold=0.9, comm_size=20, approach=distinct_hop, lr=0.0100, weight_decay=0.001000, dropout=0.2000, Test_Mean=0.1417, Test_Std=0.2834, runtime_average=0.67s, epoch_average=33.72ms, CommunitySearchTime=0.052908s, NMI=0.0000 (std=0.0000), Jaccard=0.6905 (std=0.0416), F1=0.8166 (std=0.0207)
2025-04-21 19:43:07: Total time elapsed - 13.8653s
2025-04-21 19:43:07: Run 2 Summary - model=acmsmn, dataset=cora, variant=1, structure_info=2, fixed_splits=0, Hidden=256, layers=1, hops=3, resnet=0, layer_norm=0, att_hopwise_distinct=0, fuse_hop=mlp, normalization=softmax, online_cs=signed_cs, lambda_pen=1, lambda_2hop=0.5, threshold=0.9, comm_size=20, approach=distinct_hop, lr=0.0100, weight_decay=0.001000, dropout=0.2000, Test_Mean=0.2218, Test_Std=0.3397, runtime_average=1.12s, epoch_average=37.79ms, CommunitySearchTime=0.052782s, NMI=0.0000 (std=0.0000), Jaccard=0.7035 (std=0.0371), F1=0.8256 (std=0.0211)
2025-04-21 19:43:11: Total time elapsed - 18.3849s
2025-04-21 19:43:11: Run 3 Summary - model=acmsmn, dataset=cora, variant=1, structure_info=2, fixed_splits=0, Hidden=256, layers=1, hops=3, resnet=0, layer_norm=0, att_hopwise_distinct=0, fuse_hop=mlp, normalization=softmax, online_cs=signed_cs, lambda_pen=1, lambda_2hop=0.5, threshold=0.9, comm_size=20, approach=distinct_hop, lr=0.0100, weight_decay=0.001000, dropout=0.2000, Test_Mean=0.2984, Test_Std=0.3663, runtime_average=1.57s, epoch_average=39.75ms, CommunitySearchTime=0.052731s, NMI=0.0000 (std=0.0000), Jaccard=0.7171 (std=0.0407), F1=0.8347 (std=0.0243)
2025-04-21 19:43:16: Total time elapsed - 22.9110s
2025-04-21 19:43:16: Run 4 Summary - model=acmsmn, dataset=cora, variant=1, structure_info=2, fixed_splits=0, Hidden=256, layers=1, hops=3, resnet=0, layer_norm=0, att_hopwise_distinct=0, fuse_hop=mlp, normalization=softmax, online_cs=signed_cs, lambda_pen=1, lambda_2hop=0.5, threshold=0.9, comm_size=20, approach=distinct_hop, lr=0.0100, weight_decay=0.001000, dropout=0.2000, Test_Mean=0.3690, Test_Std=0.3700, runtime_average=2.03s, epoch_average=40.95ms, CommunitySearchTime=0.052698s, NMI=0.0000 (std=0.0000), Jaccard=0.7025 (std=0.0480), F1=0.8245 (std=0.0298)
2025-04-21 19:43:20: Total time elapsed - 27.4271s
2025-04-21 19:43:20: Run 5 Summary - model=acmsmn, dataset=cora, variant=1, structure_info=2, fixed_splits=0, Hidden=256, layers=1, hops=3, resnet=0, layer_norm=0, att_hopwise_distinct=0, fuse_hop=mlp, normalization=softmax, online_cs=signed_cs, lambda_pen=1, lambda_2hop=0.5, threshold=0.9, comm_size=20, approach=distinct_hop, lr=0.0100, weight_decay=0.001000, dropout=0.2000, Test_Mean=0.4438, Test_Std=0.3635, runtime_average=2.48s, epoch_average=41.73ms, CommunitySearchTime=0.052659s, NMI=0.0000 (std=0.0000), Jaccard=0.6997 (std=0.0435), F1=0.8226 (std=0.0275)
2025-04-21 19:43:25: Total time elapsed - 31.9471s
2025-04-21 19:43:25: Run 6 Summary - model=acmsmn, dataset=cora, variant=1, structure_info=2, fixed_splits=0, Hidden=256, layers=1, hops=3, resnet=0, layer_norm=0, att_hopwise_distinct=0, fuse_hop=mlp, normalization=softmax, online_cs=signed_cs, lambda_pen=1, lambda_2hop=0.5, threshold=0.9, comm_size=20, approach=distinct_hop, lr=0.0100, weight_decay=0.001000, dropout=0.2000, Test_Mean=0.5174, Test_Std=0.3399, runtime_average=2.93s, epoch_average=42.29ms, CommunitySearchTime=0.052637s, NMI=0.0000 (std=0.0000), Jaccard=0.6790 (std=0.0677), F1=0.8071 (std=0.0459)
2025-04-21 19:43:29: Total time elapsed - 36.4515s
2025-04-21 19:43:29: Run 7 Summary - model=acmsmn, dataset=cora, variant=1, structure_info=2, fixed_splits=0, Hidden=256, layers=1, hops=3, resnet=0, layer_norm=0, att_hopwise_distinct=0, fuse_hop=mlp, normalization=softmax, online_cs=signed_cs, lambda_pen=1, lambda_2hop=0.5, threshold=0.9, comm_size=20, approach=distinct_hop, lr=0.0100, weight_decay=0.001000, dropout=0.2000, Test_Mean=0.5920, Test_Std=0.2973, runtime_average=3.38s, epoch_average=42.69ms, CommunitySearchTime=0.052623s, NMI=0.0000 (std=0.0000), Jaccard=0.6803 (std=0.0628), F1=0.8082 (std=0.0430)
2025-04-21 19:43:34: Total time elapsed - 40.9722s
2025-04-21 19:43:34: Run 8 Summary - model=acmsmn, dataset=cora, variant=1, structure_info=2, fixed_splits=0, Hidden=256, layers=1, hops=3, resnet=0, layer_norm=0, att_hopwise_distinct=0, fuse_hop=mlp, normalization=softmax, online_cs=signed_cs, lambda_pen=1, lambda_2hop=0.5, threshold=0.9, comm_size=20, approach=distinct_hop, lr=0.0100, weight_decay=0.001000, dropout=0.2000, Test_Mean=0.6668, Test_Std=0.2240, runtime_average=3.83s, epoch_average=43.02ms, CommunitySearchTime=0.052623s, NMI=0.0000 (std=0.0000), Jaccard=0.6807 (std=0.0587), F1=0.8087 (std=0.0406)
2025-04-21 19:43:38: Total time elapsed - 45.4802s
2025-04-21 19:43:38: Run 9 Summary - model=acmsmn, dataset=cora, variant=1, structure_info=2, fixed_splits=0, Hidden=256, layers=1, hops=3, resnet=0, layer_norm=0, att_hopwise_distinct=0, fuse_hop=mlp, normalization=softmax, online_cs=signed_cs, lambda_pen=1, lambda_2hop=0.5, threshold=0.9, comm_size=20, approach=distinct_hop, lr=0.0100, weight_decay=0.001000, dropout=0.2000, Test_Mean=0.7420, Test_Std=0.0283, runtime_average=4.28s, epoch_average=43.27ms, CommunitySearchTime=0.052611s, NMI=0.0000 (std=0.0000), Jaccard=0.6806 (std=0.0554), F1=0.8088 (std=0.0385)
