2025-04-21 14:41:05: Init - Done Proccessing...
2025-04-21 14:41:10: Total time elapsed - 5.0812s
2025-04-21 14:41:10: Run 0 Summary - model=acmsmn, dataset=cornell, variant=1, structure_info=2, fixed_splits=0, Hidden=256, layers=1, hops=3, resnet=0, layer_norm=0, att_hopwise_distinct=0, fuse_hop=mlp, normalization=softmax, online_cs=signed_cs, lambda_pen=1, lambda_2hop=0.5, threshold=0.9, comm_size=20, approach=distinct_hop, lr=0.0100, weight_decay=0.001000, dropout=0.2000, Test_Mean=0.0803, Test_Std=0.2410, runtime_average=0.21s, epoch_average=21.59ms, CommunitySearchTime=0.056906s, NMI=0.0000 (std=nan), Jaccard=0.8811 (std=nan), F1=0.9368 (std=0.0000)
2025-04-21 14:41:15: Total time elapsed - 10.0855s
2025-04-21 14:41:15: Run 1 Summary - model=acmsmn, dataset=cornell, variant=1, structure_info=2, fixed_splits=0, Hidden=256, layers=1, hops=3, resnet=0, layer_norm=0, att_hopwise_distinct=0, fuse_hop=mlp, normalization=softmax, online_cs=signed_cs, lambda_pen=1, lambda_2hop=0.5, threshold=0.9, comm_size=20, approach=distinct_hop, lr=0.0100, weight_decay=0.001000, dropout=0.2000, Test_Mean=0.1557, Test_Std=0.3117, runtime_average=0.69s, epoch_average=34.98ms, CommunitySearchTime=0.059905s, NMI=0.0000 (std=0.0000), Jaccard=0.8784 (std=0.0037), F1=0.9353 (std=0.0015)
2025-04-21 14:41:20: Total time elapsed - 15.0522s
2025-04-21 14:41:20: Run 2 Summary - model=acmsmn, dataset=cornell, variant=1, structure_info=2, fixed_splits=0, Hidden=256, layers=1, hops=3, resnet=0, layer_norm=0, att_hopwise_distinct=0, fuse_hop=mlp, normalization=softmax, online_cs=signed_cs, lambda_pen=1, lambda_2hop=0.5, threshold=0.9, comm_size=20, approach=distinct_hop, lr=0.0100, weight_decay=0.001000, dropout=0.2000, Test_Mean=0.2426, Test_Std=0.3715, runtime_average=1.20s, epoch_average=40.39ms, CommunitySearchTime=0.060210s, NMI=0.0000 (std=0.0000), Jaccard=0.8741 (std=0.0080), F1=0.9328 (std=0.0037)
2025-04-21 14:41:25: Total time elapsed - 20.0258s
2025-04-21 14:41:25: Run 3 Summary - model=acmsmn, dataset=cornell, variant=1, structure_info=2, fixed_splits=0, Hidden=256, layers=1, hops=3, resnet=0, layer_norm=0, att_hopwise_distinct=0, fuse_hop=mlp, normalization=softmax, online_cs=signed_cs, lambda_pen=1, lambda_2hop=0.5, threshold=0.9, comm_size=20, approach=distinct_hop, lr=0.0100, weight_decay=0.001000, dropout=0.2000, Test_Mean=0.3213, Test_Std=0.3944, runtime_average=1.70s, epoch_average=42.87ms, CommunitySearchTime=0.060328s, NMI=0.0000 (std=0.0000), Jaccard=0.8811 (std=0.0155), F1=0.9367 (std=0.0075)
2025-04-21 14:41:30: Total time elapsed - 24.7558s
2025-04-21 14:41:30: Run 4 Summary - model=acmsmn, dataset=cornell, variant=1, structure_info=2, fixed_splits=0, Hidden=256, layers=1, hops=3, resnet=0, layer_norm=0, att_hopwise_distinct=0, fuse_hop=mlp, normalization=softmax, online_cs=signed_cs, lambda_pen=1, lambda_2hop=0.5, threshold=0.9, comm_size=20, approach=distinct_hop, lr=0.0100, weight_decay=0.001000, dropout=0.2000, Test_Mean=0.4016, Test_Std=0.4025, runtime_average=2.19s, epoch_average=44.32ms, CommunitySearchTime=0.059470s, NMI=0.0000 (std=0.0000), Jaccard=0.8796 (std=0.0138), F1=0.9359 (std=0.0069)
2025-04-21 14:41:34: Total time elapsed - 29.3355s
2025-04-21 14:41:34: Run 5 Summary - model=acmsmn, dataset=cornell, variant=1, structure_info=2, fixed_splits=0, Hidden=256, layers=1, hops=3, resnet=0, layer_norm=0, att_hopwise_distinct=0, fuse_hop=mlp, normalization=softmax, online_cs=signed_cs, lambda_pen=1, lambda_2hop=0.5, threshold=0.9, comm_size=20, approach=distinct_hop, lr=0.0100, weight_decay=0.001000, dropout=0.2000, Test_Mean=0.4787, Test_Std=0.3919, runtime_average=2.65s, epoch_average=44.63ms, CommunitySearchTime=0.058936s, NMI=0.0000 (std=0.0000), Jaccard=0.8786 (std=0.0126), F1=0.9354 (std=0.0064)
2025-04-21 14:41:39: Total time elapsed - 33.9768s
2025-04-21 14:41:39: Run 6 Summary - model=acmsmn, dataset=cornell, variant=1, structure_info=2, fixed_splits=0, Hidden=256, layers=1, hops=3, resnet=0, layer_norm=0, att_hopwise_distinct=0, fuse_hop=mlp, normalization=softmax, online_cs=signed_cs, lambda_pen=1, lambda_2hop=0.5, threshold=0.9, comm_size=20, approach=distinct_hop, lr=0.0100, weight_decay=0.001000, dropout=0.2000, Test_Mean=0.5656, Test_Std=0.3719, runtime_average=3.11s, epoch_average=44.87ms, CommunitySearchTime=0.058708s, NMI=0.0000 (std=0.0000), Jaccard=0.8758 (std=0.0137), F1=0.9337 (std=0.0072)
2025-04-21 14:41:44: Total time elapsed - 38.5620s
2025-04-21 14:41:44: Run 7 Summary - model=acmsmn, dataset=cornell, variant=1, structure_info=2, fixed_splits=0, Hidden=256, layers=1, hops=3, resnet=0, layer_norm=0, att_hopwise_distinct=0, fuse_hop=mlp, normalization=softmax, online_cs=signed_cs, lambda_pen=1, lambda_2hop=0.5, threshold=0.9, comm_size=20, approach=distinct_hop, lr=0.0100, weight_decay=0.001000, dropout=0.2000, Test_Mean=0.6557, Test_Std=0.3309, runtime_average=3.57s, epoch_average=45.12ms, CommunitySearchTime=0.058405s, NMI=0.0000 (std=0.0000), Jaccard=0.8759 (std=0.0127), F1=0.9338 (std=0.0067)
2025-04-21 14:41:48: Total time elapsed - 43.1307s
2025-04-21 14:41:48: Run 8 Summary - model=acmsmn, dataset=cornell, variant=1, structure_info=2, fixed_splits=0, Hidden=256, layers=1, hops=3, resnet=0, layer_norm=0, att_hopwise_distinct=0, fuse_hop=mlp, normalization=softmax, online_cs=signed_cs, lambda_pen=1, lambda_2hop=0.5, threshold=0.9, comm_size=20, approach=distinct_hop, lr=0.0100, weight_decay=0.001000, dropout=0.2000, Test_Mean=0.7377, Test_Std=0.2499, runtime_average=4.03s, epoch_average=45.25ms, CommunitySearchTime=0.058144s, NMI=0.0000 (std=0.0000), Jaccard=0.8747 (std=0.0124), F1=0.9332 (std=0.0066)
2025-04-21 14:41:53: Total time elapsed - 47.6617s
2025-04-21 14:41:53: Run 9 Summary - model=acmsmn, dataset=cornell, variant=1, structure_info=2, fixed_splits=0, Hidden=256, layers=1, hops=3, resnet=0, layer_norm=0, att_hopwise_distinct=0, fuse_hop=mlp, normalization=softmax, online_cs=signed_cs, lambda_pen=1, lambda_2hop=0.5, threshold=0.9, comm_size=20, approach=distinct_hop, lr=0.0100, weight_decay=0.001000, dropout=0.2000, Test_Mean=0.8148, Test_Std=0.0470, runtime_average=4.49s, epoch_average=45.35ms, CommunitySearchTime=0.057843s, NMI=0.0000 (std=0.0000), Jaccard=0.8791 (std=0.0180), F1=0.9356 (std=0.0095)
2025-04-21 14:41:57: Init - Done Proccessing...
2025-04-21 14:41:59: Total time elapsed - 2.3639s
2025-04-21 14:41:59: Run 0 Summary - model=acmsmn, dataset=cornell, variant=1, structure_info=2, fixed_splits=0, Hidden=256, layers=1, hops=3, resnet=0, layer_norm=0, att_hopwise_distinct=0, fuse_hop=mlp, normalization=softmax, online_cs=bfs_teleport, lambda_pen=1, lambda_2hop=0.5, threshold=0.9, comm_size=20, approach=distinct_hop, lr=0.0100, weight_decay=0.001000, dropout=0.2000, Test_Mean=0.0803, Test_Std=0.2410, runtime_average=0.21s, epoch_average=21.69ms, CommunitySearchTime=0.002905s, NMI=0.0000 (std=nan), Jaccard=0.8730 (std=nan), F1=0.9322 (std=0.0000)
2025-04-21 14:42:01: Total time elapsed - 4.3102s
2025-04-21 14:42:01: Run 1 Summary - model=acmsmn, dataset=cornell, variant=1, structure_info=2, fixed_splits=0, Hidden=256, layers=1, hops=3, resnet=0, layer_norm=0, att_hopwise_distinct=0, fuse_hop=mlp, normalization=softmax, online_cs=bfs_teleport, lambda_pen=1, lambda_2hop=0.5, threshold=0.9, comm_size=20, approach=distinct_hop, lr=0.0100, weight_decay=0.001000, dropout=0.2000, Test_Mean=0.1557, Test_Std=0.3117, runtime_average=0.42s, epoch_average=21.17ms, CommunitySearchTime=0.002517s, NMI=0.0000 (std=0.0000), Jaccard=0.8824 (std=0.0134), F1=0.9375 (std=0.0053)
2025-04-21 14:42:03: Total time elapsed - 6.2648s
2025-04-21 14:42:03: Run 2 Summary - model=acmsmn, dataset=cornell, variant=1, structure_info=2, fixed_splits=0, Hidden=256, layers=1, hops=3, resnet=0, layer_norm=0, att_hopwise_distinct=0, fuse_hop=mlp, normalization=softmax, online_cs=bfs_teleport, lambda_pen=1, lambda_2hop=0.5, threshold=0.9, comm_size=20, approach=distinct_hop, lr=0.0100, weight_decay=0.001000, dropout=0.2000, Test_Mean=0.2426, Test_Std=0.3715, runtime_average=0.61s, epoch_average=20.51ms, CommunitySearchTime=0.002739s, NMI=0.0000 (std=0.0000), Jaccard=0.8793 (std=0.0109), F1=0.9358 (std=0.0050)
2025-04-21 14:42:05: Total time elapsed - 8.1322s
2025-04-21 14:42:05: Run 3 Summary - model=acmsmn, dataset=cornell, variant=1, structure_info=2, fixed_splits=0, Hidden=256, layers=1, hops=3, resnet=0, layer_norm=0, att_hopwise_distinct=0, fuse_hop=mlp, normalization=softmax, online_cs=bfs_teleport, lambda_pen=1, lambda_2hop=0.5, threshold=0.9, comm_size=20, approach=distinct_hop, lr=0.0100, weight_decay=0.001000, dropout=0.2000, Test_Mean=0.3213, Test_Std=0.3944, runtime_average=0.80s, epoch_average=20.17ms, CommunitySearchTime=0.002722s, NMI=0.0000 (std=0.0000), Jaccard=0.8931 (std=0.0290), F1=0.9434 (std=0.0139)
2025-04-21 14:42:07: Total time elapsed - 9.9827s
2025-04-21 14:42:07: Run 4 Summary - model=acmsmn, dataset=cornell, variant=1, structure_info=2, fixed_splits=0, Hidden=256, layers=1, hops=3, resnet=0, layer_norm=0, att_hopwise_distinct=0, fuse_hop=mlp, normalization=softmax, online_cs=bfs_teleport, lambda_pen=1, lambda_2hop=0.5, threshold=0.9, comm_size=20, approach=distinct_hop, lr=0.0100, weight_decay=0.001000, dropout=0.2000, Test_Mean=0.4016, Test_Std=0.4025, runtime_average=0.99s, epoch_average=19.91ms, CommunitySearchTime=0.002631s, NMI=0.0000 (std=0.0000), Jaccard=0.8975 (std=0.0270), F1=0.9458 (std=0.0134)
2025-04-21 14:42:09: Total time elapsed - 11.8486s
2025-04-21 14:42:09: Run 5 Summary - model=acmsmn, dataset=cornell, variant=1, structure_info=2, fixed_splits=0, Hidden=256, layers=1, hops=3, resnet=0, layer_norm=0, att_hopwise_distinct=0, fuse_hop=mlp, normalization=softmax, online_cs=bfs_teleport, lambda_pen=1, lambda_2hop=0.5, threshold=0.9, comm_size=20, approach=distinct_hop, lr=0.0100, weight_decay=0.001000, dropout=0.2000, Test_Mean=0.4787, Test_Std=0.3919, runtime_average=1.17s, epoch_average=19.69ms, CommunitySearchTime=0.002656s, NMI=0.0000 (std=0.0000), Jaccard=0.8907 (std=0.0295), F1=0.9420 (std=0.0150)
2025-04-21 14:42:11: Total time elapsed - 13.7154s
2025-04-21 14:42:11: Run 6 Summary - model=acmsmn, dataset=cornell, variant=1, structure_info=2, fixed_splits=0, Hidden=256, layers=1, hops=3, resnet=0, layer_norm=0, att_hopwise_distinct=0, fuse_hop=mlp, normalization=softmax, online_cs=bfs_teleport, lambda_pen=1, lambda_2hop=0.5, threshold=0.9, comm_size=20, approach=distinct_hop, lr=0.0100, weight_decay=0.001000, dropout=0.2000, Test_Mean=0.5656, Test_Std=0.3719, runtime_average=1.36s, epoch_average=19.57ms, CommunitySearchTime=0.002682s, NMI=0.0000 (std=0.0000), Jaccard=0.8889 (std=0.0273), F1=0.9410 (std=0.0141)
2025-04-21 14:42:13: Total time elapsed - 15.5643s
2025-04-21 14:42:13: Run 7 Summary - model=acmsmn, dataset=cornell, variant=1, structure_info=2, fixed_splits=0, Hidden=256, layers=1, hops=3, resnet=0, layer_norm=0, att_hopwise_distinct=0, fuse_hop=mlp, normalization=softmax, online_cs=bfs_teleport, lambda_pen=1, lambda_2hop=0.5, threshold=0.9, comm_size=20, approach=distinct_hop, lr=0.0100, weight_decay=0.001000, dropout=0.2000, Test_Mean=0.6557, Test_Std=0.3309, runtime_average=1.54s, epoch_average=19.48ms, CommunitySearchTime=0.002649s, NMI=0.0000 (std=0.0000), Jaccard=0.8883 (std=0.0253), F1=0.9407 (std=0.0132)
2025-04-21 14:42:15: Total time elapsed - 17.4511s
2025-04-21 14:42:15: Run 8 Summary - model=acmsmn, dataset=cornell, variant=1, structure_info=2, fixed_splits=0, Hidden=256, layers=1, hops=3, resnet=0, layer_norm=0, att_hopwise_distinct=0, fuse_hop=mlp, normalization=softmax, online_cs=bfs_teleport, lambda_pen=1, lambda_2hop=0.5, threshold=0.9, comm_size=20, approach=distinct_hop, lr=0.0100, weight_decay=0.001000, dropout=0.2000, Test_Mean=0.7377, Test_Std=0.2499, runtime_average=1.73s, epoch_average=19.40ms, CommunitySearchTime=0.002694s, NMI=0.0000 (std=0.0000), Jaccard=0.8915 (std=0.0255), F1=0.9425 (std=0.0134)
2025-04-21 14:42:16: Total time elapsed - 19.3298s
2025-04-21 14:42:16: Run 9 Summary - model=acmsmn, dataset=cornell, variant=1, structure_info=2, fixed_splits=0, Hidden=256, layers=1, hops=3, resnet=0, layer_norm=0, att_hopwise_distinct=0, fuse_hop=mlp, normalization=softmax, online_cs=bfs_teleport, lambda_pen=1, lambda_2hop=0.5, threshold=0.9, comm_size=20, approach=distinct_hop, lr=0.0100, weight_decay=0.001000, dropout=0.2000, Test_Mean=0.8148, Test_Std=0.0470, runtime_average=1.92s, epoch_average=19.36ms, CommunitySearchTime=0.002722s, NMI=0.0000 (std=0.0000), Jaccard=0.8938 (std=0.0251), F1=0.9438 (std=0.0133)
