2025-02-21 02:42:25: Init - Done Proccessing...
2025-02-21 02:42:29: Total time elapsed - 3.4796s
2025-02-21 02:42:29: Run 0 Summary - model=acmsmn, dataset=cornell, variant=1.0, init_layers_X=2, structure_info=2, Hidden=256, lr=0.0500, weight_decay=0.001000, dropout=0.8000, hops=3, resnet=0.0, layer_norm=0.0, att_hopwise_distinct=0.0, fuse_hop=mlp, layers=1, Test_Mean=0.0934, Test_Std=0.2803, runtime_average=0.32s, epoch_average=32.13ms, normalization=local_w, online_cs=sub_cs, lambda_pen=0.5, lambda_2hop=0.5, threshold=0.9, comm_size=20, CommunitySearchTime=0.004774s, NMI=0.0000 (std=nan), Jaccard=0.8474 (std=nan), F1=0.9174 (std=0.0000)
2025-02-21 02:42:32: Total time elapsed - 6.6852s
2025-02-21 02:42:32: Run 1 Summary - model=acmsmn, dataset=cornell, variant=1.0, init_layers_X=2, structure_info=2, Hidden=256, lr=0.0500, weight_decay=0.001000, dropout=0.8000, hops=3, resnet=0.0, layer_norm=0.0, att_hopwise_distinct=0.0, fuse_hop=mlp, layers=1, Test_Mean=0.1836, Test_Std=0.3673, runtime_average=0.65s, epoch_average=32.60ms, normalization=local_w, online_cs=sub_cs, lambda_pen=0.5, lambda_2hop=0.5, threshold=0.9, comm_size=20, CommunitySearchTime=0.004578s, NMI=0.0000 (std=0.0000), Jaccard=0.8727 (std=0.0357), F1=0.9318 (std=0.0144)
2025-02-21 02:42:35: Total time elapsed - 9.6051s
2025-02-21 02:42:35: Run 2 Summary - model=acmsmn, dataset=cornell, variant=1.0, init_layers_X=2, structure_info=2, Hidden=256, lr=0.0500, weight_decay=0.001000, dropout=0.8000, hops=3, resnet=0.0, layer_norm=0.0, att_hopwise_distinct=0.0, fuse_hop=mlp, layers=1, Test_Mean=0.2738, Test_Std=0.4183, runtime_average=0.94s, epoch_average=31.49ms, normalization=local_w, online_cs=sub_cs, lambda_pen=0.5, lambda_2hop=0.5, threshold=0.9, comm_size=20, CommunitySearchTime=0.004630s, NMI=0.0000 (std=0.0000), Jaccard=0.8667 (std=0.0273), F1=0.9284 (std=0.0127)
2025-02-21 02:42:38: Total time elapsed - 12.3111s
2025-02-21 02:42:38: Run 3 Summary - model=acmsmn, dataset=cornell, variant=1.0, init_layers_X=2, structure_info=2, Hidden=256, lr=0.0500, weight_decay=0.001000, dropout=0.8000, hops=3, resnet=0.0, layer_norm=0.0, att_hopwise_distinct=0.0, fuse_hop=mlp, layers=1, Test_Mean=0.3672, Test_Std=0.4499, runtime_average=1.21s, epoch_average=30.55ms, normalization=local_w, online_cs=sub_cs, lambda_pen=0.5, lambda_2hop=0.5, threshold=0.9, comm_size=20, CommunitySearchTime=0.004471s, NMI=0.0000 (std=0.0000), Jaccard=0.8653 (std=0.0225), F1=0.9276 (std=0.0111)
2025-02-21 02:42:41: Total time elapsed - 15.2740s
2025-02-21 02:42:41: Run 4 Summary - model=acmsmn, dataset=cornell, variant=1.0, init_layers_X=2, structure_info=2, Hidden=256, lr=0.0500, weight_decay=0.001000, dropout=0.8000, hops=3, resnet=0.0, layer_norm=0.0, att_hopwise_distinct=0.0, fuse_hop=mlp, layers=1, Test_Mean=0.4525, Test_Std=0.4530, runtime_average=1.50s, epoch_average=30.36ms, normalization=local_w, online_cs=sub_cs, lambda_pen=0.5, lambda_2hop=0.5, threshold=0.9, comm_size=20, CommunitySearchTime=0.004524s, NMI=0.0000 (std=0.0000), Jaccard=0.8583 (std=0.0249), F1=0.9236 (std=0.0128)
2025-02-21 02:42:44: Total time elapsed - 18.1085s
2025-02-21 02:42:44: Run 5 Summary - model=acmsmn, dataset=cornell, variant=1.0, init_layers_X=2, structure_info=2, Hidden=256, lr=0.0500, weight_decay=0.001000, dropout=0.8000, hops=3, resnet=0.0, layer_norm=0.0, att_hopwise_distinct=0.0, fuse_hop=mlp, layers=1, Test_Mean=0.5344, Test_Std=0.4376, runtime_average=1.79s, epoch_average=30.10ms, normalization=local_w, online_cs=sub_cs, lambda_pen=0.5, lambda_2hop=0.5, threshold=0.9, comm_size=20, CommunitySearchTime=0.004499s, NMI=0.0000 (std=0.0000), Jaccard=0.8472 (std=0.0352), F1=0.9170 (std=0.0189)
2025-02-21 02:42:46: Total time elapsed - 20.8853s
2025-02-21 02:42:46: Run 6 Summary - model=acmsmn, dataset=cornell, variant=1.0, init_layers_X=2, structure_info=2, Hidden=256, lr=0.0500, weight_decay=0.001000, dropout=0.8000, hops=3, resnet=0.0, layer_norm=0.0, att_hopwise_distinct=0.0, fuse_hop=mlp, layers=1, Test_Mean=0.6262, Test_Std=0.4113, runtime_average=2.07s, epoch_average=29.86ms, normalization=local_w, online_cs=sub_cs, lambda_pen=0.5, lambda_2hop=0.5, threshold=0.9, comm_size=20, CommunitySearchTime=0.004382s, NMI=0.0000 (std=0.0000), Jaccard=0.8522 (std=0.0347), F1=0.9199 (std=0.0189)
2025-02-21 02:42:49: Total time elapsed - 23.6782s
2025-02-21 02:42:49: Run 7 Summary - model=acmsmn, dataset=cornell, variant=1.0, init_layers_X=2, structure_info=2, Hidden=256, lr=0.0500, weight_decay=0.001000, dropout=0.8000, hops=3, resnet=0.0, layer_norm=0.0, att_hopwise_distinct=0.0, fuse_hop=mlp, layers=1, Test_Mean=0.7148, Test_Std=0.3590, runtime_average=2.34s, epoch_average=29.57ms, normalization=local_w, online_cs=sub_cs, lambda_pen=0.5, lambda_2hop=0.5, threshold=0.9, comm_size=20, CommunitySearchTime=0.004452s, NMI=0.0000 (std=0.0000), Jaccard=0.8569 (std=0.0347), F1=0.9226 (std=0.0191)
2025-02-21 02:42:52: Total time elapsed - 26.4459s
2025-02-21 02:42:52: Run 8 Summary - model=acmsmn, dataset=cornell, variant=1.0, init_layers_X=2, structure_info=2, Hidden=256, lr=0.0500, weight_decay=0.001000, dropout=0.8000, hops=3, resnet=0.0, layer_norm=0.0, att_hopwise_distinct=0.0, fuse_hop=mlp, layers=1, Test_Mean=0.7934, Test_Std=0.2685, runtime_average=2.62s, epoch_average=29.42ms, normalization=local_w, online_cs=sub_cs, lambda_pen=0.5, lambda_2hop=0.5, threshold=0.9, comm_size=20, CommunitySearchTime=0.004436s, NMI=0.0000 (std=0.0000), Jaccard=0.8564 (std=0.0325), F1=0.9223 (std=0.0180)
2025-02-21 02:42:55: Total time elapsed - 29.2879s
2025-02-21 02:42:55: Run 9 Summary - model=acmsmn, dataset=cornell, variant=1.0, init_layers_X=2, structure_info=2, Hidden=256, lr=0.0500, weight_decay=0.001000, dropout=0.8000, hops=3, resnet=0.0, layer_norm=0.0, att_hopwise_distinct=0.0, fuse_hop=mlp, layers=1, Test_Mean=0.8852, Test_Std=0.0475, runtime_average=2.91s, epoch_average=29.37ms, normalization=local_w, online_cs=sub_cs, lambda_pen=0.5, lambda_2hop=0.5, threshold=0.9, comm_size=20, CommunitySearchTime=0.004397s, NMI=0.0000 (std=0.0000), Jaccard=0.8532 (std=0.0323), F1=0.9205 (std=0.0180)
2025-02-21 02:42:59: Init - Done Proccessing...
2025-02-21 02:43:02: Total time elapsed - 2.7957s
2025-02-21 02:43:02: Run 0 Summary - model=acmsmn, dataset=wisconsin, variant=0.0, init_layers_X=2, structure_info=0, Hidden=256, lr=0.0050, weight_decay=0.001000, dropout=0.0000, hops=3, resnet=0.0, layer_norm=0.0, att_hopwise_distinct=0.0, fuse_hop=mlp, layers=1, Test_Mean=0.0813, Test_Std=0.2437, runtime_average=0.25s, epoch_average=25.14ms, normalization=local_w, online_cs=sub_cs, lambda_pen=0.5, lambda_2hop=0.5, threshold=0.9, comm_size=20, CommunitySearchTime=0.005046s, NMI=0.0000 (std=nan), Jaccard=0.9189 (std=nan), F1=0.9578 (std=0.0000)
2025-02-21 02:43:05: Total time elapsed - 5.2850s
2025-02-21 02:43:05: Run 1 Summary - model=acmsmn, dataset=wisconsin, variant=0.0, init_layers_X=2, structure_info=0, Hidden=256, lr=0.0050, weight_decay=0.001000, dropout=0.0000, hops=3, resnet=0.0, layer_norm=0.0, att_hopwise_distinct=0.0, fuse_hop=mlp, layers=1, Test_Mean=0.1712, Test_Std=0.3431, runtime_average=0.50s, epoch_average=25.39ms, normalization=local_w, online_cs=sub_cs, lambda_pen=0.5, lambda_2hop=0.5, threshold=0.9, comm_size=20, CommunitySearchTime=0.004979s, NMI=0.0000 (std=0.0000), Jaccard=0.9568 (std=0.0536), F1=0.9776 (std=0.0198)
2025-02-21 02:43:07: Total time elapsed - 7.3929s
2025-02-21 02:43:07: Run 2 Summary - model=acmsmn, dataset=wisconsin, variant=0.0, init_layers_X=2, structure_info=0, Hidden=256, lr=0.0050, weight_decay=0.001000, dropout=0.0000, hops=3, resnet=0.0, layer_norm=0.0, att_hopwise_distinct=0.0, fuse_hop=mlp, layers=1, Test_Mean=0.2625, Test_Std=0.4017, runtime_average=0.71s, epoch_average=23.98ms, normalization=local_w, online_cs=sub_cs, lambda_pen=0.5, lambda_2hop=0.5, threshold=0.9, comm_size=20, CommunitySearchTime=0.005043s, NMI=0.0000 (std=0.0000), Jaccard=0.9701 (std=0.0444), F1=0.9845 (std=0.0189)
2025-02-21 02:43:09: Total time elapsed - 10.0262s
2025-02-21 02:43:09: Run 3 Summary - model=acmsmn, dataset=wisconsin, variant=0.0, init_layers_X=2, structure_info=0, Hidden=256, lr=0.0050, weight_decay=0.001000, dropout=0.0000, hops=3, resnet=0.0, layer_norm=0.0, att_hopwise_distinct=0.0, fuse_hop=mlp, layers=1, Test_Mean=0.3500, Test_Std=0.4294, runtime_average=0.98s, epoch_average=24.76ms, normalization=local_w, online_cs=sub_cs, lambda_pen=0.5, lambda_2hop=0.5, threshold=0.9, comm_size=20, CommunitySearchTime=0.004842s, NMI=0.0000 (std=0.0000), Jaccard=0.9752 (std=0.0376), F1=0.9872 (std=0.0170)
2025-02-21 02:43:12: Total time elapsed - 12.7853s
2025-02-21 02:43:12: Run 4 Summary - model=acmsmn, dataset=wisconsin, variant=0.0, init_layers_X=2, structure_info=0, Hidden=256, lr=0.0050, weight_decay=0.001000, dropout=0.0000, hops=3, resnet=0.0, layer_norm=0.0, att_hopwise_distinct=0.0, fuse_hop=mlp, layers=1, Test_Mean=0.4375, Test_Std=0.4382, runtime_average=1.25s, epoch_average=25.26ms, normalization=local_w, online_cs=sub_cs, lambda_pen=0.5, lambda_2hop=0.5, threshold=0.9, comm_size=20, CommunitySearchTime=0.004949s, NMI=0.0000 (std=0.0000), Jaccard=0.9724 (std=0.0332), F1=0.9858 (std=0.0155)
2025-02-21 02:43:15: Total time elapsed - 15.5109s
2025-02-21 02:43:15: Run 5 Summary - model=acmsmn, dataset=wisconsin, variant=0.0, init_layers_X=2, structure_info=0, Hidden=256, lr=0.0050, weight_decay=0.001000, dropout=0.0000, hops=3, resnet=0.0, layer_norm=0.0, att_hopwise_distinct=0.0, fuse_hop=mlp, layers=1, Test_Mean=0.5237, Test_Std=0.4283, runtime_average=1.53s, epoch_average=25.68ms, normalization=local_w, online_cs=sub_cs, lambda_pen=0.5, lambda_2hop=0.5, threshold=0.9, comm_size=20, CommunitySearchTime=0.004947s, NMI=0.0000 (std=0.0000), Jaccard=0.9658 (std=0.0339), F1=0.9823 (std=0.0161)
2025-02-21 02:43:18: Total time elapsed - 18.2557s
2025-02-21 02:43:18: Run 6 Summary - model=acmsmn, dataset=wisconsin, variant=0.0, init_layers_X=2, structure_info=0, Hidden=256, lr=0.0050, weight_decay=0.001000, dropout=0.0000, hops=3, resnet=0.0, layer_norm=0.0, att_hopwise_distinct=0.0, fuse_hop=mlp, layers=1, Test_Mean=0.6112, Test_Std=0.4009, runtime_average=1.80s, epoch_average=25.92ms, normalization=local_w, online_cs=sub_cs, lambda_pen=0.5, lambda_2hop=0.5, threshold=0.9, comm_size=20, CommunitySearchTime=0.005039s, NMI=0.0000 (std=0.0000), Jaccard=0.9672 (std=0.0311), F1=0.9831 (std=0.0150)
2025-02-21 02:43:20: Total time elapsed - 20.2556s
2025-02-21 02:43:20: Run 7 Summary - model=acmsmn, dataset=wisconsin, variant=0.0, init_layers_X=2, structure_info=0, Hidden=256, lr=0.0050, weight_decay=0.001000, dropout=0.0000, hops=3, resnet=0.0, layer_norm=0.0, att_hopwise_distinct=0.0, fuse_hop=mlp, layers=1, Test_Mean=0.6987, Test_Std=0.3502, runtime_average=2.00s, epoch_average=25.21ms, normalization=local_w, online_cs=sub_cs, lambda_pen=0.5, lambda_2hop=0.5, threshold=0.9, comm_size=20, CommunitySearchTime=0.005094s, NMI=0.0000 (std=0.0000), Jaccard=0.9592 (std=0.0366), F1=0.9788 (std=0.0180)
2025-02-21 02:43:22: Total time elapsed - 22.9615s
2025-02-21 02:43:22: Run 8 Summary - model=acmsmn, dataset=wisconsin, variant=0.0, init_layers_X=2, structure_info=0, Hidden=256, lr=0.0050, weight_decay=0.001000, dropout=0.0000, hops=3, resnet=0.0, layer_norm=0.0, att_hopwise_distinct=0.0, fuse_hop=mlp, layers=1, Test_Mean=0.7838, Test_Std=0.2625, runtime_average=2.27s, epoch_average=25.44ms, normalization=local_w, online_cs=sub_cs, lambda_pen=0.5, lambda_2hop=0.5, threshold=0.9, comm_size=20, CommunitySearchTime=0.005162s, NMI=0.0000 (std=0.0000), Jaccard=0.9557 (std=0.0359), F1=0.9770 (std=0.0177)
2025-02-21 02:43:25: Total time elapsed - 25.3856s
2025-02-21 02:43:25: Run 9 Summary - model=acmsmn, dataset=wisconsin, variant=0.0, init_layers_X=2, structure_info=0, Hidden=256, lr=0.0050, weight_decay=0.001000, dropout=0.0000, hops=3, resnet=0.0, layer_norm=0.0, att_hopwise_distinct=0.0, fuse_hop=mlp, layers=1, Test_Mean=0.8713, Test_Std=0.0256, runtime_average=2.51s, epoch_average=25.32ms, normalization=local_w, online_cs=sub_cs, lambda_pen=0.5, lambda_2hop=0.5, threshold=0.9, comm_size=20, CommunitySearchTime=0.005255s, NMI=0.0000 (std=0.0000), Jaccard=0.9537 (std=0.0344), F1=0.9760 (std=0.0171)
