2025-04-21 15:38:04: Init - Done Proccessing...
2025-04-21 15:38:09: Total time elapsed - 5.0784s
2025-04-21 15:38:09: Run 0 Summary - model=acmsmn, dataset=texas, variant=1, structure_info=2, fixed_splits=0, Hidden=256, layers=1, hops=3, resnet=0, layer_norm=0, att_hopwise_distinct=0, fuse_hop=mlp, normalization=softmax, online_cs=signed_cs, lambda_pen=1, lambda_2hop=0.5, threshold=0.9, comm_size=20, approach=distinct_hop, lr=0.0100, weight_decay=0.001000, dropout=0.2000, Test_Mean=0.0770, Test_Std=0.2311, runtime_average=0.20s, epoch_average=20.44ms, CommunitySearchTime=0.059365s, NMI=0.0000 (std=nan), Jaccard=0.8916 (std=nan), F1=0.9427 (std=0.0000)
2025-04-21 15:38:14: Total time elapsed - 9.3800s
2025-04-21 15:38:14: Run 1 Summary - model=acmsmn, dataset=texas, variant=1, structure_info=2, fixed_splits=0, Hidden=256, layers=1, hops=3, resnet=0, layer_norm=0, att_hopwise_distinct=0, fuse_hop=mlp, normalization=softmax, online_cs=signed_cs, lambda_pen=1, lambda_2hop=0.5, threshold=0.9, comm_size=20, approach=distinct_hop, lr=0.0100, weight_decay=0.001000, dropout=0.2000, Test_Mean=0.1557, Test_Std=0.3115, runtime_average=0.65s, epoch_average=33.08ms, CommunitySearchTime=0.057852s, NMI=0.0000 (std=0.0000), Jaccard=0.8847 (std=0.0097), F1=0.9388 (std=0.0038)
2025-04-21 15:38:18: Total time elapsed - 13.5481s
2025-04-21 15:38:18: Run 2 Summary - model=acmsmn, dataset=texas, variant=1, structure_info=2, fixed_splits=0, Hidden=256, layers=1, hops=3, resnet=0, layer_norm=0, att_hopwise_distinct=0, fuse_hop=mlp, normalization=softmax, online_cs=signed_cs, lambda_pen=1, lambda_2hop=0.5, threshold=0.9, comm_size=20, approach=distinct_hop, lr=0.0100, weight_decay=0.001000, dropout=0.2000, Test_Mean=0.2377, Test_Std=0.3633, runtime_average=1.08s, epoch_average=36.31ms, CommunitySearchTime=0.056909s, NMI=0.0000 (std=0.0000), Jaccard=0.8828 (std=0.0076), F1=0.9378 (std=0.0035)
2025-04-21 15:38:21: Total time elapsed - 16.8404s
2025-04-21 15:38:21: Run 3 Summary - model=acmsmn, dataset=texas, variant=1, structure_info=2, fixed_splits=0, Hidden=256, layers=1, hops=3, resnet=0, layer_norm=0, att_hopwise_distinct=0, fuse_hop=mlp, normalization=softmax, online_cs=signed_cs, lambda_pen=1, lambda_2hop=0.5, threshold=0.9, comm_size=20, approach=distinct_hop, lr=0.0100, weight_decay=0.001000, dropout=0.2000, Test_Mean=0.3246, Test_Std=0.3982, runtime_average=1.46s, epoch_average=36.98ms, CommunitySearchTime=0.053606s, NMI=0.0000 (std=0.0000), Jaccard=0.8879 (std=0.0120), F1=0.9406 (std=0.0058)
2025-04-21 15:38:25: Total time elapsed - 20.7352s
2025-04-21 15:38:25: Run 4 Summary - model=acmsmn, dataset=texas, variant=1, structure_info=2, fixed_splits=0, Hidden=256, layers=1, hops=3, resnet=0, layer_norm=0, att_hopwise_distinct=0, fuse_hop=mlp, normalization=softmax, online_cs=signed_cs, lambda_pen=1, lambda_2hop=0.5, threshold=0.9, comm_size=20, approach=distinct_hop, lr=0.0100, weight_decay=0.001000, dropout=0.2000, Test_Mean=0.4000, Test_Std=0.4010, runtime_average=1.84s, epoch_average=37.21ms, CommunitySearchTime=0.052096s, NMI=0.0000 (std=0.0000), Jaccard=0.8842 (std=0.0132), F1=0.9385 (std=0.0066)
2025-04-21 15:38:30: Total time elapsed - 25.1379s
2025-04-21 15:38:30: Run 5 Summary - model=acmsmn, dataset=texas, variant=1, structure_info=2, fixed_splits=0, Hidden=256, layers=1, hops=3, resnet=0, layer_norm=0, att_hopwise_distinct=0, fuse_hop=mlp, normalization=softmax, online_cs=signed_cs, lambda_pen=1, lambda_2hop=0.5, threshold=0.9, comm_size=20, approach=distinct_hop, lr=0.0100, weight_decay=0.001000, dropout=0.2000, Test_Mean=0.4738, Test_Std=0.3883, runtime_average=2.23s, epoch_average=37.55ms, CommunitySearchTime=0.052810s, NMI=0.0000 (std=0.0000), Jaccard=0.8807 (std=0.0146), F1=0.9365 (std=0.0075)
2025-04-21 15:38:34: Total time elapsed - 29.4438s
2025-04-21 15:38:34: Run 6 Summary - model=acmsmn, dataset=texas, variant=1, structure_info=2, fixed_splits=0, Hidden=256, layers=1, hops=3, resnet=0, layer_norm=0, att_hopwise_distinct=0, fuse_hop=mlp, normalization=softmax, online_cs=signed_cs, lambda_pen=1, lambda_2hop=0.5, threshold=0.9, comm_size=20, approach=distinct_hop, lr=0.0100, weight_decay=0.001000, dropout=0.2000, Test_Mean=0.5607, Test_Std=0.3693, runtime_average=2.66s, epoch_average=38.34ms, CommunitySearchTime=0.053433s, NMI=0.0000 (std=0.0000), Jaccard=0.8757 (std=0.0189), F1=0.9336 (std=0.0100)
2025-04-21 15:38:38: Total time elapsed - 34.0352s
2025-04-21 15:38:38: Run 7 Summary - model=acmsmn, dataset=texas, variant=1, structure_info=2, fixed_splits=0, Hidden=256, layers=1, hops=3, resnet=0, layer_norm=0, att_hopwise_distinct=0, fuse_hop=mlp, normalization=softmax, online_cs=signed_cs, lambda_pen=1, lambda_2hop=0.5, threshold=0.9, comm_size=20, approach=distinct_hop, lr=0.0100, weight_decay=0.001000, dropout=0.2000, Test_Mean=0.6525, Test_Std=0.3306, runtime_average=3.12s, epoch_average=39.39ms, CommunitySearchTime=0.053816s, NMI=0.0000 (std=0.0000), Jaccard=0.8761 (std=0.0175), F1=0.9339 (std=0.0093)
2025-04-21 15:38:43: Total time elapsed - 38.4138s
2025-04-21 15:38:43: Run 8 Summary - model=acmsmn, dataset=texas, variant=1, structure_info=2, fixed_splits=0, Hidden=256, layers=1, hops=3, resnet=0, layer_norm=0, att_hopwise_distinct=0, fuse_hop=mlp, normalization=softmax, online_cs=signed_cs, lambda_pen=1, lambda_2hop=0.5, threshold=0.9, comm_size=20, approach=distinct_hop, lr=0.0100, weight_decay=0.001000, dropout=0.2000, Test_Mean=0.7328, Test_Std=0.2501, runtime_average=3.56s, epoch_average=40.01ms, CommunitySearchTime=0.053950s, NMI=0.0000 (std=0.0000), Jaccard=0.8738 (std=0.0177), F1=0.9326 (std=0.0095)
2025-04-21 15:38:47: Total time elapsed - 42.8046s
2025-04-21 15:38:47: Run 9 Summary - model=acmsmn, dataset=texas, variant=1, structure_info=2, fixed_splits=0, Hidden=256, layers=1, hops=3, resnet=0, layer_norm=0, att_hopwise_distinct=0, fuse_hop=mlp, normalization=softmax, online_cs=signed_cs, lambda_pen=1, lambda_2hop=0.5, threshold=0.9, comm_size=20, approach=distinct_hop, lr=0.0100, weight_decay=0.001000, dropout=0.2000, Test_Mean=0.8180, Test_Std=0.0551, runtime_average=4.01s, epoch_average=40.47ms, CommunitySearchTime=0.054007s, NMI=0.0000 (std=0.0000), Jaccard=0.8765 (std=0.0188), F1=0.9341 (std=0.0102)
2025-04-21 15:38:53: Init - Done Proccessing...
2025-04-21 15:38:59: Total time elapsed - 5.9086s
2025-04-21 15:38:59: Run 0 Summary - model=acmsmn, dataset=texas, variant=1, structure_info=2, fixed_splits=0, Hidden=256, layers=1, hops=3, resnet=0, layer_norm=0, att_hopwise_distinct=0, fuse_hop=mlp, normalization=row_sum, online_cs=signed_cs, lambda_pen=1, lambda_2hop=0.5, threshold=0.9, comm_size=20, approach=distinct_hop, lr=0.0100, weight_decay=0.001000, dropout=0.2000, Test_Mean=0.0557, Test_Std=0.1672, runtime_average=0.20s, epoch_average=20.19ms, CommunitySearchTime=0.076584s, NMI=0.0000 (std=nan), Jaccard=0.7958 (std=nan), F1=0.8863 (std=0.0000)
2025-04-21 15:39:05: Total time elapsed - 11.1603s
2025-04-21 15:39:05: Run 1 Summary - model=acmsmn, dataset=texas, variant=1, structure_info=2, fixed_splits=0, Hidden=256, layers=1, hops=3, resnet=0, layer_norm=0, att_hopwise_distinct=0, fuse_hop=mlp, normalization=row_sum, online_cs=signed_cs, lambda_pen=1, lambda_2hop=0.5, threshold=0.9, comm_size=20, approach=distinct_hop, lr=0.0100, weight_decay=0.001000, dropout=0.2000, Test_Mean=0.0689, Test_Std=0.1675, runtime_average=0.75s, epoch_average=37.80ms, CommunitySearchTime=0.074941s, NMI=0.0000 (std=0.0000), Jaccard=0.7584 (std=0.0528), F1=0.8621 (std=0.0242)
2025-04-21 15:39:10: Total time elapsed - 16.6610s
2025-04-21 15:39:10: Run 2 Summary - model=acmsmn, dataset=texas, variant=1, structure_info=2, fixed_splits=0, Hidden=256, layers=1, hops=3, resnet=0, layer_norm=0, att_hopwise_distinct=0, fuse_hop=mlp, normalization=row_sum, online_cs=signed_cs, lambda_pen=1, lambda_2hop=0.5, threshold=0.9, comm_size=20, approach=distinct_hop, lr=0.0100, weight_decay=0.001000, dropout=0.2000, Test_Mean=0.1295, Test_Std=0.2298, runtime_average=1.29s, epoch_average=43.55ms, CommunitySearchTime=0.074723s, NMI=0.0000 (std=0.0000), Jaccard=0.7519 (std=0.0390), F1=0.8580 (std=0.0206)
2025-04-21 15:39:16: Total time elapsed - 22.3162s
2025-04-21 15:39:16: Run 3 Summary - model=acmsmn, dataset=texas, variant=1, structure_info=2, fixed_splits=0, Hidden=256, layers=1, hops=3, resnet=0, layer_norm=0, att_hopwise_distinct=0, fuse_hop=mlp, normalization=row_sum, online_cs=signed_cs, lambda_pen=1, lambda_2hop=0.5, threshold=0.9, comm_size=20, approach=distinct_hop, lr=0.0100, weight_decay=0.001000, dropout=0.2000, Test_Mean=0.1770, Test_Std=0.2466, runtime_average=1.84s, epoch_average=46.52ms, CommunitySearchTime=0.075448s, NMI=0.0000 (std=0.0000), Jaccard=0.7592 (std=0.0350), F1=0.8628 (std=0.0196)
2025-04-21 15:39:22: Total time elapsed - 28.1279s
2025-04-21 15:39:22: Run 4 Summary - model=acmsmn, dataset=texas, variant=1, structure_info=2, fixed_splits=0, Hidden=256, layers=1, hops=3, resnet=0, layer_norm=0, att_hopwise_distinct=0, fuse_hop=mlp, normalization=row_sum, online_cs=signed_cs, lambda_pen=1, lambda_2hop=0.5, threshold=0.9, comm_size=20, approach=distinct_hop, lr=0.0100, weight_decay=0.001000, dropout=0.2000, Test_Mean=0.2262, Test_Std=0.2553, runtime_average=2.41s, epoch_average=48.66ms, CommunitySearchTime=0.076472s, NMI=0.0000 (std=0.0000), Jaccard=0.7493 (std=0.0376), F1=0.8562 (std=0.0219)
2025-04-21 15:39:27: Total time elapsed - 33.1442s
2025-04-21 15:39:27: Run 5 Summary - model=acmsmn, dataset=texas, variant=1, structure_info=2, fixed_splits=0, Hidden=256, layers=1, hops=3, resnet=0, layer_norm=0, att_hopwise_distinct=0, fuse_hop=mlp, normalization=row_sum, online_cs=signed_cs, lambda_pen=1, lambda_2hop=0.5, threshold=0.9, comm_size=20, approach=distinct_hop, lr=0.0100, weight_decay=0.001000, dropout=0.2000, Test_Mean=0.2393, Test_Std=0.2466, runtime_average=2.96s, epoch_average=49.76ms, CommunitySearchTime=0.075653s, NMI=0.0000 (std=0.0000), Jaccard=0.7484 (std=0.0337), F1=0.8558 (std=0.0200)
2025-04-21 15:39:32: Total time elapsed - 38.3214s
2025-04-21 15:39:32: Run 6 Summary - model=acmsmn, dataset=texas, variant=1, structure_info=2, fixed_splits=0, Hidden=256, layers=1, hops=3, resnet=0, layer_norm=0, att_hopwise_distinct=0, fuse_hop=mlp, normalization=row_sum, online_cs=signed_cs, lambda_pen=1, lambda_2hop=0.5, threshold=0.9, comm_size=20, approach=distinct_hop, lr=0.0100, weight_decay=0.001000, dropout=0.2000, Test_Mean=0.2787, Test_Std=0.2364, runtime_average=3.45s, epoch_average=49.80ms, CommunitySearchTime=0.075697s, NMI=0.0000 (std=0.0000), Jaccard=0.7490 (std=0.0308), F1=0.8562 (std=0.0186)
2025-04-21 15:39:37: Total time elapsed - 43.4104s
2025-04-21 15:39:37: Run 7 Summary - model=acmsmn, dataset=texas, variant=1, structure_info=2, fixed_splits=0, Hidden=256, layers=1, hops=3, resnet=0, layer_norm=0, att_hopwise_distinct=0, fuse_hop=mlp, normalization=row_sum, online_cs=signed_cs, lambda_pen=1, lambda_2hop=0.5, threshold=0.9, comm_size=20, approach=distinct_hop, lr=0.0100, weight_decay=0.001000, dropout=0.2000, Test_Mean=0.3279, Test_Std=0.2242, runtime_average=3.96s, epoch_average=50.00ms, CommunitySearchTime=0.075737s, NMI=0.0000 (std=0.0000), Jaccard=0.7525 (std=0.0302), F1=0.8585 (std=0.0184)
2025-04-21 15:39:42: Total time elapsed - 48.3866s
2025-04-21 15:39:42: Run 8 Summary - model=acmsmn, dataset=texas, variant=1, structure_info=2, fixed_splits=0, Hidden=256, layers=1, hops=3, resnet=0, layer_norm=0, att_hopwise_distinct=0, fuse_hop=mlp, normalization=row_sum, online_cs=signed_cs, lambda_pen=1, lambda_2hop=0.5, threshold=0.9, comm_size=20, approach=distinct_hop, lr=0.0100, weight_decay=0.001000, dropout=0.2000, Test_Mean=0.3705, Test_Std=0.1966, runtime_average=4.47s, epoch_average=50.20ms, CommunitySearchTime=0.075429s, NMI=0.0000 (std=0.0000), Jaccard=0.7538 (std=0.0285), F1=0.8593 (std=0.0175)
2025-04-21 15:39:47: Total time elapsed - 53.2769s
2025-04-21 15:39:47: Run 9 Summary - model=acmsmn, dataset=texas, variant=1, structure_info=2, fixed_splits=0, Hidden=256, layers=1, hops=3, resnet=0, layer_norm=0, att_hopwise_distinct=0, fuse_hop=mlp, normalization=row_sum, online_cs=signed_cs, lambda_pen=1, lambda_2hop=0.5, threshold=0.9, comm_size=20, approach=distinct_hop, lr=0.0100, weight_decay=0.001000, dropout=0.2000, Test_Mean=0.3852, Test_Std=0.1723, runtime_average=5.00s, epoch_average=50.47ms, CommunitySearchTime=0.074483s, NMI=0.0000 (std=0.0000), Jaccard=0.7493 (std=0.0305), F1=0.8563 (std=0.0189)
