2025-04-21 08:55:02: Init - Done Proccessing...
2025-04-21 08:55:08: Total time elapsed - 5.7265s
2025-04-21 08:55:08: Run 0 Summary - model=acmsmn, dataset=cornell, variant=1, structure_info=2, fixed_splits=0, Hidden=256, layers=1, hops=3, resnet=0, layer_norm=0, att_hopwise_distinct=0, fuse_hop=mlp, normalization=softmax, online_cs=signed_cs, lambda_pen=1, lambda_2hop=0.5, threshold=0.9, comm_size=20, approach=cross_skip, lr=0.0100, weight_decay=0.001000, dropout=0.2000, Test_Mean=0.0754, Test_Std=0.2262, runtime_average=0.19s, epoch_average=19.56ms, CommunitySearchTime=0.074227s, NMI=0.0000 (std=nan), Jaccard=0.8737 (std=nan), F1=0.9326 (std=0.0000)
2025-04-21 08:55:12: Total time elapsed - 9.6952s
2025-04-21 08:55:12: Run 1 Summary - model=acmsmn, dataset=cornell, variant=1, structure_info=2, fixed_splits=0, Hidden=256, layers=1, hops=3, resnet=0, layer_norm=0, att_hopwise_distinct=0, fuse_hop=mlp, normalization=softmax, online_cs=signed_cs, lambda_pen=1, lambda_2hop=0.5, threshold=0.9, comm_size=20, approach=cross_skip, lr=0.0100, weight_decay=0.001000, dropout=0.2000, Test_Mean=0.1590, Test_Std=0.3186, runtime_average=0.64s, epoch_average=32.38ms, CommunitySearchTime=0.069870s, NMI=0.0000 (std=0.0000), Jaccard=0.8710 (std=0.0037), F1=0.9311 (std=0.0015)
2025-04-21 08:55:15: Total time elapsed - 13.1587s
2025-04-21 08:55:15: Run 2 Summary - model=acmsmn, dataset=cornell, variant=1, structure_info=2, fixed_splits=0, Hidden=256, layers=1, hops=3, resnet=0, layer_norm=0, att_hopwise_distinct=0, fuse_hop=mlp, normalization=softmax, online_cs=signed_cs, lambda_pen=1, lambda_2hop=0.5, threshold=0.9, comm_size=20, approach=cross_skip, lr=0.0100, weight_decay=0.001000, dropout=0.2000, Test_Mean=0.2361, Test_Std=0.3611, runtime_average=1.02s, epoch_average=34.42ms, CommunitySearchTime=0.066091s, NMI=0.0000 (std=0.0000), Jaccard=0.8639 (std=0.0127), F1=0.9269 (std=0.0060)
2025-04-21 08:55:19: Total time elapsed - 16.6172s
2025-04-21 08:55:19: Run 3 Summary - model=acmsmn, dataset=cornell, variant=1, structure_info=2, fixed_splits=0, Hidden=256, layers=1, hops=3, resnet=0, layer_norm=0, att_hopwise_distinct=0, fuse_hop=mlp, normalization=softmax, online_cs=signed_cs, lambda_pen=1, lambda_2hop=0.5, threshold=0.9, comm_size=20, approach=cross_skip, lr=0.0100, weight_decay=0.001000, dropout=0.2000, Test_Mean=0.3279, Test_Std=0.4036, runtime_average=1.37s, epoch_average=34.55ms, CommunitySearchTime=0.064201s, NMI=0.0000 (std=0.0000), Jaccard=0.8690 (std=0.0145), F1=0.9298 (std=0.0072)
2025-04-21 08:55:22: Total time elapsed - 20.0627s
2025-04-21 08:55:22: Run 4 Summary - model=acmsmn, dataset=cornell, variant=1, structure_info=2, fixed_splits=0, Hidden=256, layers=1, hops=3, resnet=0, layer_norm=0, att_hopwise_distinct=0, fuse_hop=mlp, normalization=softmax, online_cs=signed_cs, lambda_pen=1, lambda_2hop=0.5, threshold=0.9, comm_size=20, approach=cross_skip, lr=0.0100, weight_decay=0.001000, dropout=0.2000, Test_Mean=0.4148, Test_Std=0.4170, runtime_average=1.71s, epoch_average=34.62ms, CommunitySearchTime=0.063025s, NMI=0.0000 (std=0.0000), Jaccard=0.8739 (std=0.0168), F1=0.9326 (std=0.0086)
2025-04-21 08:55:25: Total time elapsed - 23.5198s
2025-04-21 08:55:25: Run 5 Summary - model=acmsmn, dataset=cornell, variant=1, structure_info=2, fixed_splits=0, Hidden=256, layers=1, hops=3, resnet=0, layer_norm=0, att_hopwise_distinct=0, fuse_hop=mlp, normalization=softmax, online_cs=signed_cs, lambda_pen=1, lambda_2hop=0.5, threshold=0.9, comm_size=20, approach=cross_skip, lr=0.0100, weight_decay=0.001000, dropout=0.2000, Test_Mean=0.5082, Test_Std=0.4183, runtime_average=2.06s, epoch_average=34.65ms, CommunitySearchTime=0.062293s, NMI=0.0000 (std=0.0000), Jaccard=0.8702 (std=0.0175), F1=0.9305 (std=0.0092)
2025-04-21 08:55:29: Total time elapsed - 26.9646s
2025-04-21 08:55:29: Run 6 Summary - model=acmsmn, dataset=cornell, variant=1, structure_info=2, fixed_splits=0, Hidden=256, layers=1, hops=3, resnet=0, layer_norm=0, att_hopwise_distinct=0, fuse_hop=mlp, normalization=softmax, online_cs=signed_cs, lambda_pen=1, lambda_2hop=0.5, threshold=0.9, comm_size=20, approach=cross_skip, lr=0.0100, weight_decay=0.001000, dropout=0.2000, Test_Mean=0.5934, Test_Std=0.3921, runtime_average=2.40s, epoch_average=34.68ms, CommunitySearchTime=0.061740s, NMI=0.0000 (std=0.0000), Jaccard=0.8704 (std=0.0160), F1=0.9306 (std=0.0085)
2025-04-21 08:55:32: Total time elapsed - 30.4277s
2025-04-21 08:55:32: Run 7 Summary - model=acmsmn, dataset=cornell, variant=1, structure_info=2, fixed_splits=0, Hidden=256, layers=1, hops=3, resnet=0, layer_norm=0, att_hopwise_distinct=0, fuse_hop=mlp, normalization=softmax, online_cs=signed_cs, lambda_pen=1, lambda_2hop=0.5, threshold=0.9, comm_size=20, approach=cross_skip, lr=0.0100, weight_decay=0.001000, dropout=0.2000, Test_Mean=0.6803, Test_Std=0.3443, runtime_average=2.75s, epoch_average=34.70ms, CommunitySearchTime=0.061368s, NMI=0.0000 (std=0.0000), Jaccard=0.8684 (std=0.0158), F1=0.9295 (std=0.0085)
2025-04-21 08:55:36: Total time elapsed - 33.8755s
2025-04-21 08:55:36: Run 8 Summary - model=acmsmn, dataset=cornell, variant=1, structure_info=2, fixed_splits=0, Hidden=256, layers=1, hops=3, resnet=0, layer_norm=0, att_hopwise_distinct=0, fuse_hop=mlp, normalization=softmax, online_cs=signed_cs, lambda_pen=1, lambda_2hop=0.5, threshold=0.9, comm_size=20, approach=cross_skip, lr=0.0100, weight_decay=0.001000, dropout=0.2000, Test_Mean=0.7721, Test_Std=0.2636, runtime_average=3.09s, epoch_average=34.73ms, CommunitySearchTime=0.061036s, NMI=0.0000 (std=0.0000), Jaccard=0.8722 (std=0.0186), F1=0.9316 (std=0.0100)
2025-04-21 08:55:39: Total time elapsed - 37.3217s
2025-04-21 08:55:39: Run 9 Summary - model=acmsmn, dataset=cornell, variant=1, structure_info=2, fixed_splits=0, Hidden=256, layers=1, hops=3, resnet=0, layer_norm=0, att_hopwise_distinct=0, fuse_hop=mlp, normalization=softmax, online_cs=signed_cs, lambda_pen=1, lambda_2hop=0.5, threshold=0.9, comm_size=20, approach=cross_skip, lr=0.0100, weight_decay=0.001000, dropout=0.2000, Test_Mean=0.8443, Test_Std=0.0700, runtime_average=3.44s, epoch_average=34.74ms, CommunitySearchTime=0.060776s, NMI=0.0000 (std=0.0000), Jaccard=0.8728 (std=0.0177), F1=0.9320 (std=0.0095)
2025-04-21 08:55:43: Init - Done Proccessing...
2025-04-21 08:55:48: Total time elapsed - 4.7496s
2025-04-21 08:55:48: Run 0 Summary - model=acmsmn, dataset=cornell, variant=1, structure_info=2, fixed_splits=0, Hidden=64, layers=1, hops=3, resnet=0, layer_norm=0, att_hopwise_distinct=0, fuse_hop=mlp, normalization=softmax, online_cs=signed_cs, lambda_pen=1, lambda_2hop=0.5, threshold=0.9, comm_size=20, approach=distinct_hop, lr=0.0100, weight_decay=0.001000, dropout=0.2000, Test_Mean=0.0918, Test_Std=0.2754, runtime_average=0.20s, epoch_average=20.14ms, CommunitySearchTime=0.053535s, NMI=0.0000 (std=nan), Jaccard=0.8916 (std=nan), F1=0.9427 (std=0.0000)
2025-04-21 08:55:53: Total time elapsed - 9.2059s
2025-04-21 08:55:53: Run 1 Summary - model=acmsmn, dataset=cornell, variant=1, structure_info=2, fixed_splits=0, Hidden=64, layers=1, hops=3, resnet=0, layer_norm=0, att_hopwise_distinct=0, fuse_hop=mlp, normalization=softmax, online_cs=signed_cs, lambda_pen=1, lambda_2hop=0.5, threshold=0.9, comm_size=20, approach=distinct_hop, lr=0.0100, weight_decay=0.001000, dropout=0.2000, Test_Mean=0.1852, Test_Std=0.3705, runtime_average=0.65s, epoch_average=32.72ms, CommunitySearchTime=0.053926s, NMI=0.0000 (std=0.0000), Jaccard=0.9016 (std=0.0141), F1=0.9482 (std=0.0055)
2025-04-21 08:55:57: Total time elapsed - 13.5470s
2025-04-21 08:55:57: Run 2 Summary - model=acmsmn, dataset=cornell, variant=1, structure_info=2, fixed_splits=0, Hidden=64, layers=1, hops=3, resnet=0, layer_norm=0, att_hopwise_distinct=0, fuse_hop=mlp, normalization=softmax, online_cs=signed_cs, lambda_pen=1, lambda_2hop=0.5, threshold=0.9, comm_size=20, approach=distinct_hop, lr=0.0100, weight_decay=0.001000, dropout=0.2000, Test_Mean=0.2672, Test_Std=0.4091, runtime_average=1.09s, epoch_average=36.81ms, CommunitySearchTime=0.053302s, NMI=0.0000 (std=0.0000), Jaccard=0.8997 (std=0.0105), F1=0.9471 (std=0.0047)
2025-04-21 08:56:01: Total time elapsed - 17.9005s
2025-04-21 08:56:01: Run 3 Summary - model=acmsmn, dataset=cornell, variant=1, structure_info=2, fixed_splits=0, Hidden=64, layers=1, hops=3, resnet=0, layer_norm=0, att_hopwise_distinct=0, fuse_hop=mlp, normalization=softmax, online_cs=signed_cs, lambda_pen=1, lambda_2hop=0.5, threshold=0.9, comm_size=20, approach=distinct_hop, lr=0.0100, weight_decay=0.001000, dropout=0.2000, Test_Mean=0.3590, Test_Std=0.4406, runtime_average=1.53s, epoch_average=38.57ms, CommunitySearchTime=0.053049s, NMI=0.0000 (std=0.0000), Jaccard=0.8987 (std=0.0088), F1=0.9466 (std=0.0042)
2025-04-21 08:56:06: Total time elapsed - 22.3326s
2025-04-21 08:56:06: Run 4 Summary - model=acmsmn, dataset=cornell, variant=1, structure_info=2, fixed_splits=0, Hidden=64, layers=1, hops=3, resnet=0, layer_norm=0, att_hopwise_distinct=0, fuse_hop=mlp, normalization=softmax, online_cs=signed_cs, lambda_pen=1, lambda_2hop=0.5, threshold=0.9, comm_size=20, approach=distinct_hop, lr=0.0100, weight_decay=0.001000, dropout=0.2000, Test_Mean=0.4344, Test_Std=0.4373, runtime_average=1.96s, epoch_average=39.67ms, CommunitySearchTime=0.053177s, NMI=0.0000 (std=0.0000), Jaccard=0.8937 (std=0.0135), F1=0.9438 (std=0.0067)
2025-04-21 08:56:10: Total time elapsed - 26.6795s
2025-04-21 08:56:10: Run 5 Summary - model=acmsmn, dataset=cornell, variant=1, structure_info=2, fixed_splits=0, Hidden=64, layers=1, hops=3, resnet=0, layer_norm=0, att_hopwise_distinct=0, fuse_hop=mlp, normalization=softmax, online_cs=signed_cs, lambda_pen=1, lambda_2hop=0.5, threshold=0.9, comm_size=20, approach=distinct_hop, lr=0.0100, weight_decay=0.001000, dropout=0.2000, Test_Mean=0.5098, Test_Std=0.4205, runtime_average=2.41s, epoch_average=40.51ms, CommunitySearchTime=0.052986s, NMI=0.0000 (std=0.0000), Jaccard=0.8925 (std=0.0125), F1=0.9431 (std=0.0063)
2025-04-21 08:56:15: Total time elapsed - 31.0418s
2025-04-21 08:56:15: Run 6 Summary - model=acmsmn, dataset=cornell, variant=1, structure_info=2, fixed_splits=0, Hidden=64, layers=1, hops=3, resnet=0, layer_norm=0, att_hopwise_distinct=0, fuse_hop=mlp, normalization=softmax, online_cs=signed_cs, lambda_pen=1, lambda_2hop=0.5, threshold=0.9, comm_size=20, approach=distinct_hop, lr=0.0100, weight_decay=0.001000, dropout=0.2000, Test_Mean=0.5902, Test_Std=0.3912, runtime_average=2.84s, epoch_average=41.01ms, CommunitySearchTime=0.052880s, NMI=0.0000 (std=0.0000), Jaccard=0.8919 (std=0.0115), F1=0.9428 (std=0.0059)
2025-04-21 08:56:19: Total time elapsed - 35.4459s
2025-04-21 08:56:19: Run 7 Summary - model=acmsmn, dataset=cornell, variant=1, structure_info=2, fixed_splits=0, Hidden=64, layers=1, hops=3, resnet=0, layer_norm=0, att_hopwise_distinct=0, fuse_hop=mlp, normalization=softmax, online_cs=signed_cs, lambda_pen=1, lambda_2hop=0.5, threshold=0.9, comm_size=20, approach=distinct_hop, lr=0.0100, weight_decay=0.001000, dropout=0.2000, Test_Mean=0.6705, Test_Std=0.3410, runtime_average=3.28s, epoch_average=41.37ms, CommunitySearchTime=0.052942s, NMI=0.0000 (std=0.0000), Jaccard=0.8815 (std=0.0314), F1=0.9367 (std=0.0170)
2025-04-21 08:56:23: Total time elapsed - 39.8065s
2025-04-21 08:56:23: Run 8 Summary - model=acmsmn, dataset=cornell, variant=1, structure_info=2, fixed_splits=0, Hidden=64, layers=1, hops=3, resnet=0, layer_norm=0, att_hopwise_distinct=0, fuse_hop=mlp, normalization=softmax, online_cs=signed_cs, lambda_pen=1, lambda_2hop=0.5, threshold=0.9, comm_size=20, approach=distinct_hop, lr=0.0100, weight_decay=0.001000, dropout=0.2000, Test_Mean=0.7557, Test_Std=0.2596, runtime_average=3.72s, epoch_average=41.72ms, CommunitySearchTime=0.052886s, NMI=0.0000 (std=0.0000), Jaccard=0.8862 (std=0.0326), F1=0.9394 (std=0.0177)
2025-04-21 08:56:28: Total time elapsed - 44.2295s
2025-04-21 08:56:28: Run 9 Summary - model=acmsmn, dataset=cornell, variant=1, structure_info=2, fixed_splits=0, Hidden=64, layers=1, hops=3, resnet=0, layer_norm=0, att_hopwise_distinct=0, fuse_hop=mlp, normalization=softmax, online_cs=signed_cs, lambda_pen=1, lambda_2hop=0.5, threshold=0.9, comm_size=20, approach=distinct_hop, lr=0.0100, weight_decay=0.001000, dropout=0.2000, Test_Mean=0.8443, Test_Std=0.0640, runtime_average=4.15s, epoch_average=41.95ms, CommunitySearchTime=0.052982s, NMI=0.0000 (std=0.0000), Jaccard=0.8855 (std=0.0308), F1=0.9390 (std=0.0169)
