2025-03-24 13:34:08: Init - Done Proccessing...
2025-03-24 13:34:12: Total time elapsed - 2.8010s
2025-03-24 13:34:12: Run 0 Summary - model=acmsmn, dataset=texas, variant=1.0, init_layers_X=2, structure_info=2, Hidden=256, lr=0.0500, weight_decay=0.001000, dropout=0.8000, hops=3, resnet=0.0, layer_norm=0.0, att_hopwise_distinct=0.0, fuse_hop=mlp, layers=1, Test_Mean=0.0918, Test_Std=0.2754, runtime_average=0.26s, epoch_average=25.99ms, normalization=local_w, online_cs=sub_cs, lambda_pen=0.5, lambda_2hop=0.5, threshold=0.9, comm_size=20, CommunitySearchTime=0.003535s, NMI=0.0000 (std=nan), Jaccard=0.8905 (std=nan), F1=0.9421 (std=0.0000)
2025-03-24 13:34:15: Total time elapsed - 5.6828s
2025-03-24 13:34:15: Run 1 Summary - model=acmsmn, dataset=texas, variant=1.0, init_layers_X=2, structure_info=2, Hidden=256, lr=0.0500, weight_decay=0.001000, dropout=0.8000, hops=3, resnet=0.0, layer_norm=0.0, att_hopwise_distinct=0.0, fuse_hop=mlp, layers=1, Test_Mean=0.1770, Test_Std=0.3544, runtime_average=0.54s, epoch_average=27.44ms, normalization=local_w, online_cs=sub_cs, lambda_pen=0.5, lambda_2hop=0.5, threshold=0.9, comm_size=20, CommunitySearchTime=0.004158s, NMI=0.0000 (std=0.0000), Jaccard=0.8773 (std=0.0186), F1=0.9346 (std=0.0075)
2025-03-24 13:34:18: Total time elapsed - 8.5296s
2025-03-24 13:34:18: Run 2 Summary - model=acmsmn, dataset=texas, variant=1.0, init_layers_X=2, structure_info=2, Hidden=256, lr=0.0500, weight_decay=0.001000, dropout=0.8000, hops=3, resnet=0.0, layer_norm=0.0, att_hopwise_distinct=0.0, fuse_hop=mlp, layers=1, Test_Mean=0.2689, Test_Std=0.4110, runtime_average=0.83s, epoch_average=27.95ms, normalization=local_w, online_cs=sub_cs, lambda_pen=0.5, lambda_2hop=0.5, threshold=0.9, comm_size=20, CommunitySearchTime=0.004220s, NMI=0.0000 (std=0.0000), Jaccard=0.8733 (std=0.0149), F1=0.9324 (std=0.0069)
2025-03-24 13:34:20: Total time elapsed - 11.3870s
2025-03-24 13:34:20: Run 3 Summary - model=acmsmn, dataset=texas, variant=1.0, init_layers_X=2, structure_info=2, Hidden=256, lr=0.0500, weight_decay=0.001000, dropout=0.8000, hops=3, resnet=0.0, layer_norm=0.0, att_hopwise_distinct=0.0, fuse_hop=mlp, layers=1, Test_Mean=0.3656, Test_Std=0.4485, runtime_average=1.12s, epoch_average=28.16ms, normalization=local_w, online_cs=sub_cs, lambda_pen=0.5, lambda_2hop=0.5, threshold=0.9, comm_size=20, CommunitySearchTime=0.004281s, NMI=0.0000 (std=0.0000), Jaccard=0.8961 (std=0.0470), F1=0.9447 (std=0.0222)
2025-03-24 13:34:23: Total time elapsed - 14.0772s
2025-03-24 13:34:23: Run 4 Summary - model=acmsmn, dataset=texas, variant=1.0, init_layers_X=2, structure_info=2, Hidden=256, lr=0.0500, weight_decay=0.001000, dropout=0.8000, hops=3, resnet=0.0, layer_norm=0.0, att_hopwise_distinct=0.0, fuse_hop=mlp, layers=1, Test_Mean=0.4557, Test_Std=0.4565, runtime_average=1.38s, epoch_average=27.90ms, normalization=local_w, online_cs=sub_cs, lambda_pen=0.5, lambda_2hop=0.5, threshold=0.9, comm_size=20, CommunitySearchTime=0.004446s, NMI=0.0000 (std=0.0000), Jaccard=0.8912 (std=0.0422), F1=0.9421 (std=0.0206)
2025-03-24 13:34:26: Total time elapsed - 16.9322s
2025-03-24 13:34:26: Run 5 Summary - model=acmsmn, dataset=texas, variant=1.0, init_layers_X=2, structure_info=2, Hidden=256, lr=0.0500, weight_decay=0.001000, dropout=0.8000, hops=3, resnet=0.0, layer_norm=0.0, att_hopwise_distinct=0.0, fuse_hop=mlp, layers=1, Test_Mean=0.5459, Test_Std=0.4465, runtime_average=1.67s, epoch_average=28.11ms, normalization=local_w, online_cs=sub_cs, lambda_pen=0.5, lambda_2hop=0.5, threshold=0.9, comm_size=20, CommunitySearchTime=0.004456s, NMI=0.0000 (std=0.0000), Jaccard=0.8911 (std=0.0377), F1=0.9421 (std=0.0188)
2025-03-24 13:34:29: Total time elapsed - 19.7965s
2025-03-24 13:34:29: Run 6 Summary - model=acmsmn, dataset=texas, variant=1.0, init_layers_X=2, structure_info=2, Hidden=256, lr=0.0500, weight_decay=0.001000, dropout=0.8000, hops=3, resnet=0.0, layer_norm=0.0, att_hopwise_distinct=0.0, fuse_hop=mlp, layers=1, Test_Mean=0.6361, Test_Std=0.4172, runtime_average=1.96s, epoch_average=28.22ms, normalization=local_w, online_cs=sub_cs, lambda_pen=0.5, lambda_2hop=0.5, threshold=0.9, comm_size=20, CommunitySearchTime=0.004475s, NMI=0.0000 (std=0.0000), Jaccard=0.8964 (std=0.0372), F1=0.9450 (std=0.0189)
2025-03-24 13:34:32: Total time elapsed - 22.6546s
2025-03-24 13:34:32: Run 7 Summary - model=acmsmn, dataset=texas, variant=1.0, init_layers_X=2, structure_info=2, Hidden=256, lr=0.0500, weight_decay=0.001000, dropout=0.8000, hops=3, resnet=0.0, layer_norm=0.0, att_hopwise_distinct=0.0, fuse_hop=mlp, layers=1, Test_Mean=0.7246, Test_Std=0.3633, runtime_average=2.24s, epoch_average=28.28ms, normalization=local_w, online_cs=sub_cs, lambda_pen=0.5, lambda_2hop=0.5, threshold=0.9, comm_size=20, CommunitySearchTime=0.004520s, NMI=0.0000 (std=0.0000), Jaccard=0.8968 (std=0.0345), F1=0.9453 (std=0.0177)
2025-03-24 13:34:35: Total time elapsed - 25.5058s
2025-03-24 13:34:35: Run 8 Summary - model=acmsmn, dataset=texas, variant=1.0, init_layers_X=2, structure_info=2, Hidden=256, lr=0.0500, weight_decay=0.001000, dropout=0.8000, hops=3, resnet=0.0, layer_norm=0.0, att_hopwise_distinct=0.0, fuse_hop=mlp, layers=1, Test_Mean=0.8115, Test_Std=0.2721, runtime_average=2.53s, epoch_average=28.35ms, normalization=local_w, online_cs=sub_cs, lambda_pen=0.5, lambda_2hop=0.5, threshold=0.9, comm_size=20, CommunitySearchTime=0.004533s, NMI=0.0000 (std=0.0000), Jaccard=0.8895 (std=0.0391), F1=0.9411 (std=0.0205)
2025-03-24 13:34:37: Total time elapsed - 28.3126s
2025-03-24 13:34:37: Run 9 Summary - model=acmsmn, dataset=texas, variant=1.0, init_layers_X=2, structure_info=2, Hidden=256, lr=0.0500, weight_decay=0.001000, dropout=0.8000, hops=3, resnet=0.0, layer_norm=0.0, att_hopwise_distinct=0.0, fuse_hop=mlp, layers=1, Test_Mean=0.9000, Test_Std=0.0297, runtime_average=2.81s, epoch_average=28.39ms, normalization=local_w, online_cs=sub_cs, lambda_pen=0.5, lambda_2hop=0.5, threshold=0.9, comm_size=20, CommunitySearchTime=0.004466s, NMI=0.0000 (std=0.0000), Jaccard=0.8874 (std=0.0375), F1=0.9400 (std=0.0197)
2025-03-24 13:34:42: Init - Done Proccessing...
2025-03-24 13:39:45: Total time elapsed - 302.4038s
2025-03-24 13:39:45: Run 0 Summary - model=acmsmn, dataset=film, variant=0.0, init_layers_X=2, structure_info=0, Hidden=256, lr=0.0050, weight_decay=0.001000, dropout=0.0000, hops=3, resnet=0.0, layer_norm=0.0, att_hopwise_distinct=0.0, fuse_hop=mlp, layers=1, Test_Mean=0.0379, Test_Std=0.1138, runtime_average=30.20s, epoch_average=3050.06ms, normalization=local_w, online_cs=sub_cs, lambda_pen=0.5, lambda_2hop=0.5, threshold=0.9, comm_size=20, CommunitySearchTime=0.007843s, NMI=0.0000 (std=nan), Jaccard=0.2611 (std=nan), F1=0.4140 (std=0.0000)
2025-03-24 13:44:48: Total time elapsed - 604.7704s
2025-03-24 13:44:48: Run 1 Summary - model=acmsmn, dataset=film, variant=0.0, init_layers_X=2, structure_info=0, Hidden=256, lr=0.0050, weight_decay=0.001000, dropout=0.0000, hops=3, resnet=0.0, layer_norm=0.0, att_hopwise_distinct=0.0, fuse_hop=mlp, layers=1, Test_Mean=0.0771, Test_Std=0.1542, runtime_average=60.46s, epoch_average=3053.30ms, normalization=local_w, online_cs=sub_cs, lambda_pen=0.5, lambda_2hop=0.5, threshold=0.9, comm_size=20, CommunitySearchTime=0.005998s, NMI=0.0000 (std=0.0000), Jaccard=0.3053 (std=0.0625), F1=0.4659 (std=0.0520)
2025-03-24 13:49:49: Total time elapsed - 906.4780s
2025-03-24 13:49:49: Run 2 Summary - model=acmsmn, dataset=film, variant=0.0, init_layers_X=2, structure_info=0, Hidden=256, lr=0.0050, weight_decay=0.001000, dropout=0.0000, hops=3, resnet=0.0, layer_norm=0.0, att_hopwise_distinct=0.0, fuse_hop=mlp, layers=1, Test_Mean=0.1139, Test_Std=0.1741, runtime_average=90.63s, epoch_average=3051.39ms, normalization=local_w, online_cs=sub_cs, lambda_pen=0.5, lambda_2hop=0.5, threshold=0.9, comm_size=20, CommunitySearchTime=0.005363s, NMI=0.0000 (std=0.0000), Jaccard=0.3320 (std=0.0639), F1=0.4960 (std=0.0601)
2025-03-24 13:54:52: Total time elapsed - 1209.4626s
2025-03-24 13:54:52: Run 3 Summary - model=acmsmn, dataset=film, variant=0.0, init_layers_X=2, structure_info=0, Hidden=256, lr=0.0050, weight_decay=0.001000, dropout=0.0000, hops=3, resnet=0.0, layer_norm=0.0, att_hopwise_distinct=0.0, fuse_hop=mlp, layers=1, Test_Mean=0.1502, Test_Std=0.1840, runtime_average=120.91s, epoch_average=3053.21ms, normalization=local_w, online_cs=sub_cs, lambda_pen=0.5, lambda_2hop=0.5, threshold=0.9, comm_size=20, CommunitySearchTime=0.005900s, NMI=0.0000 (std=0.0000), Jaccard=0.3342 (std=0.0524), F1=0.4992 (std=0.0523)
2025-03-24 13:59:56: Total time elapsed - 1513.1331s
2025-03-24 13:59:56: Run 4 Summary - model=acmsmn, dataset=film, variant=0.0, init_layers_X=2, structure_info=0, Hidden=256, lr=0.0050, weight_decay=0.001000, dropout=0.0000, hops=3, resnet=0.0, layer_norm=0.0, att_hopwise_distinct=0.0, fuse_hop=mlp, layers=1, Test_Mean=0.1877, Test_Std=0.1878, runtime_average=151.29s, epoch_average=3056.37ms, normalization=local_w, online_cs=sub_cs, lambda_pen=0.5, lambda_2hop=0.5, threshold=0.9, comm_size=20, CommunitySearchTime=0.005603s, NMI=0.0000 (std=0.0000), Jaccard=0.3285 (std=0.0472), F1=0.4929 (std=0.0485)
2025-03-24 14:04:58: Total time elapsed - 1815.2506s
2025-03-24 14:04:58: Run 5 Summary - model=acmsmn, dataset=film, variant=0.0, init_layers_X=2, structure_info=0, Hidden=256, lr=0.0050, weight_decay=0.001000, dropout=0.0000, hops=3, resnet=0.0, layer_norm=0.0, att_hopwise_distinct=0.0, fuse_hop=mlp, layers=1, Test_Mean=0.2244, Test_Std=0.1834, runtime_average=181.50s, epoch_average=3055.56ms, normalization=local_w, online_cs=sub_cs, lambda_pen=0.5, lambda_2hop=0.5, threshold=0.9, comm_size=20, CommunitySearchTime=0.005453s, NMI=0.0000 (std=0.0000), Jaccard=0.3448 (std=0.0581), F1=0.5104 (std=0.0590)
2025-03-24 14:10:01: Total time elapsed - 2117.8512s
2025-03-24 14:10:01: Run 6 Summary - model=acmsmn, dataset=film, variant=0.0, init_layers_X=2, structure_info=0, Hidden=256, lr=0.0050, weight_decay=0.001000, dropout=0.0000, hops=3, resnet=0.0, layer_norm=0.0, att_hopwise_distinct=0.0, fuse_hop=mlp, layers=1, Test_Mean=0.2614, Test_Std=0.1713, runtime_average=211.76s, epoch_average=3055.71ms, normalization=local_w, online_cs=sub_cs, lambda_pen=0.5, lambda_2hop=0.5, threshold=0.9, comm_size=20, CommunitySearchTime=0.005339s, NMI=0.0000 (std=0.0000), Jaccard=0.3411 (std=0.0539), F1=0.5065 (std=0.0555)
2025-03-24 14:15:02: Total time elapsed - 2419.4617s
2025-03-24 14:15:02: Run 7 Summary - model=acmsmn, dataset=film, variant=0.0, init_layers_X=2, structure_info=0, Hidden=256, lr=0.0050, weight_decay=0.001000, dropout=0.0000, hops=3, resnet=0.0, layer_norm=0.0, att_hopwise_distinct=0.0, fuse_hop=mlp, layers=1, Test_Mean=0.2992, Test_Std=0.1498, runtime_average=241.92s, epoch_average=3054.59ms, normalization=local_w, online_cs=sub_cs, lambda_pen=0.5, lambda_2hop=0.5, threshold=0.9, comm_size=20, CommunitySearchTime=0.005220s, NMI=0.0000 (std=0.0000), Jaccard=0.3409 (std=0.0499), F1=0.5067 (std=0.0519)
2025-03-24 14:20:04: Total time elapsed - 2721.0363s
2025-03-24 14:20:04: Run 8 Summary - model=acmsmn, dataset=film, variant=0.0, init_layers_X=2, structure_info=0, Hidden=256, lr=0.0050, weight_decay=0.001000, dropout=0.0000, hops=3, resnet=0.0, layer_norm=0.0, att_hopwise_distinct=0.0, fuse_hop=mlp, layers=1, Test_Mean=0.3346, Test_Std=0.1119, runtime_average=272.08s, epoch_average=3053.66ms, normalization=local_w, online_cs=sub_cs, lambda_pen=0.5, lambda_2hop=0.5, threshold=0.9, comm_size=20, CommunitySearchTime=0.005119s, NMI=0.0000 (std=0.0000), Jaccard=0.3476 (std=0.0508), F1=0.5140 (std=0.0531)
2025-03-24 14:25:05: Total time elapsed - 3022.5834s
2025-03-24 14:25:05: Run 9 Summary - model=acmsmn, dataset=film, variant=0.0, init_layers_X=2, structure_info=0, Hidden=256, lr=0.0050, weight_decay=0.001000, dropout=0.0000, hops=3, resnet=0.0, layer_norm=0.0, att_hopwise_distinct=0.0, fuse_hop=mlp, layers=1, Test_Mean=0.3702, Test_Std=0.0106, runtime_average=302.24s, epoch_average=3052.90ms, normalization=local_w, online_cs=sub_cs, lambda_pen=0.5, lambda_2hop=0.5, threshold=0.9, comm_size=20, CommunitySearchTime=0.005019s, NMI=0.0000 (std=0.0000), Jaccard=0.3508 (std=0.0489), F1=0.5175 (std=0.0515)
