2025-04-21 14:11:07: Init - Done Proccessing...
2025-04-21 14:11:12: Total time elapsed - 4.7834s
2025-04-21 14:11:12: Run 0 Summary - model=acmsmn, dataset=cornell, variant=1, structure_info=2, fixed_splits=1.0, Hidden=256, layers=1, hops=3, resnet=0, layer_norm=0, att_hopwise_distinct=0, fuse_hop=mlp, normalization=softmax, online_cs=signed_cs, lambda_pen=1, lambda_2hop=0.5, threshold=0.9, comm_size=20, approach=distinct_hop, lr=0.0100, weight_decay=0.001000, dropout=0.2000, Test_Mean=0.0595, Test_Std=0.1784, runtime_average=0.21s, epoch_average=21.10ms, CommunitySearchTime=0.052320s, NMI=0.0000 (std=nan), Jaccard=0.6832 (std=nan), F1=0.8118 (std=0.0000)
2025-04-21 14:11:17: Total time elapsed - 9.2979s
2025-04-21 14:11:17: Run 1 Summary - model=acmsmn, dataset=cornell, variant=1, structure_info=2, fixed_splits=1.0, Hidden=256, layers=1, hops=3, resnet=0, layer_norm=0, att_hopwise_distinct=0, fuse_hop=mlp, normalization=softmax, online_cs=signed_cs, lambda_pen=1, lambda_2hop=0.5, threshold=0.9, comm_size=20, approach=distinct_hop, lr=0.0100, weight_decay=0.001000, dropout=0.2000, Test_Mean=0.1351, Test_Std=0.2727, runtime_average=0.66s, epoch_average=33.42ms, CommunitySearchTime=0.052851s, NMI=0.0000 (std=0.0000), Jaccard=0.7285 (std=0.0640), F1=0.8421 (std=0.0303)
2025-04-21 14:11:21: Total time elapsed - 13.7657s
2025-04-21 14:11:21: Run 2 Summary - model=acmsmn, dataset=cornell, variant=1, structure_info=2, fixed_splits=1.0, Hidden=256, layers=1, hops=3, resnet=0, layer_norm=0, att_hopwise_distinct=0, fuse_hop=mlp, normalization=softmax, online_cs=signed_cs, lambda_pen=1, lambda_2hop=0.5, threshold=0.9, comm_size=20, approach=distinct_hop, lr=0.0100, weight_decay=0.001000, dropout=0.2000, Test_Mean=0.2270, Test_Std=0.3543, runtime_average=1.11s, epoch_average=37.46ms, CommunitySearchTime=0.052744s, NMI=0.0000 (std=0.0000), Jaccard=0.7449 (std=0.0535), F1=0.8531 (std=0.0292)
2025-04-21 14:11:26: Total time elapsed - 18.3441s
2025-04-21 14:11:26: Run 3 Summary - model=acmsmn, dataset=cornell, variant=1, structure_info=2, fixed_splits=1.0, Hidden=256, layers=1, hops=3, resnet=0, layer_norm=0, att_hopwise_distinct=0, fuse_hop=mlp, normalization=softmax, online_cs=signed_cs, lambda_pen=1, lambda_2hop=0.5, threshold=0.9, comm_size=20, approach=distinct_hop, lr=0.0100, weight_decay=0.001000, dropout=0.2000, Test_Mean=0.3081, Test_Std=0.3845, runtime_average=1.56s, epoch_average=39.47ms, CommunitySearchTime=0.053062s, NMI=0.0000 (std=0.0000), Jaccard=0.7548 (std=0.0479), F1=0.8596 (std=0.0277)
2025-04-21 14:11:30: Total time elapsed - 22.7990s
2025-04-21 14:11:30: Run 4 Summary - model=acmsmn, dataset=cornell, variant=1, structure_info=2, fixed_splits=1.0, Hidden=256, layers=1, hops=3, resnet=0, layer_norm=0, att_hopwise_distinct=0, fuse_hop=mlp, normalization=softmax, online_cs=signed_cs, lambda_pen=1, lambda_2hop=0.5, threshold=0.9, comm_size=20, approach=distinct_hop, lr=0.0100, weight_decay=0.001000, dropout=0.2000, Test_Mean=0.3946, Test_Std=0.4024, runtime_average=2.01s, epoch_average=40.67ms, CommunitySearchTime=0.053062s, NMI=0.0000 (std=0.0000), Jaccard=0.7733 (std=0.0586), F1=0.8712 (std=0.0339)
2025-04-21 14:11:35: Total time elapsed - 27.2484s
2025-04-21 14:11:35: Run 5 Summary - model=acmsmn, dataset=cornell, variant=1, structure_info=2, fixed_splits=1.0, Hidden=256, layers=1, hops=3, resnet=0, layer_norm=0, att_hopwise_distinct=0, fuse_hop=mlp, normalization=softmax, online_cs=signed_cs, lambda_pen=1, lambda_2hop=0.5, threshold=0.9, comm_size=20, approach=distinct_hop, lr=0.0100, weight_decay=0.001000, dropout=0.2000, Test_Mean=0.4730, Test_Std=0.3941, runtime_average=2.46s, epoch_average=41.45ms, CommunitySearchTime=0.052926s, NMI=0.0000 (std=0.0000), Jaccard=0.7755 (std=0.0527), F1=0.8727 (std=0.0311)
2025-04-21 14:11:39: Total time elapsed - 31.7026s
2025-04-21 14:11:39: Run 6 Summary - model=acmsmn, dataset=cornell, variant=1, structure_info=2, fixed_splits=1.0, Hidden=256, layers=1, hops=3, resnet=0, layer_norm=0, att_hopwise_distinct=0, fuse_hop=mlp, normalization=softmax, online_cs=signed_cs, lambda_pen=1, lambda_2hop=0.5, threshold=0.9, comm_size=20, approach=distinct_hop, lr=0.0100, weight_decay=0.001000, dropout=0.2000, Test_Mean=0.5595, Test_Std=0.3753, runtime_average=2.90s, epoch_average=41.84ms, CommunitySearchTime=0.053069s, NMI=0.0000 (std=0.0000), Jaccard=0.7826 (std=0.0517), F1=0.8772 (std=0.0309)
2025-04-21 14:11:44: Total time elapsed - 36.2594s
2025-04-21 14:11:44: Run 7 Summary - model=acmsmn, dataset=cornell, variant=1, structure_info=2, fixed_splits=1.0, Hidden=256, layers=1, hops=3, resnet=0, layer_norm=0, att_hopwise_distinct=0, fuse_hop=mlp, normalization=softmax, online_cs=signed_cs, lambda_pen=1, lambda_2hop=0.5, threshold=0.9, comm_size=20, approach=distinct_hop, lr=0.0100, weight_decay=0.001000, dropout=0.2000, Test_Mean=0.6405, Test_Std=0.3306, runtime_average=3.35s, epoch_average=42.27ms, CommunitySearchTime=0.053354s, NMI=0.0000 (std=0.0000), Jaccard=0.7883 (std=0.0505), F1=0.8808 (std=0.0304)
2025-04-21 14:11:48: Total time elapsed - 40.7151s
2025-04-21 14:11:48: Run 8 Summary - model=acmsmn, dataset=cornell, variant=1, structure_info=2, fixed_splits=1.0, Hidden=256, layers=1, hops=3, resnet=0, layer_norm=0, att_hopwise_distinct=0, fuse_hop=mlp, normalization=softmax, online_cs=signed_cs, lambda_pen=1, lambda_2hop=0.5, threshold=0.9, comm_size=20, approach=distinct_hop, lr=0.0100, weight_decay=0.001000, dropout=0.2000, Test_Mean=0.7243, Test_Std=0.2552, runtime_average=3.80s, epoch_average=42.68ms, CommunitySearchTime=0.053370s, NMI=0.0000 (std=0.0000), Jaccard=0.7914 (std=0.0481), F1=0.8828 (std=0.0292)
2025-04-21 14:11:53: Total time elapsed - 45.2072s
2025-04-21 14:11:53: Run 9 Summary - model=acmsmn, dataset=cornell, variant=1, structure_info=2, fixed_splits=1.0, Hidden=256, layers=1, hops=3, resnet=0, layer_norm=0, att_hopwise_distinct=0, fuse_hop=mlp, normalization=softmax, online_cs=signed_cs, lambda_pen=1, lambda_2hop=0.5, threshold=0.9, comm_size=20, approach=distinct_hop, lr=0.0100, weight_decay=0.001000, dropout=0.2000, Test_Mean=0.8027, Test_Std=0.0829, runtime_average=4.26s, epoch_average=43.00ms, CommunitySearchTime=0.053289s, NMI=0.0000 (std=0.0000), Jaccard=0.7911 (std=0.0454), F1=0.8827 (std=0.0277)
2025-04-21 14:11:57: Init - Done Proccessing...
2025-04-21 14:12:02: Total time elapsed - 4.9102s
2025-04-21 14:12:02: Run 0 Summary - model=acmsmn, dataset=cornell, variant=1, structure_info=2, fixed_splits=0, Hidden=256, layers=1, hops=3, resnet=0, layer_norm=0, att_hopwise_distinct=0, fuse_hop=mlp, normalization=softmax, online_cs=signed_cs, lambda_pen=1, lambda_2hop=0.5, threshold=0.9, comm_size=20, approach=distinct_hop, lr=0.0100, weight_decay=0.001000, dropout=0.2000, Test_Mean=0.0803, Test_Std=0.2410, runtime_average=0.20s, epoch_average=19.86ms, CommunitySearchTime=0.057646s, NMI=0.0000 (std=nan), Jaccard=0.8811 (std=nan), F1=0.9368 (std=0.0000)
2025-04-21 14:12:07: Total time elapsed - 9.7634s
2025-04-21 14:12:07: Run 1 Summary - model=acmsmn, dataset=cornell, variant=1, structure_info=2, fixed_splits=0, Hidden=256, layers=1, hops=3, resnet=0, layer_norm=0, att_hopwise_distinct=0, fuse_hop=mlp, normalization=softmax, online_cs=signed_cs, lambda_pen=1, lambda_2hop=0.5, threshold=0.9, comm_size=20, approach=distinct_hop, lr=0.0100, weight_decay=0.001000, dropout=0.2000, Test_Mean=0.1557, Test_Std=0.3117, runtime_average=0.68s, epoch_average=34.26ms, CommunitySearchTime=0.058491s, NMI=0.0000 (std=0.0000), Jaccard=0.8784 (std=0.0037), F1=0.9353 (std=0.0015)
2025-04-21 14:12:12: Total time elapsed - 14.5337s
2025-04-21 14:12:12: Run 2 Summary - model=acmsmn, dataset=cornell, variant=1, structure_info=2, fixed_splits=0, Hidden=256, layers=1, hops=3, resnet=0, layer_norm=0, att_hopwise_distinct=0, fuse_hop=mlp, normalization=softmax, online_cs=signed_cs, lambda_pen=1, lambda_2hop=0.5, threshold=0.9, comm_size=20, approach=distinct_hop, lr=0.0100, weight_decay=0.001000, dropout=0.2000, Test_Mean=0.2426, Test_Std=0.3715, runtime_average=1.16s, epoch_average=39.20ms, CommunitySearchTime=0.058162s, NMI=0.0000 (std=0.0000), Jaccard=0.8741 (std=0.0080), F1=0.9328 (std=0.0037)
2025-04-21 14:12:16: Total time elapsed - 19.3127s
2025-04-21 14:12:16: Run 3 Summary - model=acmsmn, dataset=cornell, variant=1, structure_info=2, fixed_splits=0, Hidden=256, layers=1, hops=3, resnet=0, layer_norm=0, att_hopwise_distinct=0, fuse_hop=mlp, normalization=softmax, online_cs=signed_cs, lambda_pen=1, lambda_2hop=0.5, threshold=0.9, comm_size=20, approach=distinct_hop, lr=0.0100, weight_decay=0.001000, dropout=0.2000, Test_Mean=0.3213, Test_Std=0.3944, runtime_average=1.64s, epoch_average=41.42ms, CommunitySearchTime=0.058100s, NMI=0.0000 (std=0.0000), Jaccard=0.8811 (std=0.0155), F1=0.9367 (std=0.0075)
2025-04-21 14:12:21: Total time elapsed - 24.1503s
2025-04-21 14:12:21: Run 4 Summary - model=acmsmn, dataset=cornell, variant=1, structure_info=2, fixed_splits=0, Hidden=256, layers=1, hops=3, resnet=0, layer_norm=0, att_hopwise_distinct=0, fuse_hop=mlp, normalization=softmax, online_cs=signed_cs, lambda_pen=1, lambda_2hop=0.5, threshold=0.9, comm_size=20, approach=distinct_hop, lr=0.0100, weight_decay=0.001000, dropout=0.2000, Test_Mean=0.4016, Test_Std=0.4025, runtime_average=2.12s, epoch_average=42.81ms, CommunitySearchTime=0.058256s, NMI=0.0000 (std=0.0000), Jaccard=0.8796 (std=0.0138), F1=0.9359 (std=0.0069)
2025-04-21 14:12:26: Total time elapsed - 28.9601s
2025-04-21 14:12:26: Run 5 Summary - model=acmsmn, dataset=cornell, variant=1, structure_info=2, fixed_splits=0, Hidden=256, layers=1, hops=3, resnet=0, layer_norm=0, att_hopwise_distinct=0, fuse_hop=mlp, normalization=softmax, online_cs=signed_cs, lambda_pen=1, lambda_2hop=0.5, threshold=0.9, comm_size=20, approach=distinct_hop, lr=0.0100, weight_decay=0.001000, dropout=0.2000, Test_Mean=0.4787, Test_Std=0.3919, runtime_average=2.60s, epoch_average=43.81ms, CommunitySearchTime=0.058294s, NMI=0.0000 (std=0.0000), Jaccard=0.8786 (std=0.0126), F1=0.9354 (std=0.0064)
2025-04-21 14:12:31: Total time elapsed - 33.8789s
2025-04-21 14:12:31: Run 6 Summary - model=acmsmn, dataset=cornell, variant=1, structure_info=2, fixed_splits=0, Hidden=256, layers=1, hops=3, resnet=0, layer_norm=0, att_hopwise_distinct=0, fuse_hop=mlp, normalization=softmax, online_cs=signed_cs, lambda_pen=1, lambda_2hop=0.5, threshold=0.9, comm_size=20, approach=distinct_hop, lr=0.0100, weight_decay=0.001000, dropout=0.2000, Test_Mean=0.5656, Test_Std=0.3719, runtime_average=3.08s, epoch_average=44.49ms, CommunitySearchTime=0.058632s, NMI=0.0000 (std=0.0000), Jaccard=0.8758 (std=0.0137), F1=0.9337 (std=0.0072)
2025-04-21 14:12:36: Total time elapsed - 38.7155s
2025-04-21 14:12:36: Run 7 Summary - model=acmsmn, dataset=cornell, variant=1, structure_info=2, fixed_splits=0, Hidden=256, layers=1, hops=3, resnet=0, layer_norm=0, att_hopwise_distinct=0, fuse_hop=mlp, normalization=softmax, online_cs=signed_cs, lambda_pen=1, lambda_2hop=0.5, threshold=0.9, comm_size=20, approach=distinct_hop, lr=0.0100, weight_decay=0.001000, dropout=0.2000, Test_Mean=0.6557, Test_Std=0.3309, runtime_average=3.58s, epoch_average=45.14ms, CommunitySearchTime=0.058680s, NMI=0.0000 (std=0.0000), Jaccard=0.8759 (std=0.0127), F1=0.9338 (std=0.0067)
2025-04-21 14:12:40: Total time elapsed - 43.5228s
2025-04-21 14:12:40: Run 8 Summary - model=acmsmn, dataset=cornell, variant=1, structure_info=2, fixed_splits=0, Hidden=256, layers=1, hops=3, resnet=0, layer_norm=0, att_hopwise_distinct=0, fuse_hop=mlp, normalization=softmax, online_cs=signed_cs, lambda_pen=1, lambda_2hop=0.5, threshold=0.9, comm_size=20, approach=distinct_hop, lr=0.0100, weight_decay=0.001000, dropout=0.2000, Test_Mean=0.7377, Test_Std=0.2499, runtime_average=4.06s, epoch_average=45.55ms, CommunitySearchTime=0.058661s, NMI=0.0000 (std=0.0000), Jaccard=0.8747 (std=0.0124), F1=0.9332 (std=0.0066)
2025-04-21 14:12:45: Total time elapsed - 48.2185s
2025-04-21 14:12:45: Run 9 Summary - model=acmsmn, dataset=cornell, variant=1, structure_info=2, fixed_splits=0, Hidden=256, layers=1, hops=3, resnet=0, layer_norm=0, att_hopwise_distinct=0, fuse_hop=mlp, normalization=softmax, online_cs=signed_cs, lambda_pen=1, lambda_2hop=0.5, threshold=0.9, comm_size=20, approach=distinct_hop, lr=0.0100, weight_decay=0.001000, dropout=0.2000, Test_Mean=0.8148, Test_Std=0.0470, runtime_average=4.54s, epoch_average=45.85ms, CommunitySearchTime=0.058422s, NMI=0.0000 (std=0.0000), Jaccard=0.8791 (std=0.0180), F1=0.9356 (std=0.0095)
