2025-02-19 01:16:29: Init - Done Proccessing...
2025-02-19 01:16:31: Total time elapsed - 1.9925s
2025-02-19 01:16:31: Run 0 Summary - model=acmsmn, dataset=cornell, variant=1.0, init_layers_X=2, structure_info=2, Hidden=128, lr=0.0500, weight_decay=0.001000, dropout=0.8000, hops=3, resnet=0.0, layer_norm=0.0, att_hopwise_distinct=0.0, fuse_hop=mlp, layers=1, Test_Mean=0.0918, Test_Std=0.2754, runtime_average=0.17s, epoch_average=17.66ms, normalization=local_w, online_cs=sub_cs, lambda_pen=0.5, lambda_2hop=0.5, threshold=0.9, comm_size=20, CommunitySearchTime=0.003759s, NMI=0.0000 (std=nan), Jaccard=0.8632 (std=nan), F1=0.9266 (std=0.0000)
2025-02-19 01:16:33: Total time elapsed - 3.6500s
2025-02-19 01:16:33: Run 1 Summary - model=acmsmn, dataset=cornell, variant=1.0, init_layers_X=2, structure_info=2, Hidden=128, lr=0.0500, weight_decay=0.001000, dropout=0.8000, hops=3, resnet=0.0, layer_norm=0.0, att_hopwise_distinct=0.0, fuse_hop=mlp, layers=1, Test_Mean=0.1770, Test_Std=0.3544, runtime_average=0.34s, epoch_average=17.19ms, normalization=local_w, online_cs=sub_cs, lambda_pen=0.5, lambda_2hop=0.5, threshold=0.9, comm_size=20, CommunitySearchTime=0.004230s, NMI=0.0000 (std=0.0000), Jaccard=0.7984 (std=0.0916), F1=0.8865 (std=0.0401)
2025-02-19 01:16:34: Total time elapsed - 5.1602s
2025-02-19 01:16:34: Run 2 Summary - model=acmsmn, dataset=cornell, variant=1.0, init_layers_X=2, structure_info=2, Hidden=128, lr=0.0500, weight_decay=0.001000, dropout=0.8000, hops=3, resnet=0.0, layer_norm=0.0, att_hopwise_distinct=0.0, fuse_hop=mlp, layers=1, Test_Mean=0.2590, Test_Std=0.3963, runtime_average=0.49s, epoch_average=16.57ms, normalization=local_w, online_cs=sub_cs, lambda_pen=0.5, lambda_2hop=0.5, threshold=0.9, comm_size=20, CommunitySearchTime=0.004346s, NMI=0.0000 (std=0.0000), Jaccard=0.8221 (std=0.0767), F1=0.9011 (std=0.0387)
2025-02-19 01:16:36: Total time elapsed - 6.8017s
2025-02-19 01:16:36: Run 3 Summary - model=acmsmn, dataset=cornell, variant=1.0, init_layers_X=2, structure_info=2, Hidden=128, lr=0.0500, weight_decay=0.001000, dropout=0.8000, hops=3, resnet=0.0, layer_norm=0.0, att_hopwise_distinct=0.0, fuse_hop=mlp, layers=1, Test_Mean=0.3492, Test_Std=0.4284, runtime_average=0.66s, epoch_average=16.56ms, normalization=local_w, online_cs=sub_cs, lambda_pen=0.5, lambda_2hop=0.5, threshold=0.9, comm_size=20, CommunitySearchTime=0.004414s, NMI=0.0000 (std=0.0000), Jaccard=0.8506 (std=0.0845), F1=0.9175 (std=0.0440)
2025-02-19 01:16:38: Total time elapsed - 8.8092s
2025-02-19 01:16:38: Run 4 Summary - model=acmsmn, dataset=cornell, variant=1.0, init_layers_X=2, structure_info=2, Hidden=128, lr=0.0500, weight_decay=0.001000, dropout=0.8000, hops=3, resnet=0.0, layer_norm=0.0, att_hopwise_distinct=0.0, fuse_hop=mlp, layers=1, Test_Mean=0.4377, Test_Std=0.4384, runtime_average=0.86s, epoch_average=17.31ms, normalization=local_w, online_cs=sub_cs, lambda_pen=0.5, lambda_2hop=0.5, threshold=0.9, comm_size=20, CommunitySearchTime=0.004452s, NMI=0.0000 (std=0.0000), Jaccard=0.8543 (std=0.0737), F1=0.9200 (std=0.0396)
2025-02-19 01:16:40: Total time elapsed - 10.7119s
2025-02-19 01:16:40: Run 5 Summary - model=acmsmn, dataset=cornell, variant=1.0, init_layers_X=2, structure_info=2, Hidden=128, lr=0.0500, weight_decay=0.001000, dropout=0.8000, hops=3, resnet=0.0, layer_norm=0.0, att_hopwise_distinct=0.0, fuse_hop=mlp, layers=1, Test_Mean=0.5213, Test_Std=0.4265, runtime_average=1.05s, epoch_average=17.65ms, normalization=local_w, online_cs=sub_cs, lambda_pen=0.5, lambda_2hop=0.5, threshold=0.9, comm_size=20, CommunitySearchTime=0.004423s, NMI=0.0000 (std=0.0000), Jaccard=0.8623 (std=0.0687), F1=0.9248 (std=0.0377)
2025-02-19 01:16:42: Total time elapsed - 12.6188s
2025-02-19 01:16:42: Run 6 Summary - model=acmsmn, dataset=cornell, variant=1.0, init_layers_X=2, structure_info=2, Hidden=128, lr=0.0500, weight_decay=0.001000, dropout=0.8000, hops=3, resnet=0.0, layer_norm=0.0, att_hopwise_distinct=0.0, fuse_hop=mlp, layers=1, Test_Mean=0.6082, Test_Std=0.3991, runtime_average=1.24s, epoch_average=17.90ms, normalization=local_w, online_cs=sub_cs, lambda_pen=0.5, lambda_2hop=0.5, threshold=0.9, comm_size=20, CommunitySearchTime=0.004375s, NMI=0.0000 (std=0.0000), Jaccard=0.8504 (std=0.0702), F1=0.9178 (std=0.0389)
2025-02-19 01:16:43: Total time elapsed - 14.1847s
2025-02-19 01:16:43: Run 7 Summary - model=acmsmn, dataset=cornell, variant=1.0, init_layers_X=2, structure_info=2, Hidden=128, lr=0.0500, weight_decay=0.001000, dropout=0.8000, hops=3, resnet=0.0, layer_norm=0.0, att_hopwise_distinct=0.0, fuse_hop=mlp, layers=1, Test_Mean=0.6934, Test_Std=0.3478, runtime_average=1.40s, epoch_average=17.63ms, normalization=local_w, online_cs=sub_cs, lambda_pen=0.5, lambda_2hop=0.5, threshold=0.9, comm_size=20, CommunitySearchTime=0.004343s, NMI=0.0000 (std=0.0000), Jaccard=0.8563 (std=0.0672), F1=0.9213 (std=0.0376)
2025-02-19 01:16:45: Total time elapsed - 15.6803s
2025-02-19 01:16:45: Run 8 Summary - model=acmsmn, dataset=cornell, variant=1.0, init_layers_X=2, structure_info=2, Hidden=128, lr=0.0500, weight_decay=0.001000, dropout=0.8000, hops=3, resnet=0.0, layer_norm=0.0, att_hopwise_distinct=0.0, fuse_hop=mlp, layers=1, Test_Mean=0.7836, Test_Std=0.2629, runtime_average=1.55s, epoch_average=17.37ms, normalization=local_w, online_cs=sub_cs, lambda_pen=0.5, lambda_2hop=0.5, threshold=0.9, comm_size=20, CommunitySearchTime=0.004280s, NMI=0.0000 (std=0.0000), Jaccard=0.8600 (std=0.0638), F1=0.9236 (std=0.0360)
2025-02-19 01:16:46: Total time elapsed - 17.2118s
2025-02-19 01:16:46: Run 9 Summary - model=acmsmn, dataset=cornell, variant=1.0, init_layers_X=2, structure_info=2, Hidden=128, lr=0.0500, weight_decay=0.001000, dropout=0.8000, hops=3, resnet=0.0, layer_norm=0.0, att_hopwise_distinct=0.0, fuse_hop=mlp, layers=1, Test_Mean=0.8754, Test_Std=0.0330, runtime_average=1.70s, epoch_average=17.14ms, normalization=local_w, online_cs=sub_cs, lambda_pen=0.5, lambda_2hop=0.5, threshold=0.9, comm_size=20, CommunitySearchTime=0.004309s, NMI=0.0000 (std=0.0000), Jaccard=0.8658 (std=0.0629), F1=0.9269 (std=0.0356)
2025-02-19 01:16:51: Init - Done Proccessing...
2025-02-19 01:16:53: Total time elapsed - 2.2401s
2025-02-19 01:16:53: Run 0 Summary - model=acmsmn, dataset=wisconsin, variant=0.0, init_layers_X=2, structure_info=0, Hidden=128, lr=0.0050, weight_decay=0.001000, dropout=0.0000, hops=3, resnet=0.0, layer_norm=0.0, att_hopwise_distinct=0.0, fuse_hop=mlp, layers=1, Test_Mean=0.0875, Test_Std=0.2625, runtime_average=0.19s, epoch_average=18.81ms, normalization=local_w, online_cs=sub_cs, lambda_pen=0.5, lambda_2hop=0.5, threshold=0.9, comm_size=20, CommunitySearchTime=0.006356s, NMI=0.0000 (std=nan), Jaccard=0.9600 (std=nan), F1=0.9796 (std=0.0000)
2025-02-19 01:16:56: Total time elapsed - 4.2840s
2025-02-19 01:16:56: Run 1 Summary - model=acmsmn, dataset=wisconsin, variant=0.0, init_layers_X=2, structure_info=0, Hidden=128, lr=0.0050, weight_decay=0.001000, dropout=0.0000, hops=3, resnet=0.0, layer_norm=0.0, att_hopwise_distinct=0.0, fuse_hop=mlp, layers=1, Test_Mean=0.1750, Test_Std=0.3500, runtime_average=0.41s, epoch_average=20.52ms, normalization=local_w, online_cs=sub_cs, lambda_pen=0.5, lambda_2hop=0.5, threshold=0.9, comm_size=20, CommunitySearchTime=0.005302s, NMI=0.0000 (std=0.0000), Jaccard=0.9621 (std=0.0030), F1=0.9807 (std=0.0011)
2025-02-19 01:16:58: Total time elapsed - 6.9455s
2025-02-19 01:16:58: Run 2 Summary - model=acmsmn, dataset=wisconsin, variant=0.0, init_layers_X=2, structure_info=0, Hidden=128, lr=0.0050, weight_decay=0.001000, dropout=0.0000, hops=3, resnet=0.0, layer_norm=0.0, att_hopwise_distinct=0.0, fuse_hop=mlp, layers=1, Test_Mean=0.2638, Test_Std=0.4029, runtime_average=0.66s, epoch_average=22.32ms, normalization=local_w, online_cs=sub_cs, lambda_pen=0.5, lambda_2hop=0.5, threshold=0.9, comm_size=20, CommunitySearchTime=0.005548s, NMI=0.0000 (std=0.0000), Jaccard=0.9540 (std=0.0141), F1=0.9765 (std=0.0061)
2025-02-19 01:17:00: Total time elapsed - 9.1755s
2025-02-19 01:17:00: Run 3 Summary - model=acmsmn, dataset=wisconsin, variant=0.0, init_layers_X=2, structure_info=0, Hidden=128, lr=0.0050, weight_decay=0.001000, dropout=0.0000, hops=3, resnet=0.0, layer_norm=0.0, att_hopwise_distinct=0.0, fuse_hop=mlp, layers=1, Test_Mean=0.3513, Test_Std=0.4302, runtime_average=0.88s, epoch_average=22.35ms, normalization=local_w, online_cs=sub_cs, lambda_pen=0.5, lambda_2hop=0.5, threshold=0.9, comm_size=20, CommunitySearchTime=0.005715s, NMI=0.0000 (std=0.0000), Jaccard=0.9513 (std=0.0127), F1=0.9750 (std=0.0058)
2025-02-19 01:17:03: Total time elapsed - 11.3265s
2025-02-19 01:17:03: Run 4 Summary - model=acmsmn, dataset=wisconsin, variant=0.0, init_layers_X=2, structure_info=0, Hidden=128, lr=0.0050, weight_decay=0.001000, dropout=0.0000, hops=3, resnet=0.0, layer_norm=0.0, att_hopwise_distinct=0.0, fuse_hop=mlp, layers=1, Test_Mean=0.4400, Test_Std=0.4400, runtime_average=1.11s, epoch_average=22.34ms, normalization=local_w, online_cs=sub_cs, lambda_pen=0.5, lambda_2hop=0.5, threshold=0.9, comm_size=20, CommunitySearchTime=0.005598s, NMI=0.0000 (std=0.0000), Jaccard=0.9598 (std=0.0219), F1=0.9794 (std=0.0101)
2025-02-19 01:17:05: Total time elapsed - 13.3181s
2025-02-19 01:17:05: Run 5 Summary - model=acmsmn, dataset=wisconsin, variant=0.0, init_layers_X=2, structure_info=0, Hidden=128, lr=0.0050, weight_decay=0.001000, dropout=0.0000, hops=3, resnet=0.0, layer_norm=0.0, att_hopwise_distinct=0.0, fuse_hop=mlp, layers=1, Test_Mean=0.5200, Test_Std=0.4252, runtime_average=1.31s, epoch_average=21.98ms, normalization=local_w, online_cs=sub_cs, lambda_pen=0.5, lambda_2hop=0.5, threshold=0.9, comm_size=20, CommunitySearchTime=0.005501s, NMI=0.0000 (std=0.0000), Jaccard=0.9574 (std=0.0205), F1=0.9781 (std=0.0097)
2025-02-19 01:17:07: Total time elapsed - 15.2978s
2025-02-19 01:17:07: Run 6 Summary - model=acmsmn, dataset=wisconsin, variant=0.0, init_layers_X=2, structure_info=0, Hidden=128, lr=0.0050, weight_decay=0.001000, dropout=0.0000, hops=3, resnet=0.0, layer_norm=0.0, att_hopwise_distinct=0.0, fuse_hop=mlp, layers=1, Test_Mean=0.6113, Test_Std=0.4011, runtime_average=1.50s, epoch_average=21.67ms, normalization=local_w, online_cs=sub_cs, lambda_pen=0.5, lambda_2hop=0.5, threshold=0.9, comm_size=20, CommunitySearchTime=0.005482s, NMI=0.0000 (std=0.0000), Jaccard=0.9549 (std=0.0198), F1=0.9768 (std=0.0095)
2025-02-19 01:17:09: Total time elapsed - 17.2645s
2025-02-19 01:17:09: Run 7 Summary - model=acmsmn, dataset=wisconsin, variant=0.0, init_layers_X=2, structure_info=0, Hidden=128, lr=0.0050, weight_decay=0.001000, dropout=0.0000, hops=3, resnet=0.0, layer_norm=0.0, att_hopwise_distinct=0.0, fuse_hop=mlp, layers=1, Test_Mean=0.6988, Test_Std=0.3504, runtime_average=1.70s, epoch_average=21.46ms, normalization=local_w, online_cs=sub_cs, lambda_pen=0.5, lambda_2hop=0.5, threshold=0.9, comm_size=20, CommunitySearchTime=0.005434s, NMI=0.0000 (std=0.0000), Jaccard=0.9568 (std=0.0192), F1=0.9779 (std=0.0093)
2025-02-19 01:17:11: Total time elapsed - 19.2599s
2025-02-19 01:17:11: Run 8 Summary - model=acmsmn, dataset=wisconsin, variant=0.0, init_layers_X=2, structure_info=0, Hidden=128, lr=0.0050, weight_decay=0.001000, dropout=0.0000, hops=3, resnet=0.0, layer_norm=0.0, att_hopwise_distinct=0.0, fuse_hop=mlp, layers=1, Test_Mean=0.7875, Test_Std=0.2639, runtime_average=1.90s, epoch_average=21.31ms, normalization=local_w, online_cs=sub_cs, lambda_pen=0.5, lambda_2hop=0.5, threshold=0.9, comm_size=20, CommunitySearchTime=0.005412s, NMI=0.0000 (std=0.0000), Jaccard=0.9591 (std=0.0191), F1=0.9790 (std=0.0093)
2025-02-19 01:17:12: Total time elapsed - 21.1716s
2025-02-19 01:17:12: Run 9 Summary - model=acmsmn, dataset=wisconsin, variant=0.0, init_layers_X=2, structure_info=0, Hidden=128, lr=0.0050, weight_decay=0.001000, dropout=0.0000, hops=3, resnet=0.0, layer_norm=0.0, att_hopwise_distinct=0.0, fuse_hop=mlp, layers=1, Test_Mean=0.8800, Test_Std=0.0312, runtime_average=2.09s, epoch_average=21.10ms, normalization=local_w, online_cs=sub_cs, lambda_pen=0.5, lambda_2hop=0.5, threshold=0.9, comm_size=20, CommunitySearchTime=0.005419s, NMI=0.0000 (std=0.0000), Jaccard=0.9610 (std=0.0190), F1=0.9800 (std=0.0093)
