2025-03-28 14:32:02: Init - Done Proccessing...
2025-03-28 14:32:07: Total time elapsed - 4.2216s
2025-03-28 14:32:07: Run 0 Summary - model=acmsmn, dataset=texas, variant=1, init_layers_X=2, structure_info=2, Hidden=1024, lr=0.0100, weight_decay=0.001000, dropout=0.2000, hops=9, resnet=0, layer_norm=0, att_hopwise_distinct=0, fuse_hop=mlp, layers=1, Test_Mean=0.0934, Test_Std=0.2803, runtime_average=0.39s, epoch_average=39.24ms, normalization=softmax, online_cs=sub_cs, lambda_pen=1.0, lambda_2hop=0.5, threshold=0.9, comm_size=20, CommunitySearchTime=0.005620s, NMI=0.0000 (std=nan), Jaccard=0.9242 (std=nan), F1=0.9606 (std=0.0000)
2025-03-28 14:32:11: Total time elapsed - 8.1494s
2025-03-28 14:32:11: Run 1 Summary - model=acmsmn, dataset=texas, variant=1, init_layers_X=2, structure_info=2, Hidden=1024, lr=0.0100, weight_decay=0.001000, dropout=0.2000, hops=9, resnet=0, layer_norm=0, att_hopwise_distinct=0, fuse_hop=mlp, layers=1, Test_Mean=0.1869, Test_Std=0.3738, runtime_average=0.79s, epoch_average=39.87ms, normalization=softmax, online_cs=sub_cs, lambda_pen=1.0, lambda_2hop=0.5, threshold=0.9, comm_size=20, CommunitySearchTime=0.005250s, NMI=0.0000 (std=0.0000), Jaccard=0.9005 (std=0.0335), F1=0.9475 (std=0.0131)
2025-03-28 14:32:15: Total time elapsed - 12.0996s
2025-03-28 14:32:15: Run 2 Summary - model=acmsmn, dataset=texas, variant=1, init_layers_X=2, structure_info=2, Hidden=1024, lr=0.0100, weight_decay=0.001000, dropout=0.2000, hops=9, resnet=0, layer_norm=0, att_hopwise_distinct=0, fuse_hop=mlp, layers=1, Test_Mean=0.2770, Test_Std=0.4233, runtime_average=1.18s, epoch_average=39.85ms, normalization=softmax, online_cs=sub_cs, lambda_pen=1.0, lambda_2hop=0.5, threshold=0.9, comm_size=20, CommunitySearchTime=0.005186s, NMI=0.0000 (std=0.0000), Jaccard=0.9116 (std=0.0305), F1=0.9536 (std=0.0137)
2025-03-28 14:32:19: Total time elapsed - 15.9935s
2025-03-28 14:32:19: Run 3 Summary - model=acmsmn, dataset=texas, variant=1, init_layers_X=2, structure_info=2, Hidden=1024, lr=0.0100, weight_decay=0.001000, dropout=0.2000, hops=9, resnet=0, layer_norm=0, att_hopwise_distinct=0, fuse_hop=mlp, layers=1, Test_Mean=0.3672, Test_Std=0.4499, runtime_average=1.58s, epoch_average=39.81ms, normalization=softmax, online_cs=sub_cs, lambda_pen=1.0, lambda_2hop=0.5, threshold=0.9, comm_size=20, CommunitySearchTime=0.004971s, NMI=0.0000 (std=0.0000), Jaccard=0.8876 (std=0.0540), F1=0.9398 (std=0.0266)
2025-03-28 14:32:23: Total time elapsed - 19.9341s
2025-03-28 14:32:23: Run 4 Summary - model=acmsmn, dataset=texas, variant=1, init_layers_X=2, structure_info=2, Hidden=1024, lr=0.0100, weight_decay=0.001000, dropout=0.2000, hops=9, resnet=0, layer_norm=0, att_hopwise_distinct=0, fuse_hop=mlp, layers=1, Test_Mean=0.4541, Test_Std=0.4544, runtime_average=1.97s, epoch_average=39.72ms, normalization=softmax, online_cs=sub_cs, lambda_pen=1.0, lambda_2hop=0.5, threshold=0.9, comm_size=20, CommunitySearchTime=0.005016s, NMI=0.0000 (std=0.0000), Jaccard=0.8695 (std=0.0619), F1=0.9292 (std=0.0318)
2025-03-28 14:32:27: Total time elapsed - 23.8705s
2025-03-28 14:32:27: Run 5 Summary - model=acmsmn, dataset=texas, variant=1, init_layers_X=2, structure_info=2, Hidden=1024, lr=0.0100, weight_decay=0.001000, dropout=0.2000, hops=9, resnet=0, layer_norm=0, att_hopwise_distinct=0, fuse_hop=mlp, layers=1, Test_Mean=0.5459, Test_Std=0.4461, runtime_average=2.36s, epoch_average=39.76ms, normalization=softmax, online_cs=sub_cs, lambda_pen=1.0, lambda_2hop=0.5, threshold=0.9, comm_size=20, CommunitySearchTime=0.004989s, NMI=0.0000 (std=0.0000), Jaccard=0.8731 (std=0.0561), F1=0.9315 (std=0.0295)
2025-03-28 14:32:31: Total time elapsed - 27.8136s
2025-03-28 14:32:31: Run 6 Summary - model=acmsmn, dataset=texas, variant=1, init_layers_X=2, structure_info=2, Hidden=1024, lr=0.0100, weight_decay=0.001000, dropout=0.2000, hops=9, resnet=0, layer_norm=0, att_hopwise_distinct=0, fuse_hop=mlp, layers=1, Test_Mean=0.6344, Test_Std=0.4158, runtime_average=2.75s, epoch_average=39.75ms, normalization=softmax, online_cs=sub_cs, lambda_pen=1.0, lambda_2hop=0.5, threshold=0.9, comm_size=20, CommunitySearchTime=0.005014s, NMI=0.0000 (std=0.0000), Jaccard=0.8789 (std=0.0535), F1=0.9348 (std=0.0285)
2025-03-28 14:32:35: Total time elapsed - 31.7127s
2025-03-28 14:32:35: Run 7 Summary - model=acmsmn, dataset=texas, variant=1, init_layers_X=2, structure_info=2, Hidden=1024, lr=0.0100, weight_decay=0.001000, dropout=0.2000, hops=9, resnet=0, layer_norm=0, att_hopwise_distinct=0, fuse_hop=mlp, layers=1, Test_Mean=0.7197, Test_Std=0.3607, runtime_average=3.15s, epoch_average=39.73ms, normalization=softmax, online_cs=sub_cs, lambda_pen=1.0, lambda_2hop=0.5, threshold=0.9, comm_size=20, CommunitySearchTime=0.004968s, NMI=0.0000 (std=0.0000), Jaccard=0.8831 (std=0.0509), F1=0.9373 (std=0.0274)
2025-03-28 14:32:39: Total time elapsed - 35.6441s
2025-03-28 14:32:39: Run 8 Summary - model=acmsmn, dataset=texas, variant=1, init_layers_X=2, structure_info=2, Hidden=1024, lr=0.0100, weight_decay=0.001000, dropout=0.2000, hops=9, resnet=0, layer_norm=0, att_hopwise_distinct=0, fuse_hop=mlp, layers=1, Test_Mean=0.8082, Test_Std=0.2706, runtime_average=3.54s, epoch_average=39.71ms, normalization=softmax, online_cs=sub_cs, lambda_pen=1.0, lambda_2hop=0.5, threshold=0.9, comm_size=20, CommunitySearchTime=0.004975s, NMI=0.0000 (std=0.0000), Jaccard=0.8885 (std=0.0503), F1=0.9403 (std=0.0273)
2025-03-28 14:32:42: Total time elapsed - 39.5576s
2025-03-28 14:32:42: Run 9 Summary - model=acmsmn, dataset=texas, variant=1, init_layers_X=2, structure_info=2, Hidden=1024, lr=0.0100, weight_decay=0.001000, dropout=0.2000, hops=9, resnet=0, layer_norm=0, att_hopwise_distinct=0, fuse_hop=mlp, layers=1, Test_Mean=0.9016, Test_Std=0.0274, runtime_average=3.93s, epoch_average=39.70ms, normalization=softmax, online_cs=sub_cs, lambda_pen=1.0, lambda_2hop=0.5, threshold=0.9, comm_size=20, CommunitySearchTime=0.004969s, NMI=0.0000 (std=0.0000), Jaccard=0.8913 (std=0.0482), F1=0.9419 (std=0.0263)
2025-03-28 14:32:47: Init - Done Proccessing...
2025-03-28 14:32:52: Total time elapsed - 4.2255s
2025-03-28 14:32:52: Run 0 Summary - model=acmsmn, dataset=texas, variant=1, init_layers_X=2, structure_info=2, Hidden=1024, lr=0.0100, weight_decay=0.001000, dropout=0.2000, hops=9, resnet=0, layer_norm=0, att_hopwise_distinct=0, fuse_hop=mlp, layers=1, Test_Mean=0.0885, Test_Std=0.2656, runtime_average=0.39s, epoch_average=39.24ms, normalization=row_sum, online_cs=sub_cs, lambda_pen=1.0, lambda_2hop=0.5, threshold=0.9, comm_size=20, CommunitySearchTime=0.005706s, NMI=0.0000 (std=nan), Jaccard=0.9116 (std=nan), F1=0.9537 (std=0.0000)
2025-03-28 14:32:56: Total time elapsed - 8.1762s
2025-03-28 14:32:56: Run 1 Summary - model=acmsmn, dataset=texas, variant=1, init_layers_X=2, structure_info=2, Hidden=1024, lr=0.0100, weight_decay=0.001000, dropout=0.2000, hops=9, resnet=0, layer_norm=0, att_hopwise_distinct=0, fuse_hop=mlp, layers=1, Test_Mean=0.1820, Test_Std=0.3641, runtime_average=0.79s, epoch_average=40.07ms, normalization=row_sum, online_cs=sub_cs, lambda_pen=1.0, lambda_2hop=0.5, threshold=0.9, comm_size=20, CommunitySearchTime=0.005163s, NMI=0.0000 (std=0.0000), Jaccard=0.9231 (std=0.0163), F1=0.9600 (std=0.0063)
2025-03-28 14:33:00: Total time elapsed - 12.1418s
2025-03-28 14:33:00: Run 2 Summary - model=acmsmn, dataset=texas, variant=1, init_layers_X=2, structure_info=2, Hidden=1024, lr=0.0100, weight_decay=0.001000, dropout=0.2000, hops=9, resnet=0, layer_norm=0, att_hopwise_distinct=0, fuse_hop=mlp, layers=1, Test_Mean=0.2770, Test_Std=0.4235, runtime_average=1.19s, epoch_average=40.05ms, normalization=row_sum, online_cs=sub_cs, lambda_pen=1.0, lambda_2hop=0.5, threshold=0.9, comm_size=20, CommunitySearchTime=0.005016s, NMI=0.0000 (std=0.0000), Jaccard=0.9295 (std=0.0159), F1=0.9634 (std=0.0070)
2025-03-28 14:33:04: Total time elapsed - 16.0736s
2025-03-28 14:33:04: Run 3 Summary - model=acmsmn, dataset=texas, variant=1, init_layers_X=2, structure_info=2, Hidden=1024, lr=0.0100, weight_decay=0.001000, dropout=0.2000, hops=9, resnet=0, layer_norm=0, att_hopwise_distinct=0, fuse_hop=mlp, layers=1, Test_Mean=0.3705, Test_Std=0.4540, runtime_average=1.58s, epoch_average=40.00ms, normalization=row_sum, online_cs=sub_cs, lambda_pen=1.0, lambda_2hop=0.5, threshold=0.9, comm_size=20, CommunitySearchTime=0.004880s, NMI=0.0000 (std=0.0000), Jaccard=0.9147 (std=0.0322), F1=0.9553 (std=0.0154)
2025-03-28 14:33:08: Total time elapsed - 20.0568s
2025-03-28 14:33:08: Run 4 Summary - model=acmsmn, dataset=texas, variant=1, init_layers_X=2, structure_info=2, Hidden=1024, lr=0.0100, weight_decay=0.001000, dropout=0.2000, hops=9, resnet=0, layer_norm=0, att_hopwise_distinct=0, fuse_hop=mlp, layers=1, Test_Mean=0.4590, Test_Std=0.4594, runtime_average=1.98s, epoch_average=39.97ms, normalization=row_sum, online_cs=sub_cs, lambda_pen=1.0, lambda_2hop=0.5, threshold=0.9, comm_size=20, CommunitySearchTime=0.004936s, NMI=0.0000 (std=0.0000), Jaccard=0.9040 (std=0.0368), F1=0.9493 (std=0.0182)
2025-03-28 14:33:11: Total time elapsed - 23.9864s
2025-03-28 14:33:11: Run 5 Summary - model=acmsmn, dataset=texas, variant=1, init_layers_X=2, structure_info=2, Hidden=1024, lr=0.0100, weight_decay=0.001000, dropout=0.2000, hops=9, resnet=0, layer_norm=0, att_hopwise_distinct=0, fuse_hop=mlp, layers=1, Test_Mean=0.5541, Test_Std=0.4529, runtime_average=2.37s, epoch_average=39.95ms, normalization=row_sum, online_cs=sub_cs, lambda_pen=1.0, lambda_2hop=0.5, threshold=0.9, comm_size=20, CommunitySearchTime=0.004927s, NMI=0.0000 (std=0.0000), Jaccard=0.9074 (std=0.0339), F1=0.9512 (std=0.0172)
2025-03-28 14:33:15: Total time elapsed - 27.9328s
2025-03-28 14:33:15: Run 6 Summary - model=acmsmn, dataset=texas, variant=1, init_layers_X=2, structure_info=2, Hidden=1024, lr=0.0100, weight_decay=0.001000, dropout=0.2000, hops=9, resnet=0, layer_norm=0, att_hopwise_distinct=0, fuse_hop=mlp, layers=1, Test_Mean=0.6443, Test_Std=0.4224, runtime_average=2.77s, epoch_average=39.96ms, normalization=row_sum, online_cs=sub_cs, lambda_pen=1.0, lambda_2hop=0.5, threshold=0.9, comm_size=20, CommunitySearchTime=0.004869s, NMI=0.0000 (std=0.0000), Jaccard=0.9174 (std=0.0409), F1=0.9565 (std=0.0207)
2025-03-28 14:33:19: Total time elapsed - 31.8882s
2025-03-28 14:33:19: Run 7 Summary - model=acmsmn, dataset=texas, variant=1, init_layers_X=2, structure_info=2, Hidden=1024, lr=0.0100, weight_decay=0.001000, dropout=0.2000, hops=9, resnet=0, layer_norm=0, att_hopwise_distinct=0, fuse_hop=mlp, layers=1, Test_Mean=0.7328, Test_Std=0.3672, runtime_average=3.16s, epoch_average=39.93ms, normalization=row_sum, online_cs=sub_cs, lambda_pen=1.0, lambda_2hop=0.5, threshold=0.9, comm_size=20, CommunitySearchTime=0.004887s, NMI=0.0000 (std=0.0000), Jaccard=0.9129 (std=0.0400), F1=0.9541 (std=0.0204)
2025-03-28 14:33:23: Total time elapsed - 35.8186s
2025-03-28 14:33:23: Run 8 Summary - model=acmsmn, dataset=texas, variant=1, init_layers_X=2, structure_info=2, Hidden=1024, lr=0.0100, weight_decay=0.001000, dropout=0.2000, hops=9, resnet=0, layer_norm=0, att_hopwise_distinct=0, fuse_hop=mlp, layers=1, Test_Mean=0.8230, Test_Std=0.2755, runtime_average=3.56s, epoch_average=39.92ms, normalization=row_sum, online_cs=sub_cs, lambda_pen=1.0, lambda_2hop=0.5, threshold=0.9, comm_size=20, CommunitySearchTime=0.004870s, NMI=0.0000 (std=0.0000), Jaccard=0.9152 (std=0.0380), F1=0.9554 (std=0.0196)
2025-03-28 14:33:27: Total time elapsed - 39.7430s
2025-03-28 14:33:27: Run 9 Summary - model=acmsmn, dataset=texas, variant=1, init_layers_X=2, structure_info=2, Hidden=1024, lr=0.0100, weight_decay=0.001000, dropout=0.2000, hops=9, resnet=0, layer_norm=0, att_hopwise_distinct=0, fuse_hop=mlp, layers=1, Test_Mean=0.9131, Test_Std=0.0254, runtime_average=3.95s, epoch_average=39.90ms, normalization=row_sum, online_cs=sub_cs, lambda_pen=1.0, lambda_2hop=0.5, threshold=0.9, comm_size=20, CommunitySearchTime=0.004849s, NMI=0.0000 (std=0.0000), Jaccard=0.9115 (std=0.0377), F1=0.9533 (std=0.0195)
